This is pdfTeX, Version 3.141592653-2.6-1.40.24 (MiKTeX 22.12) (preloaded format=pdflatex 2022.12.14)  14 DEC 2022 17:38
entering extended mode
 restricted \write18 enabled.
 %&-line parsing enabled.
**./ociamthesismain.tex
(ociamthesismain.tex
LaTeX2e <2022-11-01> patch level 1
L3 programming layer <2022-11-02> (ociamthesis.cls
Document Class: ociamthesis 2010/11/22 v2.2 OCIAM thesis class
(C:\Users\NChahare\AppData\Local\Programs\MiKTeX 2.9\tex/latex/base\report.cls
Document Class: report 2022/07/02 v1.4n Standard LaTeX document class
(C:\Users\NChahare\AppData\Local\Programs\MiKTeX 2.9\tex/latex/base\size12.clo
File: size12.clo 2022/07/02 v1.4n Standard LaTeX file (size option)
)
\c@part=\count185
\c@chapter=\count186
\c@section=\count187
\c@subsection=\count188
\c@subsubsection=\count189
\c@paragraph=\count190
\c@subparagraph=\count191
\c@figure=\count192
\c@table=\count193
\abovecaptionskip=\skip48
\belowcaptionskip=\skip49
\bibindent=\dimen140
)
(C:\Users\NChahare\AppData\Local\Programs\MiKTeX 2.9\tex/latex/graphics\graphic
x.sty
Package: graphicx 2021/09/16 v1.2d Enhanced LaTeX Graphics (DPC,SPQR)

(C:\Users\NChahare\AppData\Local\Programs\MiKTeX 2.9\tex/latex/graphics\keyval.
sty
Package: keyval 2022/05/29 v1.15 key=value parser (DPC)
\KV@toks@=\toks16
)
(C:\Users\NChahare\AppData\Local\Programs\MiKTeX 2.9\tex/latex/graphics\graphic
s.sty
Package: graphics 2022/03/10 v1.4e Standard LaTeX Graphics (DPC,SPQR)

(C:\Users\NChahare\AppData\Local\Programs\MiKTeX 2.9\tex/latex/graphics\trig.st
y
Package: trig 2021/08/11 v1.11 sin cos tan (DPC)
)
(C:\Users\NChahare\AppData\Local\Programs\MiKTeX 2.9\tex/latex/graphics-cfg\gra
phics.cfg
File: graphics.cfg 2016/06/04 v1.11 sample graphics configuration
)
Package graphics Info: Driver file: pdftex.def on input line 107.

(C:\Users\NChahare\AppData\Local\Programs\MiKTeX 2.9\tex/latex/graphics-def\pdf
tex.def
File: pdftex.def 2022/09/22 v1.2b Graphics/color driver for pdftex
))
\Gin@req@height=\dimen141
\Gin@req@width=\dimen142
)
(C:\Users\NChahare\AppData\Local\Programs\MiKTeX 2.9\tex/latex/base\ifthen.sty
Package: ifthen 2022/04/13 v1.1d Standard LaTeX ifthen package (DPC)
)
(C:\Users\NChahare\AppData\Local\Programs\MiKTeX 2.9\tex/latex/pgf/frontendlaye
r\tikz.sty
(C:\Users\NChahare\AppData\Local\Programs\MiKTeX 2.9\tex/latex/pgf/basiclayer\p
gf.sty
(C:\Users\NChahare\AppData\Local\Programs\MiKTeX 2.9\tex/latex/pgf/utilities\pg
frcs.sty
(C:\Users\NChahare\AppData\Local\Programs\MiKTeX 2.9\tex/generic/pgf/utilities\
pgfutil-common.tex
\pgfutil@everybye=\toks17
\pgfutil@tempdima=\dimen143
\pgfutil@tempdimb=\dimen144

(C:\Users\NChahare\AppData\Local\Programs\MiKTeX 2.9\tex/generic/pgf/utilities\
pgfutil-common-lists.tex))
(C:\Users\NChahare\AppData\Local\Programs\MiKTeX 2.9\tex/generic/pgf/utilities\
pgfutil-latex.def
\pgfutil@abb=\box51
)
(C:\Users\NChahare\AppData\Local\Programs\MiKTeX 2.9\tex/generic/pgf/utilities\
pgfrcs.code.tex
(C:\Users\NChahare\AppData\Local\Programs\MiKTeX 2.9\tex/generic/pgf\pgf.revisi
on.tex)
Package: pgfrcs 2021/05/15 v3.1.9a (3.1.9a)
))
Package: pgf 2021/05/15 v3.1.9a (3.1.9a)

(C:\Users\NChahare\AppData\Local\Programs\MiKTeX 2.9\tex/latex/pgf/basiclayer\p
gfcore.sty
(C:\Users\NChahare\AppData\Local\Programs\MiKTeX 2.9\tex/latex/pgf/systemlayer\
pgfsys.sty
(C:\Users\NChahare\AppData\Local\Programs\MiKTeX 2.9\tex/generic/pgf/systemlaye
r\pgfsys.code.tex
Package: pgfsys 2021/05/15 v3.1.9a (3.1.9a)

(C:\Users\NChahare\AppData\Local\Programs\MiKTeX 2.9\tex/generic/pgf/utilities\
pgfkeys.code.tex
\pgfkeys@pathtoks=\toks18
\pgfkeys@temptoks=\toks19

(C:\Users\NChahare\AppData\Local\Programs\MiKTeX 2.9\tex/generic/pgf/utilities\
pgfkeysfiltered.code.tex
\pgfkeys@tmptoks=\toks20
))
\pgf@x=\dimen145
\pgf@y=\dimen146
\pgf@xa=\dimen147
\pgf@ya=\dimen148
\pgf@xb=\dimen149
\pgf@yb=\dimen150
\pgf@xc=\dimen151
\pgf@yc=\dimen152
\pgf@xd=\dimen153
\pgf@yd=\dimen154
\w@pgf@writea=\write3
\r@pgf@reada=\read2
\c@pgf@counta=\count194
\c@pgf@countb=\count195
\c@pgf@countc=\count196
\c@pgf@countd=\count197
\t@pgf@toka=\toks21
\t@pgf@tokb=\toks22
\t@pgf@tokc=\toks23
\pgf@sys@id@count=\count198

(C:\Users\NChahare\AppData\Local\Programs\MiKTeX 2.9\tex/generic/pgf/systemlaye
r\pgf.cfg
File: pgf.cfg 2021/05/15 v3.1.9a (3.1.9a)
)
Driver file for pgf: pgfsys-pdftex.def

(C:\Users\NChahare\AppData\Local\Programs\MiKTeX 2.9\tex/generic/pgf/systemlaye
r\pgfsys-pdftex.def
File: pgfsys-pdftex.def 2021/05/15 v3.1.9a (3.1.9a)

(C:\Users\NChahare\AppData\Local\Programs\MiKTeX 2.9\tex/generic/pgf/systemlaye
r\pgfsys-common-pdf.def
File: pgfsys-common-pdf.def 2021/05/15 v3.1.9a (3.1.9a)
)))
(C:\Users\NChahare\AppData\Local\Programs\MiKTeX 2.9\tex/generic/pgf/systemlaye
r\pgfsyssoftpath.code.tex
File: pgfsyssoftpath.code.tex 2021/05/15 v3.1.9a (3.1.9a)
\pgfsyssoftpath@smallbuffer@items=\count199
\pgfsyssoftpath@bigbuffer@items=\count266
)
(C:\Users\NChahare\AppData\Local\Programs\MiKTeX 2.9\tex/generic/pgf/systemlaye
r\pgfsysprotocol.code.tex
File: pgfsysprotocol.code.tex 2021/05/15 v3.1.9a (3.1.9a)
))
(C:\Users\NChahare\AppData\Local\Programs\MiKTeX 2.9\tex/latex/xcolor\xcolor.st
y
Package: xcolor 2022/06/12 v2.14 LaTeX color extensions (UK)

(C:\Users\NChahare\AppData\Local\Programs\MiKTeX 2.9\tex/latex/graphics-cfg\col
or.cfg
File: color.cfg 2016/01/02 v1.6 sample color configuration
)
Package xcolor Info: Driver file: pdftex.def on input line 227.

(C:\Users\NChahare\AppData\Local\Programs\MiKTeX 2.9\tex/latex/graphics\mathcol
or.ltx)
Package xcolor Info: Model `cmy' substituted by `cmy0' on input line 1353.
Package xcolor Info: Model `hsb' substituted by `rgb' on input line 1357.
Package xcolor Info: Model `RGB' extended on input line 1369.
Package xcolor Info: Model `HTML' substituted by `rgb' on input line 1371.
Package xcolor Info: Model `Hsb' substituted by `hsb' on input line 1372.
Package xcolor Info: Model `tHsb' substituted by `hsb' on input line 1373.
Package xcolor Info: Model `HSB' substituted by `hsb' on input line 1374.
Package xcolor Info: Model `Gray' substituted by `gray' on input line 1375.
Package xcolor Info: Model `wave' substituted by `hsb' on input line 1376.
)
(C:\Users\NChahare\AppData\Local\Programs\MiKTeX 2.9\tex/generic/pgf/basiclayer
\pgfcore.code.tex
Package: pgfcore 2021/05/15 v3.1.9a (3.1.9a)

(C:\Users\NChahare\AppData\Local\Programs\MiKTeX 2.9\tex/generic/pgf/math\pgfma
th.code.tex
(C:\Users\NChahare\AppData\Local\Programs\MiKTeX 2.9\tex/generic/pgf/math\pgfma
thcalc.code.tex
(C:\Users\NChahare\AppData\Local\Programs\MiKTeX 2.9\tex/generic/pgf/math\pgfma
thutil.code.tex)
(C:\Users\NChahare\AppData\Local\Programs\MiKTeX 2.9\tex/generic/pgf/math\pgfma
thparser.code.tex
\pgfmath@dimen=\dimen155
\pgfmath@count=\count267
\pgfmath@box=\box52
\pgfmath@toks=\toks24
\pgfmath@stack@operand=\toks25
\pgfmath@stack@operation=\toks26
)
(C:\Users\NChahare\AppData\Local\Programs\MiKTeX 2.9\tex/generic/pgf/math\pgfma
thfunctions.code.tex
(C:\Users\NChahare\AppData\Local\Programs\MiKTeX 2.9\tex/generic/pgf/math\pgfma
thfunctions.basic.code.tex)
(C:\Users\NChahare\AppData\Local\Programs\MiKTeX 2.9\tex/generic/pgf/math\pgfma
thfunctions.trigonometric.code.tex)
(C:\Users\NChahare\AppData\Local\Programs\MiKTeX 2.9\tex/generic/pgf/math\pgfma
thfunctions.random.code.tex)
(C:\Users\NChahare\AppData\Local\Programs\MiKTeX 2.9\tex/generic/pgf/math\pgfma
thfunctions.comparison.code.tex)
(C:\Users\NChahare\AppData\Local\Programs\MiKTeX 2.9\tex/generic/pgf/math\pgfma
thfunctions.base.code.tex)
(C:\Users\NChahare\AppData\Local\Programs\MiKTeX 2.9\tex/generic/pgf/math\pgfma
thfunctions.round.code.tex)
(C:\Users\NChahare\AppData\Local\Programs\MiKTeX 2.9\tex/generic/pgf/math\pgfma
thfunctions.misc.code.tex)
(C:\Users\NChahare\AppData\Local\Programs\MiKTeX 2.9\tex/generic/pgf/math\pgfma
thfunctions.integerarithmetics.code.tex)))
(C:\Users\NChahare\AppData\Local\Programs\MiKTeX 2.9\tex/generic/pgf/math\pgfma
thfloat.code.tex
\c@pgfmathroundto@lastzeros=\count268
))
(C:\Users\NChahare\AppData\Local\Programs\MiKTeX 2.9\tex/generic/pgf/math\pgfin
t.code.tex)
(C:\Users\NChahare\AppData\Local\Programs\MiKTeX 2.9\tex/generic/pgf/basiclayer
\pgfcorepoints.code.tex
File: pgfcorepoints.code.tex 2021/05/15 v3.1.9a (3.1.9a)
\pgf@picminx=\dimen156
\pgf@picmaxx=\dimen157
\pgf@picminy=\dimen158
\pgf@picmaxy=\dimen159
\pgf@pathminx=\dimen160
\pgf@pathmaxx=\dimen161
\pgf@pathminy=\dimen162
\pgf@pathmaxy=\dimen163
\pgf@xx=\dimen164
\pgf@xy=\dimen165
\pgf@yx=\dimen166
\pgf@yy=\dimen167
\pgf@zx=\dimen168
\pgf@zy=\dimen169
)
(C:\Users\NChahare\AppData\Local\Programs\MiKTeX 2.9\tex/generic/pgf/basiclayer
\pgfcorepathconstruct.code.tex
File: pgfcorepathconstruct.code.tex 2021/05/15 v3.1.9a (3.1.9a)
\pgf@path@lastx=\dimen170
\pgf@path@lasty=\dimen171
)
(C:\Users\NChahare\AppData\Local\Programs\MiKTeX 2.9\tex/generic/pgf/basiclayer
\pgfcorepathusage.code.tex
File: pgfcorepathusage.code.tex 2021/05/15 v3.1.9a (3.1.9a)
\pgf@shorten@end@additional=\dimen172
\pgf@shorten@start@additional=\dimen173
)
(C:\Users\NChahare\AppData\Local\Programs\MiKTeX 2.9\tex/generic/pgf/basiclayer
\pgfcorescopes.code.tex
File: pgfcorescopes.code.tex 2021/05/15 v3.1.9a (3.1.9a)
\pgfpic=\box53
\pgf@hbox=\box54
\pgf@layerbox@main=\box55
\pgf@picture@serial@count=\count269
)
(C:\Users\NChahare\AppData\Local\Programs\MiKTeX 2.9\tex/generic/pgf/basiclayer
\pgfcoregraphicstate.code.tex
File: pgfcoregraphicstate.code.tex 2021/05/15 v3.1.9a (3.1.9a)
\pgflinewidth=\dimen174
)
(C:\Users\NChahare\AppData\Local\Programs\MiKTeX 2.9\tex/generic/pgf/basiclayer
\pgfcoretransformations.code.tex
File: pgfcoretransformations.code.tex 2021/05/15 v3.1.9a (3.1.9a)
\pgf@pt@x=\dimen175
\pgf@pt@y=\dimen176
\pgf@pt@temp=\dimen177
)
(C:\Users\NChahare\AppData\Local\Programs\MiKTeX 2.9\tex/generic/pgf/basiclayer
\pgfcorequick.code.tex
File: pgfcorequick.code.tex 2021/05/15 v3.1.9a (3.1.9a)
)
(C:\Users\NChahare\AppData\Local\Programs\MiKTeX 2.9\tex/generic/pgf/basiclayer
\pgfcoreobjects.code.tex
File: pgfcoreobjects.code.tex 2021/05/15 v3.1.9a (3.1.9a)
)
(C:\Users\NChahare\AppData\Local\Programs\MiKTeX 2.9\tex/generic/pgf/basiclayer
\pgfcorepathprocessing.code.tex
File: pgfcorepathprocessing.code.tex 2021/05/15 v3.1.9a (3.1.9a)
)
(C:\Users\NChahare\AppData\Local\Programs\MiKTeX 2.9\tex/generic/pgf/basiclayer
\pgfcorearrows.code.tex
File: pgfcorearrows.code.tex 2021/05/15 v3.1.9a (3.1.9a)
\pgfarrowsep=\dimen178
)
(C:\Users\NChahare\AppData\Local\Programs\MiKTeX 2.9\tex/generic/pgf/basiclayer
\pgfcoreshade.code.tex
File: pgfcoreshade.code.tex 2021/05/15 v3.1.9a (3.1.9a)
\pgf@max=\dimen179
\pgf@sys@shading@range@num=\count270
\pgf@shadingcount=\count271
)
(C:\Users\NChahare\AppData\Local\Programs\MiKTeX 2.9\tex/generic/pgf/basiclayer
\pgfcoreimage.code.tex
File: pgfcoreimage.code.tex 2021/05/15 v3.1.9a (3.1.9a)

(C:\Users\NChahare\AppData\Local\Programs\MiKTeX 2.9\tex/generic/pgf/basiclayer
\pgfcoreexternal.code.tex
File: pgfcoreexternal.code.tex 2021/05/15 v3.1.9a (3.1.9a)
\pgfexternal@startupbox=\box56
))
(C:\Users\NChahare\AppData\Local\Programs\MiKTeX 2.9\tex/generic/pgf/basiclayer
\pgfcorelayers.code.tex
File: pgfcorelayers.code.tex 2021/05/15 v3.1.9a (3.1.9a)
)
(C:\Users\NChahare\AppData\Local\Programs\MiKTeX 2.9\tex/generic/pgf/basiclayer
\pgfcoretransparency.code.tex
File: pgfcoretransparency.code.tex 2021/05/15 v3.1.9a (3.1.9a)
)
(C:\Users\NChahare\AppData\Local\Programs\MiKTeX 2.9\tex/generic/pgf/basiclayer
\pgfcorepatterns.code.tex
File: pgfcorepatterns.code.tex 2021/05/15 v3.1.9a (3.1.9a)
)
(C:\Users\NChahare\AppData\Local\Programs\MiKTeX 2.9\tex/generic/pgf/basiclayer
\pgfcorerdf.code.tex
File: pgfcorerdf.code.tex 2021/05/15 v3.1.9a (3.1.9a)
)))
(C:\Users\NChahare\AppData\Local\Programs\MiKTeX 2.9\tex/generic/pgf/modules\pg
fmoduleshapes.code.tex
File: pgfmoduleshapes.code.tex 2021/05/15 v3.1.9a (3.1.9a)
\pgfnodeparttextbox=\box57
)
(C:\Users\NChahare\AppData\Local\Programs\MiKTeX 2.9\tex/generic/pgf/modules\pg
fmoduleplot.code.tex
File: pgfmoduleplot.code.tex 2021/05/15 v3.1.9a (3.1.9a)
)
(C:\Users\NChahare\AppData\Local\Programs\MiKTeX 2.9\tex/latex/pgf/compatibilit
y\pgfcomp-version-0-65.sty
Package: pgfcomp-version-0-65 2021/05/15 v3.1.9a (3.1.9a)
\pgf@nodesepstart=\dimen180
\pgf@nodesepend=\dimen181
)
(C:\Users\NChahare\AppData\Local\Programs\MiKTeX 2.9\tex/latex/pgf/compatibilit
y\pgfcomp-version-1-18.sty
Package: pgfcomp-version-1-18 2021/05/15 v3.1.9a (3.1.9a)
))
(C:\Users\NChahare\AppData\Local\Programs\MiKTeX 2.9\tex/latex/pgf/utilities\pg
ffor.sty
(C:\Users\NChahare\AppData\Local\Programs\MiKTeX 2.9\tex/latex/pgf/utilities\pg
fkeys.sty
(C:\Users\NChahare\AppData\Local\Programs\MiKTeX 2.9\tex/generic/pgf/utilities\
pgfkeys.code.tex))
(C:\Users\NChahare\AppData\Local\Programs\MiKTeX 2.9\tex/latex/pgf/math\pgfmath
.sty
(C:\Users\NChahare\AppData\Local\Programs\MiKTeX 2.9\tex/generic/pgf/math\pgfma
th.code.tex))
(C:\Users\NChahare\AppData\Local\Programs\MiKTeX 2.9\tex/generic/pgf/utilities\
pgffor.code.tex
Package: pgffor 2021/05/15 v3.1.9a (3.1.9a)

(C:\Users\NChahare\AppData\Local\Programs\MiKTeX 2.9\tex/generic/pgf/math\pgfma
th.code.tex)
\pgffor@iter=\dimen182
\pgffor@skip=\dimen183
\pgffor@stack=\toks27
\pgffor@toks=\toks28
))
(C:\Users\NChahare\AppData\Local\Programs\MiKTeX 2.9\tex/generic/pgf/frontendla
yer/tikz\tikz.code.tex
Package: tikz 2021/05/15 v3.1.9a (3.1.9a)

(C:\Users\NChahare\AppData\Local\Programs\MiKTeX 2.9\tex/generic/pgf/libraries\
pgflibraryplothandlers.code.tex
File: pgflibraryplothandlers.code.tex 2021/05/15 v3.1.9a (3.1.9a)
\pgf@plot@mark@count=\count272
\pgfplotmarksize=\dimen184
)
\tikz@lastx=\dimen185
\tikz@lasty=\dimen186
\tikz@lastxsaved=\dimen187
\tikz@lastysaved=\dimen188
\tikz@lastmovetox=\dimen189
\tikz@lastmovetoy=\dimen190
\tikzleveldistance=\dimen191
\tikzsiblingdistance=\dimen192
\tikz@figbox=\box58
\tikz@figbox@bg=\box59
\tikz@tempbox=\box60
\tikz@tempbox@bg=\box61
\tikztreelevel=\count273
\tikznumberofchildren=\count274
\tikznumberofcurrentchild=\count275
\tikz@fig@count=\count276

(C:\Users\NChahare\AppData\Local\Programs\MiKTeX 2.9\tex/generic/pgf/modules\pg
fmodulematrix.code.tex
File: pgfmodulematrix.code.tex 2021/05/15 v3.1.9a (3.1.9a)
\pgfmatrixcurrentrow=\count277
\pgfmatrixcurrentcolumn=\count278
\pgf@matrix@numberofcolumns=\count279
)
\tikz@expandcount=\count280

(C:\Users\NChahare\AppData\Local\Programs\MiKTeX 2.9\tex/generic/pgf/frontendla
yer/tikz/libraries\tikzlibrarytopaths.code.tex
File: tikzlibrarytopaths.code.tex 2021/05/15 v3.1.9a (3.1.9a)
)))
(C:\Users\NChahare\AppData\Local\Programs\MiKTeX 2.9\tex/generic/pgf/frontendla
yer/tikz/libraries\tikzlibraryfadings.code.tex
File: tikzlibraryfadings.code.tex 2021/05/15 v3.1.9a (3.1.9a)

(C:\Users\NChahare\AppData\Local\Programs\MiKTeX 2.9\tex/generic/pgf/libraries\
pgflibraryfadings.code.tex
File: pgflibraryfadings.code.tex 2021/05/15 v3.1.9a (3.1.9a)
)))
(C:\Users\NChahare\AppData\Local\Programs\MiKTeX 2.9\tex/latex/amsfonts\amssymb
.sty
Package: amssymb 2013/01/14 v3.01 AMS font symbols

(C:\Users\NChahare\AppData\Local\Programs\MiKTeX 2.9\tex/latex/amsfonts\amsfont
s.sty
Package: amsfonts 2013/01/14 v3.01 Basic AMSFonts support
\@emptytoks=\toks29
\symAMSa=\mathgroup4
\symAMSb=\mathgroup5
LaTeX Font Info:    Redeclaring math symbol \hbar on input line 98.
LaTeX Font Info:    Overwriting math alphabet `\mathfrak' in version `bold'
(Font)                  U/euf/m/n --> U/euf/b/n on input line 106.
))
(C:\Users\NChahare\AppData\Local\Programs\MiKTeX 2.9\tex/latex/pstricks\pstrick
s.sty
Package: pstricks 2022/19/23 v0.72 LaTeX wrapper for `PSTricks' (RN,HV)

(C:\Users\NChahare\AppData\Local\Programs\MiKTeX 2.9\tex/generic/iftex\iftex.st
y
Package: iftex 2022/02/03 v1.0f TeX engine tests
)
(C:\Users\NChahare\AppData\Local\Programs\MiKTeX 2.9\tex/generic/xkeyval\pst-xk
ey.tex
File: pst-xkey.tex 2005/11/25 v1.6 PSTricks specialization of xkeyval (HA)

(C:\Users\NChahare\AppData\Local\Programs\MiKTeX 2.9\tex/latex/xkeyval\xkeyval.
sty
Package: xkeyval 2022/06/16 v2.9 package option processing (HA)

(C:\Users\NChahare\AppData\Local\Programs\MiKTeX 2.9\tex/generic/xkeyval\xkeyva
l.tex
(C:\Users\NChahare\AppData\Local\Programs\MiKTeX 2.9\tex/generic/xkeyval\xkvuti
ls.tex
\XKV@toks=\toks30
\XKV@tempa@toks=\toks31
)
\XKV@depth=\count281
File: xkeyval.tex 2014/12/03 v2.7a key=value parser (HA)
)))
(C:\Users\NChahare\AppData\Local\Programs\MiKTeX 2.9\tex/generic/pstricks\pstri
cks.tex
(C:\Users\NChahare\AppData\Local\Programs\MiKTeX 2.9\tex/generic/pstricks\pst-f
p.tex `pst-fp' v0.06, 2020/11/20 (hv)
\pstFP@xs=\count282
\pstFP@xia=\count283
\pstFP@xib=\count284
\pstFP@xfa=\count285
\pstFP@xfb=\count286
\pstFP@rega=\count287
\pstFP@regb=\count288
\pstFP@regs=\count289
\pstFP@times=\count290
)
\psLoopIndex=\count291

`PSTricks' v3.18  <2022/11/28> (tvz,hv)
\pst@dima=\dimen193
\pst@dimb=\dimen194
\pst@dimc=\dimen195
\pst@dimd=\dimen196
\pst@dimg=\dimen197
\pst@dimh=\dimen198
\pst@dimm=\dimen199
\pst@dimn=\dimen256
\pst@dimo=\dimen257
\pst@dimp=\dimen258
\pst@hbox=\box62
\pst@ibox=\box63
\pst@boxg=\box64
\pst@cnta=\count292
\pst@cntb=\count293
\pst@cntc=\count294
\pst@cntd=\count295
\pst@cntg=\count296
\pst@cnth=\count297
\pst@cntm=\count298
\pst@cntn=\count299
\pst@cnto=\count300
\pst@cntp=\count301
\@zero=\count302
\pst@toks=\toks32
--- We are running latex or xelatex ---

(C:\Users\NChahare\AppData\Local\Programs\MiKTeX 2.9\tex/generic/pstricks\pstri
cks.con)
(C:\Users\NChahare\AppData\Local\Programs\MiKTeX 2.9\tex/generic/pstricks\pstri
cks-color.tex)
\psunit=\dimen259
\psxunit=\dimen260
\psyunit=\dimen261
\pst@C@@rType=\count303
\pslinewidth=\dimen262
\psk@startLW=\dimen263
\psk@endLW=\dimen264

(C:\Users\NChahare\AppData\Local\Programs\MiKTeX 2.9\tex/generic/pstricks\pstri
cks-arrows.tex
\pshooklength=\dimen265
\pshookwidth=\dimen266
)
\pst@customdefs=\toks33

(C:\Users\NChahare\AppData\Local\Programs\MiKTeX 2.9\tex/generic/pstricks\pstri
cks-dots.tex)
\pslinearc=\dimen267
\pst@symbolStep=\dimen268
\pst@symbolWidth=\dimen269
\pst@symbolLinewidth=\dimen270
\everypsbox=\toks34
\psframesep=\dimen271
\pslabelsep=\dimen272
\sh@wgridXunit=\dimen273
\sh@wgridYunit=\dimen274
\pst@shift=\dimen275
\ps@imagectr=\count304

(C:\Users\NChahare\AppData\Local\Programs\MiKTeX 2.9\tex/generic/pstricks\pstri
cks.con))
File: pstricks.tex 2022/11/28 v3.18 `PSTricks' (tvz,hv)

(C:\Users\NChahare\AppData\Local\Programs\MiKTeX 2.9\tex/generic/pstricks\pst-f
p.tex `pst-fp' v0.06, 2020/11/20 (hv))
File: pst-fp.tex 2020/11/20 v0.06 `PST-fp' (hv)
)
(C:\Users\NChahare\AppData\Local\Programs\MiKTeX 2.9\tex/latex/moreverb\morever
b.sty
Package: moreverb 2008/06/03 v2.3a `more' verbatim facilities

(C:\Users\NChahare\AppData\Local\Programs\MiKTeX 2.9\tex/latex/tools\verbatim.s
ty
Package: verbatim 2020-07-07 v1.5u LaTeX2e package for verbatim enhancements
\every@verbatim=\toks35
\verbatim@line=\toks36
\verbatim@in@stream=\read3
)
\tab@position=\count305
\tab@size=\count306
\listing@line=\count307
)
(C:\Users\NChahare\AppData\Local\Programs\MiKTeX 2.9\tex/latex/subfigure\subfig
ure.sty
Package: subfigure 2002/07/30 v2.1.4 subfigure package
\subfigtopskip=\skip50
\subfigcapskip=\skip51
\subfigcaptopadj=\dimen276
\subfigbottomskip=\skip52
\subfigcapmargin=\dimen277
\subfiglabelskip=\skip53
\c@subfigure=\count308
\c@lofdepth=\count309
\c@subtable=\count310
\c@lotdepth=\count311

****************************************
* Local config file subfigure.cfg used *
****************************************

(C:\Users\NChahare\AppData\Local\Programs\MiKTeX 2.9\tex/latex/subfigure\subfig
ure.cfg)
\subfig@top=\skip54
\subfig@bottom=\skip55
)
(C:\Users\NChahare\AppData\Local\Programs\MiKTeX 2.9\tex/latex/graphics\epsfig.
sty
Package: epsfig 2017/06/25 v1.7b (e)psfig emulation (SPQR)
\epsfxsize=\dimen278
\epsfysize=\dimen279
)
(C:\Users\NChahare\AppData\Local\Programs\MiKTeX 2.9\tex/latex/lipsum\lipsum.st
y
(C:\Users\NChahare\AppData\Local\Programs\MiKTeX 2.9\tex/latex/l3packages/l3key
s2e\l3keys2e.sty
(C:\Users\NChahare\AppData\Local\Programs\MiKTeX 2.9\tex/latex/l3kernel\expl3.s
ty
Package: expl3 2022-11-02 L3 programming layer (loader) 

(C:\Users\NChahare\AppData\Local\Programs\MiKTeX 2.9\tex/latex/l3backend\l3back
end-pdftex.def
File: l3backend-pdftex.def 2022-10-26 L3 backend support: PDF output (pdfTeX)
\l__color_backend_stack_int=\count312
\l__pdf_internal_box=\box65
))
Package: l3keys2e 2022-06-22 LaTeX2e option processing using LaTeX3 keys
)
Package: lipsum 2021-09-20 v2.7 150 paragraphs of Lorem Ipsum dummy text
\g__lipsum_par_int=\count313
\l__lipsum_a_int=\count314
\l__lipsum_b_int=\count315

(C:\Users\NChahare\AppData\Local\Programs\MiKTeX 2.9\tex/latex/lipsum\lipsum.lt
d.tex))
(C:\Users\NChahare\AppData\Local\Programs\MiKTeX 2.9\tex/latex/ragged2e\ragged2
e.sty
Package: ragged2e 2022/11/13 v3.2 ragged2e Package
\CenteringLeftskip=\skip56
\RaggedLeftLeftskip=\skip57
\RaggedRightLeftskip=\skip58
\CenteringRightskip=\skip59
\RaggedLeftRightskip=\skip60
\RaggedRightRightskip=\skip61
\CenteringParfillskip=\skip62
\RaggedLeftParfillskip=\skip63
\RaggedRightParfillskip=\skip64
\JustifyingParfillskip=\skip65
\CenteringParindent=\skip66
\RaggedLeftParindent=\skip67
\RaggedRightParindent=\skip68
\JustifyingParindent=\skip69
) (hangcaption.sty
\captionwidth=\skip70
)
(C:\Users\NChahare\AppData\Local\Programs\MiKTeX 2.9\tex/latex/psnfss\palatino.
sty
Package: palatino 2020/03/25 PSNFSS-v9.3 (SPQR) 
)
(C:\Users\NChahare\AppData\Local\Programs\MiKTeX 2.9\tex/latex/amsmath\amsmath.
sty
Package: amsmath 2022/04/08 v2.17n AMS math features
\@mathmargin=\skip71

For additional information on amsmath, use the `?' option.

(C:\Users\NChahare\AppData\Local\Programs\MiKTeX 2.9\tex/latex/amsmath\amstext.
sty
Package: amstext 2021/08/26 v2.01 AMS text

(C:\Users\NChahare\AppData\Local\Programs\MiKTeX 2.9\tex/latex/amsmath\amsgen.s
ty
File: amsgen.sty 1999/11/30 v2.0 generic functions
\@emptytoks=\toks37
\ex@=\dimen280
))
(C:\Users\NChahare\AppData\Local\Programs\MiKTeX 2.9\tex/latex/amsmath\amsbsy.s
ty
Package: amsbsy 1999/11/29 v1.2d Bold Symbols
\pmbraise@=\dimen281
)
(C:\Users\NChahare\AppData\Local\Programs\MiKTeX 2.9\tex/latex/amsmath\amsopn.s
ty
Package: amsopn 2022/04/08 v2.04 operator names
)
\inf@bad=\count316
LaTeX Info: Redefining \frac on input line 234.
\uproot@=\count317
\leftroot@=\count318
LaTeX Info: Redefining \overline on input line 399.
LaTeX Info: Redefining \colon on input line 410.
\classnum@=\count319
\DOTSCASE@=\count320
LaTeX Info: Redefining \ldots on input line 496.
LaTeX Info: Redefining \dots on input line 499.
LaTeX Info: Redefining \cdots on input line 620.
\Mathstrutbox@=\box66
\strutbox@=\box67
LaTeX Info: Redefining \big on input line 722.
LaTeX Info: Redefining \Big on input line 723.
LaTeX Info: Redefining \bigg on input line 724.
LaTeX Info: Redefining \Bigg on input line 725.
\big@size=\dimen282
LaTeX Font Info:    Redeclaring font encoding OML on input line 743.
LaTeX Font Info:    Redeclaring font encoding OMS on input line 744.
\macc@depth=\count321
LaTeX Info: Redefining \bmod on input line 905.
LaTeX Info: Redefining \pmod on input line 910.
LaTeX Info: Redefining \smash on input line 940.
LaTeX Info: Redefining \relbar on input line 970.
LaTeX Info: Redefining \Relbar on input line 971.
\c@MaxMatrixCols=\count322
\dotsspace@=\muskip16
\c@parentequation=\count323
\dspbrk@lvl=\count324
\tag@help=\toks38
\row@=\count325
\column@=\count326
\maxfields@=\count327
\andhelp@=\toks39
\eqnshift@=\dimen283
\alignsep@=\dimen284
\tagshift@=\dimen285
\tagwidth@=\dimen286
\totwidth@=\dimen287
\lineht@=\dimen288
\@envbody=\toks40
\multlinegap=\skip72
\multlinetaggap=\skip73
\mathdisplay@stack=\toks41
LaTeX Info: Redefining \[ on input line 2953.
LaTeX Info: Redefining \] on input line 2954.
)
(C:\Users\NChahare\AppData\Local\Programs\MiKTeX 2.9\tex/latex/algorithmicx\alg
pseudocode.sty
Package: algpseudocode 

(C:\Users\NChahare\AppData\Local\Programs\MiKTeX 2.9\tex/latex/algorithmicx\alg
orithmicx.sty
Package: algorithmicx 2005/04/27 v1.2 Algorithmicx

Document Style algorithmicx 1.2 - a greatly improved `algorithmic' style
\c@ALG@line=\count328
\c@ALG@rem=\count329
\c@ALG@nested=\count330
\ALG@tlm=\skip74
\ALG@thistlm=\skip75
\c@ALG@Lnr=\count331
\c@ALG@blocknr=\count332
\c@ALG@storecount=\count333
\c@ALG@tmpcounter=\count334
\ALG@tmplength=\skip76
)
Document Style - pseudocode environments for use with the `algorithmicx' style
)
(C:\Users\NChahare\AppData\Local\Programs\MiKTeX 2.9\tex/latex/comment\comment.
sty
\CommentStream=\write4
 Excluding comment 'comment')
(C:\Users\NChahare\AppData\Local\Programs\MiKTeX 2.9\tex/latex/tools\bm.sty
Package: bm 2022/01/05 v1.2f Bold Symbol Support (DPC/FMi)
\symboldoperators=\mathgroup6
\symboldletters=\mathgroup7
\symboldsymbols=\mathgroup8
Package bm Info: No bold for \OMX/cmex/m/n, using \pmb.
Package bm Info: No bold for \U/msa/m/n, using \pmb.
Package bm Info: No bold for \U/msb/m/n, using \pmb.
LaTeX Font Info:    Redeclaring math alphabet \mathbf on input line 149.
)
(C:\Users\NChahare\AppData\Local\Programs\MiKTeX 2.9\tex/latex/units\nicefrac.s
ty
Package: nicefrac 1998/08/04 v0.9b Nice fractions
\L@UnitsRaiseDisplaystyle=\skip77
\L@UnitsRaiseTextstyle=\skip78
\L@UnitsRaiseScriptstyle=\skip79
)
(C:\Users\NChahare\AppData\Local\Programs\MiKTeX 2.9\tex/latex/hyperref\hyperre
f.sty
Package: hyperref 2022-11-13 v7.00u Hypertext links for LaTeX

(C:\Users\NChahare\AppData\Local\Programs\MiKTeX 2.9\tex/generic/ltxcmds\ltxcmd
s.sty
Package: ltxcmds 2020-05-10 v1.25 LaTeX kernel commands for general use (HO)
)
(C:\Users\NChahare\AppData\Local\Programs\MiKTeX 2.9\tex/generic/pdftexcmds\pdf
texcmds.sty
Package: pdftexcmds 2020-06-27 v0.33 Utility functions of pdfTeX for LuaTeX (HO
)

(C:\Users\NChahare\AppData\Local\Programs\MiKTeX 2.9\tex/generic/infwarerr\infw
arerr.sty
Package: infwarerr 2019/12/03 v1.5 Providing info/warning/error messages (HO)
)
Package pdftexcmds Info: \pdf@primitive is available.
Package pdftexcmds Info: \pdf@ifprimitive is available.
Package pdftexcmds Info: \pdfdraftmode found.
)
(C:\Users\NChahare\AppData\Local\Programs\MiKTeX 2.9\tex/latex/kvsetkeys\kvsetk
eys.sty
Package: kvsetkeys 2022-10-05 v1.19 Key value parser (HO)
)
(C:\Users\NChahare\AppData\Local\Programs\MiKTeX 2.9\tex/generic/kvdefinekeys\k
vdefinekeys.sty
Package: kvdefinekeys 2019-12-19 v1.6 Define keys (HO)
)
(C:\Users\NChahare\AppData\Local\Programs\MiKTeX 2.9\tex/generic/pdfescape\pdfe
scape.sty
Package: pdfescape 2019/12/09 v1.15 Implements pdfTeX's escape features (HO)
)
(C:\Users\NChahare\AppData\Local\Programs\MiKTeX 2.9\tex/latex/hycolor\hycolor.
sty
Package: hycolor 2020-01-27 v1.10 Color options for hyperref/bookmark (HO)
)
(C:\Users\NChahare\AppData\Local\Programs\MiKTeX 2.9\tex/latex/letltxmacro\letl
txmacro.sty
Package: letltxmacro 2019/12/03 v1.6 Let assignment for LaTeX macros (HO)
)
(C:\Users\NChahare\AppData\Local\Programs\MiKTeX 2.9\tex/latex/auxhook\auxhook.
sty
Package: auxhook 2019-12-17 v1.6 Hooks for auxiliary files (HO)
)
(C:\Users\NChahare\AppData\Local\Programs\MiKTeX 2.9\tex/latex/hyperref\nameref
.sty
Package: nameref 2022-05-17 v2.50 Cross-referencing by name of section

(C:\Users\NChahare\AppData\Local\Programs\MiKTeX 2.9\tex/latex/refcount\refcoun
t.sty
Package: refcount 2019/12/15 v3.6 Data extraction from label references (HO)
)
(C:\Users\NChahare\AppData\Local\Programs\MiKTeX 2.9\tex/generic/gettitlestring
\gettitlestring.sty
Package: gettitlestring 2019/12/15 v1.6 Cleanup title references (HO)

(C:\Users\NChahare\AppData\Local\Programs\MiKTeX 2.9\tex/latex/kvoptions\kvopti
ons.sty
Package: kvoptions 2022-06-15 v3.15 Key value format for package options (HO)
))
\c@section@level=\count335
)
\@linkdim=\dimen289
\Hy@linkcounter=\count336
\Hy@pagecounter=\count337

(C:\Users\NChahare\AppData\Local\Programs\MiKTeX 2.9\tex/latex/hyperref\pd1enc.
def
File: pd1enc.def 2022-11-13 v7.00u Hyperref: PDFDocEncoding definition (HO)
Now handling font encoding PD1 ...
... no UTF-8 mapping file for font encoding PD1
)
(C:\Users\NChahare\AppData\Local\Programs\MiKTeX 2.9\tex/generic/intcalc\intcal
c.sty
Package: intcalc 2019/12/15 v1.3 Expandable calculations with integers (HO)
)
(C:\Users\NChahare\AppData\Local\Programs\MiKTeX 2.9\tex/generic/etexcmds\etexc
mds.sty
Package: etexcmds 2019/12/15 v1.7 Avoid name clashes with e-TeX commands (HO)
)
\Hy@SavedSpaceFactor=\count338

(C:\Users\NChahare\AppData\Local\Programs\MiKTeX 2.9\tex/latex/hyperref\puenc.d
ef
File: puenc.def 2022-11-13 v7.00u Hyperref: PDF Unicode definition (HO)
Now handling font encoding PU ...
... no UTF-8 mapping file for font encoding PU
)
Package hyperref Info: Hyper figures OFF on input line 4162.
Package hyperref Info: Link nesting OFF on input line 4167.
Package hyperref Info: Hyper index ON on input line 4170.
Package hyperref Info: Plain pages OFF on input line 4177.
Package hyperref Info: Backreferencing OFF on input line 4182.
Package hyperref Info: Implicit mode ON; LaTeX internals redefined.
Package hyperref Info: Bookmarks ON on input line 4410.
\c@Hy@tempcnt=\count339
 (C:\Users\NChahare\AppData\Local\Programs\MiKTeX 2.9\tex/latex/url\url.sty
\Urlmuskip=\muskip17
Package: url 2013/09/16  ver 3.4  Verb mode for urls, etc.
)
LaTeX Info: Redefining \url on input line 4748.
\XeTeXLinkMargin=\dimen290

(C:\Users\NChahare\AppData\Local\Programs\MiKTeX 2.9\tex/generic/bitset\bitset.
sty
Package: bitset 2019/12/09 v1.3 Handle bit-vector datatype (HO)

(C:\Users\NChahare\AppData\Local\Programs\MiKTeX 2.9\tex/generic/bigintcalc\big
intcalc.sty
Package: bigintcalc 2019/12/15 v1.5 Expandable calculations on big integers (HO
)
))
\Fld@menulength=\count340
\Field@Width=\dimen291
\Fld@charsize=\dimen292
Package hyperref Info: Hyper figures OFF on input line 6027.
Package hyperref Info: Link nesting OFF on input line 6032.
Package hyperref Info: Hyper index ON on input line 6035.
Package hyperref Info: backreferencing OFF on input line 6042.
Package hyperref Info: Link coloring OFF on input line 6047.
Package hyperref Info: Link coloring with OCG OFF on input line 6052.
Package hyperref Info: PDF/A mode OFF on input line 6057.

(C:\Users\NChahare\AppData\Local\Programs\MiKTeX 2.9\tex/latex/base\atbegshi-lt
x.sty
Package: atbegshi-ltx 2021/01/10 v1.0c Emulation of the original atbegshi
package with kernel methods
)
\Hy@abspage=\count341
\c@Item=\count342
\c@Hfootnote=\count343
)
Package hyperref Info: Driver (autodetected): hpdftex.

(C:\Users\NChahare\AppData\Local\Programs\MiKTeX 2.9\tex/latex/hyperref\hpdftex
.def
File: hpdftex.def 2022-11-13 v7.00u Hyperref driver for pdfTeX

(C:\Users\NChahare\AppData\Local\Programs\MiKTeX 2.9\tex/latex/base\atveryend-l
tx.sty
Package: atveryend-ltx 2020/08/19 v1.0a Emulation of the original atveryend pac
kage
with kernel methods
)
\Fld@listcount=\count344
\c@bookmark@seq@number=\count345

(C:\Users\NChahare\AppData\Local\Programs\MiKTeX 2.9\tex/latex/rerunfilecheck\r
erunfilecheck.sty
Package: rerunfilecheck 2022-07-10 v1.10 Rerun checks for auxiliary files (HO)

(C:\Users\NChahare\AppData\Local\Programs\MiKTeX 2.9\tex/generic/uniquecounter\
uniquecounter.sty
Package: uniquecounter 2019/12/15 v1.4 Provide unlimited unique counter (HO)
)
Package uniquecounter Info: New unique counter `rerunfilecheck' on input line 2
85.
)
\Hy@SectionHShift=\skip80
)
(C:\Users\NChahare\AppData\Local\Programs\MiKTeX 2.9\tex/latex/threeparttable\t
hreeparttable.sty
Package: threeparttable 2003/06/13  v 3.0
\@tempboxb=\box68
)
(C:\Users\NChahare\AppData\Local\Programs\MiKTeX 2.9\tex/latex/algorithm2e\algo
rithm2e.sty
Package: algorithm2e 2017/07/18 v5.2 algorithms environments
\c@AlgoLine=\count346
\algocf@hangindent=\skip81

(C:\Users\NChahare\AppData\Local\Programs\MiKTeX 2.9\tex/latex/ifoddpage\ifoddp
age.sty
Package: ifoddpage 2022/10/18 v1.2 Conditionals for odd/even page detection
\c@checkoddpage=\count347
)
(C:\Users\NChahare\AppData\Local\Programs\MiKTeX 2.9\tex/latex/tools\xspace.sty
Package: xspace 2014/10/28 v1.13 Space after command names (DPC,MH)
)
(C:\Users\NChahare\AppData\Local\Programs\MiKTeX 2.9\tex/latex/relsize\relsize.
sty
Package: relsize 2013/03/29 ver 4.1
)
\skiptotal=\skip82
\skiplinenumber=\skip83
\skiprule=\skip84
\skiphlne=\skip85
\skiptext=\skip86
\skiplength=\skip87
\algomargin=\skip88
\skipalgocfslide=\skip89
\algowidth=\dimen293
\inoutsize=\dimen294
\inoutindent=\dimen295
\interspacetitleruled=\dimen296
\interspacealgoruled=\dimen297
\interspacetitleboxruled=\dimen298
\algocf@ruledwidth=\skip90
\algocf@inoutbox=\box69
\algocf@inputbox=\box70
\AlCapSkip=\skip91
\AlCapHSkip=\skip92
\algoskipindent=\skip93
\algocf@nlbox=\box71
\algocf@hangingbox=\box72
\algocf@untilbox=\box73
\algocf@skipuntil=\skip94
\algocf@capbox=\box74
\algocf@lcaptionbox=\skip95
\algoheightruledefault=\skip96
\algoheightrule=\skip97
\algotitleheightruledefault=\skip98
\algotitleheightrule=\skip99
\c@algocfline=\count348
\c@algocfproc=\count349
\c@algocf=\count350
\algocf@algoframe=\box75
\algocf@algobox=\box76
)
(C:\Users\NChahare\AppData\Local\Programs\MiKTeX 2.9\tex/generic/soul\soul.sty
Package: soul 2003/11/17 v2.4 letterspacing/underlining (mf)
\SOUL@word=\toks42
\SOUL@lasttoken=\toks43
\SOUL@cmds=\toks44
\SOUL@buffer=\toks45
\SOUL@token=\toks46
\SOUL@spaceskip=\skip100
\SOUL@ttwidth=\dimen299
\SOUL@uldp=\dimen300
\SOUL@ulht=\dimen301
)
(C:\Users\NChahare\AppData\Local\Programs\MiKTeX 2.9\tex/latex/tcolorbox\tcolor
box.sty
Package: tcolorbox 2022/06/24 version 5.1.1 text color boxes

(C:\Users\NChahare\AppData\Local\Programs\MiKTeX 2.9\tex/latex/environ\environ.
sty
Package: environ 2014/05/04 v0.3 A new way to define environments

(C:\Users\NChahare\AppData\Local\Programs\MiKTeX 2.9\tex/latex/trimspaces\trims
paces.sty
Package: trimspaces 2009/09/17 v1.1 Trim spaces around a token list
))
(C:\Users\NChahare\AppData\Local\Programs\MiKTeX 2.9\tex/latex/etoolbox\etoolbo
x.sty
Package: etoolbox 2020/10/05 v2.5k e-TeX tools for LaTeX (JAW)
\etb@tempcnta=\count351
)
\tcb@titlebox=\box77
\tcb@upperbox=\box78
\tcb@lowerbox=\box79
\tcb@phantombox=\box80
\c@tcbbreakpart=\count352
\c@tcblayer=\count353
\c@tcolorbox@number=\count354
\tcb@temp=\box81
\tcb@temp=\box82
\tcb@temp=\box83
\tcb@temp=\box84

(C:\Users\NChahare\AppData\Local\Programs\MiKTeX 2.9\tex/latex/tcolorbox\tcbbre
akable.code.tex
Library (tcolorbox): 'tcbbreakable.code.tex' version '5.1.1'

(C:\Users\NChahare\AppData\Local\Programs\MiKTeX 2.9\tex/latex/pdfcol\pdfcol.st
y
Package: pdfcol 2022-09-21 v1.7 Handle new color stacks for pdfTeX (HO)
)
Package pdfcol Info: New color stack `tcb@breakable' = 1 on input line 23.
\tcb@testbox=\box85
\tcb@totalupperbox=\box86
\tcb@totallowerbox=\box87
)
(C:\Users\NChahare\AppData\Local\Programs\MiKTeX 2.9\tex/latex/tcolorbox\tcbthe
orems.code.tex
Library (tcolorbox): 'tcbtheorems.code.tex' version '5.1.1'
)
(C:\Users\NChahare\AppData\Local\Programs\MiKTeX 2.9\tex/latex/tcolorbox\tcbski
ns.code.tex
Library (tcolorbox): 'tcbskins.code.tex' version '5.1.1'
\tcb@waterbox=\box88

(C:\Users\NChahare\AppData\Local\Programs\MiKTeX 2.9\tex/latex/tcolorbox\tcbski
nsjigsaw.code.tex
Library (tcolorbox): 'tcbskinsjigsaw.code.tex' version '5.1.1'
)))
Package hyperref Info: Option `colorlinks' set `true' on input line 107.

(C:\Users\NChahare\AppData\Local\Programs\MiKTeX 2.9\tex/latex/lineno\lineno.st
y
Package: lineno 2022/07/30 line numbers on paragraphs v5.0
\linenopenalty=\count355
\output=\toks47
\linenoprevgraf=\count356
\linenumbersep=\dimen302
\linenumberwidth=\dimen303
\c@linenumber=\count357
\c@pagewiselinenumber=\count358
\c@LN@truepage=\count359
\c@internallinenumber=\count360
\c@internallinenumbers=\count361
\quotelinenumbersep=\dimen304
\bframerule=\dimen305
\bframesep=\dimen306
\bframebox=\box89
\linenoamsmath@ams@eqpen=\count362
LaTeX Info: Redefining \\ on input line 3114.
)
(C:\Users\NChahare\AppData\Local\Programs\MiKTeX 2.9\tex/latex/caption\caption.
sty
Package: caption 2022/03/01 v3.6b Customizing captions (AR)

(C:\Users\NChahare\AppData\Local\Programs\MiKTeX 2.9\tex/latex/caption\caption3
.sty
Package: caption3 2022/03/17 v2.3b caption3 kernel (AR)
\caption@tempdima=\dimen307
\captionmargin=\dimen308
\caption@leftmargin=\dimen309
\caption@rightmargin=\dimen310
\caption@width=\dimen311
\caption@indent=\dimen312
\caption@parindent=\dimen313
\caption@hangindent=\dimen314
Package caption Info: Standard document class detected.
)
\c@caption@flags=\count363
\c@continuedfloat=\count364
Package caption Info: hyperref package is loaded.
Package caption Info: subfigure package is loaded.
Package caption Info: threeparttable package is loaded.
)
(C:\Users\NChahare\AppData\Local\Programs\MiKTeX 2.9\tex/latex/cjk\CJKutf8.sty
Package: CJKutf8 2021/10/16 4.8.5

(C:\Users\NChahare\AppData\Local\Programs\MiKTeX 2.9\tex/generic/iftex\ifpdf.st
y
Package: ifpdf 2019/10/25 v3.4 ifpdf legacy package. Use iftex instead.
)
(C:\Users\NChahare\AppData\Local\Programs\MiKTeX 2.9\tex/latex/base\inputenc.st
y
Package: inputenc 2021/02/14 v1.3d Input encoding file
\inpenc@prehook=\toks48
\inpenc@posthook=\toks49
) (C:\Users\NChahare\AppData\Local\Programs\MiKTeX 2.9\tex/latex/cjk\CJK.sty
Package: CJK 2021/10/16 4.8.5

(C:\Users\NChahare\AppData\Local\Programs\MiKTeX 2.9\tex/latex/cjk/mule\MULEenc
.sty
Package: MULEenc 2021/10/16 4.8.5
)
(C:\Users\NChahare\AppData\Local\Programs\MiKTeX 2.9\tex/latex/cjk\CJK.enc
File: CJK.enc 2021/10/16 4.8.5
Now handling font encoding C00 ...
... no UTF-8 mapping file for font encoding C00
Now handling font encoding C05 ...
... no UTF-8 mapping file for font encoding C05
Now handling font encoding C09 ...
... no UTF-8 mapping file for font encoding C09
Now handling font encoding C10 ...
... no UTF-8 mapping file for font encoding C10
Now handling font encoding C20 ...
... no UTF-8 mapping file for font encoding C20
Now handling font encoding C19 ...
... no UTF-8 mapping file for font encoding C19
Now handling font encoding C40 ...
... no UTF-8 mapping file for font encoding C40
Now handling font encoding C42 ...
... no UTF-8 mapping file for font encoding C42
Now handling font encoding C43 ...
... no UTF-8 mapping file for font encoding C43
Now handling font encoding C50 ...
... no UTF-8 mapping file for font encoding C50
Now handling font encoding C52 ...
... no UTF-8 mapping file for font encoding C52
Now handling font encoding C49 ...
... no UTF-8 mapping file for font encoding C49
Now handling font encoding C60 ...
... no UTF-8 mapping file for font encoding C60
Now handling font encoding C61 ...
... no UTF-8 mapping file for font encoding C61
Now handling font encoding C63 ...
... no UTF-8 mapping file for font encoding C63
Now handling font encoding C64 ...
... no UTF-8 mapping file for font encoding C64
Now handling font encoding C65 ...
... no UTF-8 mapping file for font encoding C65
Now handling font encoding C70 ...
... no UTF-8 mapping file for font encoding C70
Now handling font encoding C31 ...
... no UTF-8 mapping file for font encoding C31
Now handling font encoding C32 ...
... no UTF-8 mapping file for font encoding C32
Now handling font encoding C33 ...
... no UTF-8 mapping file for font encoding C33
Now handling font encoding C34 ...
... no UTF-8 mapping file for font encoding C34
Now handling font encoding C35 ...
... no UTF-8 mapping file for font encoding C35
Now handling font encoding C36 ...
... no UTF-8 mapping file for font encoding C36
Now handling font encoding C37 ...
... no UTF-8 mapping file for font encoding C37
Now handling font encoding C80 ...
... no UTF-8 mapping file for font encoding C80
Now handling font encoding C81 ...
... no UTF-8 mapping file for font encoding C81
Now handling font encoding C01 ...
... no UTF-8 mapping file for font encoding C01
Now handling font encoding C11 ...
... no UTF-8 mapping file for font encoding C11
Now handling font encoding C21 ...
... no UTF-8 mapping file for font encoding C21
Now handling font encoding C41 ...
... no UTF-8 mapping file for font encoding C41
Now handling font encoding C62 ...
... no UTF-8 mapping file for font encoding C62
)
\CJK@indent=\box90
)
(C:\Users\NChahare\AppData\Local\Programs\MiKTeX 2.9\tex/latex/base\fontenc.sty
Package: fontenc 2021/04/29 v2.0v Standard LaTeX package
LaTeX Font Info:    Trying to load font information for OT1+ppl on input line 1
12.

(C:\Users\NChahare\AppData\Local\Programs\MiKTeX 2.9\tex/latex/psnfss\ot1ppl.fd
File: ot1ppl.fd 2001/06/04 font definitions for OT1/ppl.
)))
(C:\Users\NChahare\AppData\Local\Programs\MiKTeX 2.9\tex/latex/natbib\natbib.st
y
Package: natbib 2010/09/13 8.31b (PWD, AO)
\bibhang=\skip101
\bibsep=\skip102
LaTeX Info: Redefining \cite on input line 694.
\c@NAT@ctr=\count365
)
(C:\Users\NChahare\AppData\Local\Programs\MiKTeX 2.9\tex/generic/babel\babel.st
y
Package: babel 2022/11/30 3.83 The Babel package
\babel@savecnt=\count366
\U@D=\dimen315
\l@unhyphenated=\language83

(C:\Users\NChahare\AppData\Local\Programs\MiKTeX 2.9\tex/generic/babel\txtbabel
.def)
\bbl@readstream=\read4
\bbl@dirlevel=\count367

*************************************
* Local config file bblopts.cfg used
*

(C:\Users\NChahare\AppData\Local\Programs\MiKTeX 2.9\tex/latex/arabi\bblopts.cf
g
File: bblopts.cfg 2005/09/08 v0.1 add Arabic and Farsi to "declared" options of
 babel
)
(C:\Users\NChahare\AppData\Local\Programs\MiKTeX 2.9\tex/latex/babel-english\en
glish.ldf
Language: english 2017/06/06 v3.3r English support from the babel system
Package babel Info: Hyphen rules for 'canadian' set to \l@english
(babel)             (\language0). Reported on input line 102.
Package babel Info: Hyphen rules for 'australian' set to \l@ukenglish
(babel)             (\language77). Reported on input line 105.
Package babel Info: Hyphen rules for 'newzealand' set to \l@ukenglish
(babel)             (\language77). Reported on input line 108.
))
(C:\Users\NChahare\AppData\Local\Programs\MiKTeX 2.9\tex/generic/babel/locale/e
n\babel-english.tex
Package babel Info: Importing font and identification data for english
(babel)             from babel-en.ini. Reported on input line 11.
)
(C:\Users\NChahare\AppData\Local\Programs\MiKTeX 2.9\tex/latex/fancyhdr\fancyhd
r.sty
Package: fancyhdr 2022/11/09 v4.1 Extensive control of page headers and footers

\f@nch@headwidth=\skip103
\f@nch@O@elh=\skip104
\f@nch@O@erh=\skip105
\f@nch@O@olh=\skip106
\f@nch@O@orh=\skip107
\f@nch@O@elf=\skip108
\f@nch@O@erf=\skip109
\f@nch@O@olf=\skip110
\f@nch@O@orf=\skip111
)
(C:\Users\NChahare\AppData\Local\Programs\MiKTeX 2.9\tex/latex/enumitem\enumite
m.sty
Package: enumitem 2019/06/20 v3.9 Customized lists
\labelindent=\skip112
\enit@outerparindent=\dimen316
\enit@toks=\toks50
\enit@inbox=\box91
\enit@count@id=\count368
\enitdp@description=\count369
)
(C:\Users\NChahare\AppData\Local\Programs\MiKTeX 2.9\tex/latex/appendix\appendi
x.sty
Package: appendix 2020/02/08 v1.2c extra appendix facilities
\c@@pps=\count370
\c@@ppsavesec=\count371
\c@@ppsaveapp=\count372
) (ociamthesismain.aux (dedication.aux) (acknowledgements.aux)
(abstract.aux) (chapter1.aux) (chapter2.aux) (appendix1.aux))
\openout1 = `ociamthesismain.aux'.

LaTeX Font Info:    Checking defaults for OML/cmm/m/it on input line 199.
LaTeX Font Info:    ... okay on input line 199.
LaTeX Font Info:    Checking defaults for OMS/cmsy/m/n on input line 199.
LaTeX Font Info:    ... okay on input line 199.
LaTeX Font Info:    Checking defaults for OT1/cmr/m/n on input line 199.
LaTeX Font Info:    ... okay on input line 199.
LaTeX Font Info:    Checking defaults for T1/cmr/m/n on input line 199.
LaTeX Font Info:    ... okay on input line 199.
LaTeX Font Info:    Checking defaults for TS1/cmr/m/n on input line 199.
LaTeX Font Info:    ... okay on input line 199.
LaTeX Font Info:    Checking defaults for OMX/cmex/m/n on input line 199.
LaTeX Font Info:    ... okay on input line 199.
LaTeX Font Info:    Checking defaults for U/cmr/m/n on input line 199.
LaTeX Font Info:    ... okay on input line 199.
LaTeX Font Info:    Checking defaults for PD1/pdf/m/n on input line 199.
LaTeX Font Info:    ... okay on input line 199.
LaTeX Font Info:    Checking defaults for PU/pdf/m/n on input line 199.
LaTeX Font Info:    ... okay on input line 199.
LaTeX Font Info:    Checking defaults for C00/song/m/n on input line 199.
LaTeX Font Info:    ... okay on input line 199.
LaTeX Font Info:    Checking defaults for C05/song/m/n on input line 199.
LaTeX Font Info:    ... okay on input line 199.
LaTeX Font Info:    Checking defaults for C09/song/m/n on input line 199.
LaTeX Font Info:    ... okay on input line 199.
LaTeX Font Info:    Checking defaults for C10/song/m/n on input line 199.
LaTeX Font Info:    ... okay on input line 199.
LaTeX Font Info:    Checking defaults for C20/song/m/n on input line 199.
LaTeX Font Info:    ... okay on input line 199.
LaTeX Font Info:    Checking defaults for C19/song/m/n on input line 199.
LaTeX Font Info:    ... okay on input line 199.
LaTeX Font Info:    Checking defaults for C40/song/m/n on input line 199.
LaTeX Font Info:    ... okay on input line 199.
LaTeX Font Info:    Checking defaults for C42/song/m/n on input line 199.
LaTeX Font Info:    ... okay on input line 199.
LaTeX Font Info:    Checking defaults for C43/song/m/n on input line 199.
LaTeX Font Info:    ... okay on input line 199.
LaTeX Font Info:    Checking defaults for C50/song/m/n on input line 199.
LaTeX Font Info:    ... okay on input line 199.
LaTeX Font Info:    Checking defaults for C52/song/m/n on input line 199.
LaTeX Font Info:    ... okay on input line 199.
LaTeX Font Info:    Checking defaults for C49/song/m/n on input line 199.
LaTeX Font Info:    ... okay on input line 199.
LaTeX Font Info:    Checking defaults for C60/mj/m/n on input line 199.
LaTeX Font Info:    ... okay on input line 199.
LaTeX Font Info:    Checking defaults for C61/mj/m/n on input line 199.
LaTeX Font Info:    ... okay on input line 199.
LaTeX Font Info:    Checking defaults for C63/mj/m/n on input line 199.
LaTeX Font Info:    ... okay on input line 199.
LaTeX Font Info:    Checking defaults for C64/mj/m/n on input line 199.
LaTeX Font Info:    ... okay on input line 199.
LaTeX Font Info:    Checking defaults for C65/mj/m/n on input line 199.
LaTeX Font Info:    ... okay on input line 199.
LaTeX Font Info:    Checking defaults for C70/song/m/n on input line 199.
LaTeX Font Info:    ... okay on input line 199.
LaTeX Font Info:    Checking defaults for C31/song/m/n on input line 199.
LaTeX Font Info:    ... okay on input line 199.
LaTeX Font Info:    Checking defaults for C32/song/m/n on input line 199.
LaTeX Font Info:    ... okay on input line 199.
LaTeX Font Info:    Checking defaults for C33/song/m/n on input line 199.
LaTeX Font Info:    ... okay on input line 199.
LaTeX Font Info:    Checking defaults for C34/song/m/n on input line 199.
LaTeX Font Info:    ... okay on input line 199.
LaTeX Font Info:    Checking defaults for C35/song/m/n on input line 199.
LaTeX Font Info:    ... okay on input line 199.
LaTeX Font Info:    Checking defaults for C36/song/m/n on input line 199.
LaTeX Font Info:    ... okay on input line 199.
LaTeX Font Info:    Checking defaults for C37/song/m/n on input line 199.
LaTeX Font Info:    ... okay on input line 199.
LaTeX Font Info:    Checking defaults for C80/song/m/n on input line 199.
LaTeX Font Info:    ... okay on input line 199.
LaTeX Font Info:    Checking defaults for C81/song/m/n on input line 199.
LaTeX Font Info:    ... okay on input line 199.
LaTeX Font Info:    Checking defaults for C01/song/m/n on input line 199.
LaTeX Font Info:    ... okay on input line 199.
LaTeX Font Info:    Checking defaults for C11/song/m/n on input line 199.
LaTeX Font Info:    ... okay on input line 199.
LaTeX Font Info:    Checking defaults for C21/song/m/n on input line 199.
LaTeX Font Info:    ... okay on input line 199.
LaTeX Font Info:    Checking defaults for C41/song/m/n on input line 199.
LaTeX Font Info:    ... okay on input line 199.
LaTeX Font Info:    Checking defaults for C62/song/m/n on input line 199.
LaTeX Font Info:    ... okay on input line 199.

(C:\Users\NChahare\AppData\Local\Programs\MiKTeX 2.9\tex/context/base/mkii\supp
-pdf.mkii
[Loading MPS to PDF converter (version 2006.09.02).]
\scratchcounter=\count373
\scratchdimen=\dimen317
\scratchbox=\box92
\nofMPsegments=\count374
\nofMParguments=\count375
\everyMPshowfont=\toks51
\MPscratchCnt=\count376
\MPscratchDim=\dimen318
\MPnumerator=\count377
\makeMPintoPDFobject=\count378
\everyMPtoPDFconversion=\toks52
)
(C:\Users\NChahare\AppData\Local\Programs\MiKTeX 2.9\tex/latex/epstopdf-pkg\eps
topdf-base.sty
Package: epstopdf-base 2020-01-24 v2.11 Base part for package epstopdf

(C:\Users\NChahare\AppData\Local\Programs\MiKTeX 2.9\tex/latex/grfext\grfext.st
y
Package: grfext 2019/12/03 v1.3 Manage graphics extensions (HO)
)
Package epstopdf-base Info: Redefining graphics rule for `.eps' on input line 4
85.
Package grfext Info: Graphics extension search list:
(grfext)             [.pdf,.png,.jpg,.mps,.jpeg,.jbig2,.jb2,.PDF,.PNG,.JPG,.JPE
G,.JBIG2,.JB2,.eps]
(grfext)             \AppendGraphicsExtensions on input line 504.

(C:\Users\NChahare\AppData\Local\Programs\MiKTeX 2.9\tex/latex/00miktex\epstopd
f-sys.cfg
File: epstopdf-sys.cfg 2021/03/18 v2.0 Configuration of epstopdf for MiKTeX
))
Package hyperref Info: Link coloring ON on input line 199.
 (ociamthesismain.out) (ociamthesismain.out)
\@outlinefile=\write5
\openout5 = `ociamthesismain.out'.

Package caption Info: Begin \AtBeginDocument code.
Package caption Info: End \AtBeginDocument code.
<upclogo.pdf, id=165, 587.19376pt x 591.20876pt>
File: upclogo.pdf Graphic file (type pdf)
<use upclogo.pdf>
Package pdftex.def Info: upclogo.pdf  used on input line 211.
(pdftex.def)             Requested size: 56.9055pt x 57.29305pt.

! Undefined control sequence.
\HyOrg@maketitle ...ge \vspace *{1ex} {{\@college 
                                                  } \par } \par \par \vspace...
l.211 \include
              {dedication}        % include a dedication.tex file
The control sequence at the end of the top line
of your error message was never \def'ed. If you have
misspelled it (e.g., `\hobx'), type `I' and the correct
spelling (e.g., `I\hbox'). Otherwise just continue,
and I'll forget about whatever was undefined.

[1
Non-PDF special ignored!
<special> header=pstricks.pro
Non-PDF special ignored!
<special> header=pst-algparser.pro
Non-PDF special ignored!
<special> header=pst-tools.pro
Non-PDF special ignored!
<special> header=pst-dots.pro

Non-PDF special ignored!
<special> ps: /pssetRGBcolor /setrgbcolor load def /pssetCMYKcolor /setcmyk...
Non-PDF special ignored!
<special> ps:tx@Dict begin  gsave STV CP T /ps@rot 0 def grestore  end
Non-PDF special ignored!
<special> ps:tx@Dict begin  gsave STV CP T /ps@refangle 0.  def grestore  e...
Non-PDF special ignored!
<special> ps:0.8 setlinewidth 0 setgray

{C:/Users/NChahare/AppData/Local/MiKTeX/2.9/fonts/map/pdftex/pdftex.map} <./upc
logo.pdf>]
\openout2 = `dedication.aux'.

 (dedication.tex [2


])
\openout2 = `acknowledgements.aux'.

 (acknowledgements.tex [3




])
\openout2 = `abstract.aux'.

 (abstract.tex
[4




]) (ociamthesismain.toc
LaTeX Font Info:    Trying to load font information for U+msa on input line 13.


(C:\Users\NChahare\AppData\Local\Programs\MiKTeX 2.9\tex/latex/amsfonts\umsa.fd
File: umsa.fd 2013/01/14 v3.01 AMS symbols A
)
LaTeX Font Info:    Trying to load font information for U+msb on input line 13.


(C:\Users\NChahare\AppData\Local\Programs\MiKTeX 2.9\tex/latex/amsfonts\umsb.fd
File: umsb.fd 2013/01/14 v3.01 AMS symbols B
) [1




])
\tf@toc=\write6
\openout6 = `ociamthesismain.toc'.



Package fancyhdr Warning: \headheight is too small (12.0pt): 
(fancyhdr)                Make it at least 14.49998pt, for example:
(fancyhdr)                \setlength{\headheight}{14.49998pt}.
(fancyhdr)                You might also make \topmargin smaller to compensate:

(fancyhdr)                \addtolength{\topmargin}{-2.49998pt}.

[2] (ociamthesismain.lof)
\tf@lof=\write7
\openout7 = `ociamthesismain.lof'.

 [3

]
pdfTeX warning (ext4): destination with the same identifier (name{page.1}) has 
been already used, duplicate ignored
<to be read again> 
                   \relax 
l.221 \part{Introduction}
                          [1


]
\openout2 = `chapter1.aux'.

 (chapter1.tex

Package fancyhdr Warning: \headheight is too small (12.0pt): 
(fancyhdr)                Make it at least 14.49998pt, for example:
(fancyhdr)                \setlength{\headheight}{14.49998pt}.
(fancyhdr)                You might also make \topmargin smaller to compensate:

(fancyhdr)                \addtolength{\topmargin}{-2.49998pt}.


pdfTeX warning (ext4): destination with the same identifier (name{page.2}) has 
been already used, duplicate ignored
<to be read again> 
                   \relax 
l.16 ...ithelial tissue}\label{epithelial-tissue}}
                                                   [2

]
Chapter 1.

pdfTeX warning (ext4): destination with the same identifier (name{page.3}) has 
been already used, duplicate ignored
<to be read again> 
                   \relax 
l.56 
      [3

]

Package fancyhdr Warning: \headheight is too small (12.0pt): 
(fancyhdr)                Make it at least 14.49998pt, for example:
(fancyhdr)                \setlength{\headheight}{14.49998pt}.
(fancyhdr)                You might also make \topmargin smaller to compensate:

(fancyhdr)                \addtolength{\topmargin}{-2.49998pt}.


pdfTeX warning (ext4): destination with the same identifier (name{page.4}) has 
been already used, duplicate ignored
<to be read again> 
                   \relax 
l.105 
       [4]

Package fancyhdr Warning: \headheight is too small (12.0pt): 
(fancyhdr)                Make it at least 14.49998pt, for example:
(fancyhdr)                \setlength{\headheight}{14.49998pt}.
(fancyhdr)                You might also make \topmargin smaller to compensate:

(fancyhdr)                \addtolength{\topmargin}{-2.49998pt}.

[5])

Package fancyhdr Warning: \headheight is too small (12.0pt): 
(fancyhdr)                Make it at least 14.49998pt, for example:
(fancyhdr)                \setlength{\headheight}{14.49998pt}.
(fancyhdr)                You might also make \topmargin smaller to compensate:

(fancyhdr)                \addtolength{\topmargin}{-2.49998pt}.

[6]

Package fancyhdr Warning: \headheight is too small (12.0pt): 
(fancyhdr)                Make it at least 14.49998pt, for example:
(fancyhdr)                \setlength{\headheight}{14.49998pt}.
(fancyhdr)                You might also make \topmargin smaller to compensate:

(fancyhdr)                \addtolength{\topmargin}{-2.49998pt}.

[7]
\openout2 = `chapter2.aux'.

 (chapter2.tex
Chapter 2.
[8




]
Overfull \hbox (7.97604pt too wide) in paragraph at lines 66--75
\OT1/ppl/m/n/12 worth Thomp-son's clas-si-cal text ``On Growth and Form'' (Thom
p-son, 1917). Thomp-
 []

)

Package fancyhdr Warning: \headheight is too small (12.0pt): 
(fancyhdr)                Make it at least 14.49998pt, for example:
(fancyhdr)                \setlength{\headheight}{14.49998pt}.
(fancyhdr)                You might also make \topmargin smaller to compensate:

(fancyhdr)                \addtolength{\topmargin}{-2.49998pt}.

[9]

Package fancyhdr Warning: \headheight is too small (12.0pt): 
(fancyhdr)                Make it at least 14.49998pt, for example:
(fancyhdr)                \setlength{\headheight}{14.49998pt}.
(fancyhdr)                You might also make \topmargin smaller to compensate:

(fancyhdr)                \addtolength{\topmargin}{-2.49998pt}.

[10]
Chapter 3.
[11



]
Chapter 4.
[12

] [13

]
Chapter 5.
[14

]
Chapter 6.
[15

]
Chapter 7.
[16

] [17

]
Chapter 8.
[18

] [19


]
Appendix A.
[20

]
\openout2 = `appendix1.aux'.

 (appendix1.tex

Package fancyhdr Warning: \headheight is too small (12.0pt): 
(fancyhdr)                Make it at least 14.49998pt, for example:
(fancyhdr)                \setlength{\headheight}{14.49998pt}.
(fancyhdr)                You might also make \topmargin smaller to compensate:

(fancyhdr)                \addtolength{\topmargin}{-2.49998pt}.

[21

]
LaTeX Font Info:    Trying to load font information for TS1+ppl on input line 1
03.

(C:\Users\NChahare\AppData\Local\Programs\MiKTeX 2.9\tex/latex/psnfss\ts1ppl.fd
File: ts1ppl.fd 2001/06/04 font definitions for TS1/ppl.
)
Overfull \hbox (8.50304pt too wide) in paragraph at lines 90--108
\OT1/ppl/m/n/12 The pres-sure is ap-plied via hy-dro-static forces sim-i-lar to
 the pre-vi-ous stud-ies [Choud-
 []


Package fancyhdr Warning: \headheight is too small (12.0pt): 
(fancyhdr)                Make it at least 14.49998pt, for example:
(fancyhdr)                \setlength{\headheight}{14.49998pt}.
(fancyhdr)                You might also make \topmargin smaller to compensate:

(fancyhdr)                \addtolength{\topmargin}{-2.49998pt}.

[22]
LaTeX Font Info:    Trying to load font information for OML+ppl on input line 1
12.

(C:\Users\NChahare\AppData\Local\Programs\MiKTeX 2.9\tex/latex/psnfss\omlppl.fd
File: omlppl.fd 
)
LaTeX Font Info:    Font shape `OML/ppl/m/n' in size <12> not available
(Font)              Font shape `OML/cmm/m/it' tried instead on input line 112.


Package fancyhdr Warning: \headheight is too small (12.0pt): 
(fancyhdr)                Make it at least 14.49998pt, for example:
(fancyhdr)                \setlength{\headheight}{14.49998pt}.
(fancyhdr)                You might also make \topmargin smaller to compensate:

(fancyhdr)                \addtolength{\topmargin}{-2.49998pt}.

[23]

Package fancyhdr Warning: \headheight is too small (12.0pt): 
(fancyhdr)                Make it at least 14.49998pt, for example:
(fancyhdr)                \setlength{\headheight}{14.49998pt}.
(fancyhdr)                You might also make \topmargin smaller to compensate:

(fancyhdr)                \addtolength{\topmargin}{-2.49998pt}.

[24])

Package fancyhdr Warning: \headheight is too small (12.0pt): 
(fancyhdr)                Make it at least 14.49998pt, for example:
(fancyhdr)                \setlength{\headheight}{14.49998pt}.
(fancyhdr)                You might also make \topmargin smaller to compensate:

(fancyhdr)                \addtolength{\topmargin}{-2.49998pt}.

[25]
Appendix B.
[26



]
Appendix C.
[27

]
Appendix D.
(ociamthesismain.bbl [28

]

Package natbib Warning: Empty `thebibliography' environment on input line 8.

)

Package caption Warning: Unused \captionsetup[table] on input line 115.
See the caption package documentation for explanation.

[29

] (ociamthesismain.aux (dedication.aux) (acknowledgements.aux) (abstract.aux) (
chapter1.aux) (chapter2.aux) (appendix1.aux))
Package rerunfilecheck Info: File `ociamthesismain.out' has not changed.
(rerunfilecheck)             Checksum: 6570AEE68DFD0C942A5A7216D0C6F665;7895.
 ) 
Here is how much of TeX's memory you used:
 33642 strings out of 475247
 652725 string characters out of 2769088
 1118923 words of memory out of 3000000
 54383 multiletter control sequences out of 15000+600000
 487359 words of font info for 77 fonts, out of 8000000 for 9000
 1144 hyphenation exceptions out of 8191
 99i,11n,117p,574b,610s stack positions out of 10000i,1000n,20000p,200000b,80000s
{C:/Users/NChahare/AppData/Local/Programs/MiKTeX 2.9/fonts/enc/dvips/base/8r.
enc}<C:/Users/NChahare/AppData/Local/Programs/MiKTeX 2.9/fonts/type1/public/ams
fonts/cm/cmmi12.pfb><C:/Users/NChahare/AppData/Local/Programs/MiKTeX 2.9/fonts/
type1/urw/palatino/uplb8a.pfb><C:/Users/NChahare/AppData/Local/Programs/MiKTeX 
2.9/fonts/type1/urw/palatino/uplr8a.pfb><C:/Users/NChahare/AppData/Local/Progra
ms/MiKTeX 2.9/fonts/type1/urw/palatino/uplri8a.pfb>
Output written on ociamthesismain.pdf (36 pages, 170436 bytes).
PDF statistics:
 418 PDF objects out of 1000 (max. 8388607)
 84 named destinations out of 1000 (max. 500000)
 386 words of extra memory for PDF output out of 10000 (max. 10000000)

