\BOOKMARK [0][-]{Doc-Start}{\376\377\000A\000b\000s\000t\000r\000a\000c\000t}{}% 1
\BOOKMARK [0][-]{section*.1}{\376\377\000C\000o\000n\000t\000e\000n\000t\000s}{}% 2
\BOOKMARK [0][-]{section*.2}{\376\377\000L\000i\000s\000t\000\040\000o\000f\000\040\000F\000i\000g\000u\000r\000e\000s}{}% 3
\BOOKMARK [0][-]{section*.3}{\376\377\000L\000i\000s\000t\000\040\000o\000f\000\040\000T\000a\000b\000l\000e\000s}{}% 4
\BOOKMARK [-1][-]{part.1}{\376\377\000I\000\040\000I\000n\000t\000r\000o\000d\000u\000c\000t\000i\000o\000n\000\040\000a\000n\000d\000\040\000m\000o\000t\000i\000v\000a\000t\000i\000o\000n}{}% 5
\BOOKMARK [0][-]{chapter.1}{\376\377\000E\000p\000i\000t\000h\000e\000l\000i\000a\000l\000\040\000L\000a\000y\000e\000r\000s}{part.1}% 6
\BOOKMARK [1][-]{section.1.1}{\376\377\000I\000n\000t\000r\000o\000d\000u\000c\000t\000i\000o\000n}{chapter.1}% 7
\BOOKMARK [1][-]{section.1.2}{\376\377\000K\000e\000y\000\040\000c\000o\000m\000p\000o\000n\000e\000n\000t\000s}{chapter.1}% 8
\BOOKMARK [2][-]{subsection.1.2.1}{\376\377\000C\000e\000l\000l\000\040\000s\000t\000r\000u\000c\000t\000u\000r\000e}{section.1.2}% 9
\BOOKMARK [2][-]{subsection.1.2.2}{\376\377\000M\000i\000c\000r\000o\000e\000n\000v\000i\000r\000o\000n\000m\000e\000n\000t}{section.1.2}% 10
\BOOKMARK [2][-]{subsection.1.2.3}{\376\377\000C\000e\000l\000l\000-\000M\000a\000t\000r\000i\000x\000\040\000i\000n\000t\000e\000r\000a\000c\000t\000i\000o\000n}{section.1.2}% 11
\BOOKMARK [1][-]{section.1.3}{\376\377\000R\000o\000l\000e\000\040\000i\000n\000\040\000d\000i\000s\000e\000a\000s\000e\000\040\000a\000n\000d\000\040\000d\000e\000v\000e\000l\000o\000p\000m\000e\000n\000t}{chapter.1}% 12
\BOOKMARK [1][-]{section.1.4}{\376\377\000F\000o\000r\000m\000s\000\040\000o\000f\000\040\000e\000p\000i\000t\000h\000e\000l\000i\000a}{chapter.1}% 13
\BOOKMARK [0][-]{chapter.2}{\376\377\000T\000h\000e\000\040\000m\000e\000c\000h\000a\000n\000i\000c\000a\000l\000\040\000b\000a\000s\000i\000s\000\040\000o\000f\000\040\000M\000o\000r\000p\000h\000o\000g\000e\000n\000e\000s\000i\000s}{part.1}% 14
\BOOKMARK [1][-]{section.2.1}{\376\377\000T\000h\000e\000\040\000c\000o\000m\000p\000l\000e\000x\000i\000t\000y\000\040\000o\000f\000\040\000t\000h\000e\000\040\000m\000o\000r\000p\000h\000o\000g\000e\000n\000e\000s\000i\000s}{chapter.2}% 15
\BOOKMARK [1][-]{section.2.2}{\376\377\000O\000n\000\040\000g\000r\000o\000w\000t\000h\000\040\000a\000n\000d\000\040\000f\000o\000r\000m}{chapter.2}% 16
\BOOKMARK [1][-]{section.2.3}{\376\377\000M\000e\000c\000h\000a\000n\000o\000b\000i\000o\000l\000o\000g\000y}{chapter.2}% 17
\BOOKMARK [2][-]{subsection.2.3.1}{\376\377\000S\000y\000n\000t\000h\000e\000t\000i\000c\000\040\000s\000u\000b\000s\000t\000r\000a\000t\000e\000s}{section.2.3}% 18
\BOOKMARK [2][-]{subsection.2.3.2}{\376\377\000G\000e\000o\000m\000e\000t\000r\000i\000c\000\040\000c\000o\000n\000t\000r\000o\000l}{section.2.3}% 19
\BOOKMARK [2][-]{subsection.2.3.3}{\376\377\000M\000e\000c\000h\000a\000n\000i\000c\000a\000l\000\040\000c\000o\000n\000t\000r\000o\000l}{section.2.3}% 20
\BOOKMARK [2][-]{subsection.2.3.4}{\376\377\0003\000D\000\040\000s\000y\000s\000t\000e\000m\000s}{section.2.3}% 21
\BOOKMARK [0][-]{chapter.3}{\376\377\000A\000c\000t\000i\000v\000e\000\040\000t\000i\000s\000s\000u\000e\000\040\000m\000e\000c\000h\000a\000n\000i\000c\000s}{part.1}% 22
\BOOKMARK [1][-]{section.3.1}{\376\377\000F\000o\000r\000c\000e\000\040\000g\000e\000n\000e\000r\000a\000t\000i\000o\000n\000\040\000w\000i\000t\000h\000\040\000a\000c\000t\000i\000n}{chapter.3}% 23
\BOOKMARK [2][-]{subsection.3.1.1}{\376\377\000A\000c\000t\000i\000n\000\040\000f\000i\000l\000a\000m\000e\000n\000t\000s}{section.3.1}% 24
\BOOKMARK [2][-]{subsection.3.1.2}{\376\377\000A\000c\000t\000i\000n\000\040\000n\000e\000t\000w\000o\000r\000k\000s}{section.3.1}% 25
\BOOKMARK [2][-]{subsection.3.1.3}{\376\377\000A\000c\000t\000i\000n\000\040\000c\000o\000r\000t\000e\000x}{section.3.1}% 26
\BOOKMARK [1][-]{section.3.2}{\376\377\000A\000c\000t\000i\000n\000\040\000s\000t\000r\000u\000c\000t\000u\000r\000e\000s\000\040\000a\000t\000\040\000a\000\040\000l\000a\000r\000g\000e\000r\000\040\000s\000c\000a\000l\000e}{chapter.3}% 27
\BOOKMARK [1][-]{section.3.3}{\376\377\000T\000i\000m\000e\000s\000c\000a\000l\000e\000s\000\040\000o\000f\000\040\000t\000h\000e\000\040\000a\000c\000t\000i\000n\000\040\000c\000y\000t\000o\000s\000k\000e\000l\000e\000t\000o\000n}{chapter.3}% 28
\BOOKMARK [1][-]{section.3.4}{\376\377\000C\000o\000n\000t\000r\000o\000l\000l\000i\000n\000g\000\040\000c\000o\000r\000t\000i\000c\000a\000l\000\040\000t\000e\000n\000s\000i\000o\000n}{chapter.3}% 29
\BOOKMARK [1][-]{section.3.5}{\376\377\000M\000o\000d\000e\000l\000i\000n\000g\000\040\000a\000c\000t\000i\000v\000e\000\040\000t\000i\000s\000s\000u\000e\000\040\000d\000y\000n\000a\000m\000i\000c\000s}{chapter.3}% 30
\BOOKMARK [2][-]{subsection.3.5.1}{\376\377\000V\000e\000r\000t\000e\000x\000\040\000m\000o\000d\000e\000l\000s}{section.3.5}% 31
\BOOKMARK [2][-]{subsection.3.5.2}{\376\377\000C\000o\000n\000t\000i\000n\000u\000u\000m\000\040\000m\000o\000d\000e\000l\000s}{section.3.5}% 32
\BOOKMARK [2][-]{subsection.3.5.3}{\376\377\000A\000c\000t\000i\000v\000e\000\040\000s\000u\000r\000f\000a\000c\000e\000\040\000m\000o\000d\000e\000l\000s}{section.3.5}% 33
\BOOKMARK [0][-]{chapter.4}{\376\377\000B\000o\000t\000t\000o\000m\000\040\000u\000p\000\040\000m\000o\000r\000p\000h\000o\000g\000e\000n\000e\000s\000i\000s}{part.1}% 34
\BOOKMARK [1][-]{section.4.1}{\376\377\000L\000e\000a\000r\000n\000\040\000b\000y\000\040\000b\000u\000i\000l\000d\000i\000n\000g}{chapter.4}% 35
\BOOKMARK [1][-]{section.4.2}{\376\377\000H\000o\000w\000\040\000t\000o\000\040\000b\000u\000i\000l\000d\000\040\000t\000i\000s\000s\000u\000e\000\040\000s\000t\000r\000u\000c\000t\000u\000r\000e\000s\000?}{chapter.4}% 36
\BOOKMARK [2][-]{subsection.4.2.1}{\376\377\000C\000o\000n\000t\000r\000o\000l\000l\000i\000n\000g\000\040\000g\000e\000o\000m\000e\000t\000r\000y\000\040\000a\000n\000d\000\040\000p\000h\000y\000s\000i\000c\000a\000l\000\040\000f\000o\000r\000c\000e\000s}{section.4.2}% 37
\BOOKMARK [2][-]{subsection.4.2.2}{\376\377\000M\000a\000n\000i\000p\000u\000l\000a\000t\000i\000n\000g\000\040\000b\000i\000o\000c\000h\000e\000m\000i\000c\000a\000l\000\040\000s\000i\000g\000n\000a\000l\000i\000n\000g}{section.4.2}% 38
\BOOKMARK [2][-]{subsection.4.2.3}{\376\377\000E\000x\000p\000l\000o\000i\000t\000i\000n\000g\000\040\000m\000e\000c\000h\000a\000n\000i\000c\000a\000l\000\040\000i\000n\000s\000t\000a\000b\000i\000l\000i\000t\000i\000e\000s}{section.4.2}% 39
\BOOKMARK [1][-]{section.4.3}{\376\377\000T\000i\000s\000s\000u\000e\000\040\000h\000y\000d\000r\000a\000u\000l\000i\000c\000s}{chapter.4}% 40
\BOOKMARK [2][-]{subsection.4.3.1}{\376\377\000H\000y\000d\000r\000a\000u\000l\000i\000c\000\040\000c\000o\000n\000t\000r\000o\000l\000\040\000o\000f\000\040\000m\000o\000r\000p\000h\000o\000g\000e\000n\000e\000s\000i\000s}{section.4.3}% 41
\BOOKMARK [2][-]{subsection.4.3.2}{\376\377\000M\000e\000c\000h\000a\000n\000i\000c\000s\000\040\000o\000f\000\040\000d\000o\000m\000e\000s}{section.4.3}% 42
\BOOKMARK [-1][-]{part.2}{\376\377\000I\000I\000\040\000A\000p\000p\000e\000n\000d\000i\000c\000e\000s}{}% 43
\BOOKMARK [0][-]{appendix.a.A}{\376\377\000M\000e\000t\000h\000o\000d\000s\000\040\000a\000n\000d\000\040\000M\000a\000t\000e\000r\000i\000a\000l\000s}{part.2}% 44
\BOOKMARK [1][-]{section.a.A.1}{\376\377\000F\000a\000b\000r\000i\000c\000a\000t\000i\000o\000n\000\040\000o\000f\000\040\000m\000i\000c\000r\000o\000f\000l\000u\000i\000d\000i\000c\000\040\000d\000e\000v\000i\000c\000e\000s}{appendix.a.A}% 45
\BOOKMARK [1][-]{section.a.A.2}{\376\377\000P\000a\000t\000t\000e\000r\000n\000i\000n\000g\000\040\000p\000r\000o\000t\000e\000i\000n\000\040\000o\000n\000\040\000t\000h\000e\000\040\000d\000e\000v\000i\000c\000e}{appendix.a.A}% 46
\BOOKMARK [1][-]{section.a.A.3}{\376\377\000C\000e\000l\000l\000\040\000c\000u\000l\000t\000u\000r\000e\000\040\000i\000n\000\040\000t\000h\000e\000\040\000d\000e\000v\000i\000c\000e}{appendix.a.A}% 47
\BOOKMARK [1][-]{section.a.A.4}{\376\377\000C\000o\000n\000f\000o\000c\000a\000l\000\040\000M\000i\000c\000r\000o\000s\000c\000o\000p\000y}{appendix.a.A}% 48
\BOOKMARK [1][-]{section.a.A.5}{\376\377\000D\000e\000v\000i\000c\000e\000\040\000p\000r\000o\000t\000e\000i\000n\000\040\000p\000a\000t\000t\000e\000r\000n\000i\000n\000g\000\040\000a\000n\000d\000\040\000c\000e\000l\000l\000\040\000c\000u\000l\000t\000u\000r\000e\000\040\000i\000n\000\040\000L\000i\000g\000h\000t\000-\000S\000h\000e\000e\000t\000\040\000d\000e\000v\000i\000c\000e}{appendix.a.A}% 49
\BOOKMARK [1][-]{section.a.A.6}{\376\377\000L\000i\000g\000h\000t\000-\000s\000h\000e\000e\000t\000\040\000m\000i\000c\000r\000o\000s\000c\000o\000p\000y}{appendix.a.A}% 50
\BOOKMARK [1][-]{section.a.A.7}{\376\377\000A\000n\000a\000l\000y\000s\000i\000s\000\040\000o\000f\000\040\000t\000h\000e\000\040\000k\000y\000m\000o\000g\000r\000a\000p\000h\000s}{appendix.a.A}% 51
\BOOKMARK [1][-]{section.a.A.8}{\376\377\000Q\000u\000a\000l\000i\000t\000a\000t\000i\000v\000e\000\040\000a\000n\000a\000l\000y\000s\000i\000s\000\040\000o\000f\000\040\000t\000h\000e\000\040\000b\000u\000c\000k\000l\000i\000n\000g\000\040\000e\000v\000e\000n\000t}{appendix.a.A}% 52
