This is pdfTeX, Version 3.141592653-2.6-1.40.24 (MiKTeX 23.1) (preloaded format=pdflatex 2023.2.21)  6 MAR 2023 17:50
entering extended mode
 restricted \write18 enabled.
 %&-line parsing enabled.
**./main.tex
(main.tex
LaTeX2e <2022-11-01> patch level 1
L3 programming layer <2023-02-02>
(C:\Program Files\MiKTeX\tex/latex/base\book.cls
Document Class: book 2022/07/02 v1.4n Standard LaTeX document class
(C:\Program Files\MiKTeX\tex/latex/base\bk11.clo
File: bk11.clo 2022/07/02 v1.4n Standard LaTeX file (size option)
)
\c@part=\count185
\c@chapter=\count186
\c@section=\count187
\c@subsection=\count188
\c@subsubsection=\count189
\c@paragraph=\count190
\c@subparagraph=\count191
\c@figure=\count192
\c@table=\count193
\abovecaptionskip=\skip48
\belowcaptionskip=\skip49
\bibindent=\dimen140
)
(LaCaN/LaCaNThesis/LaCaNThesis.sty
(C:\Program Files\MiKTeX\tex/latex/etoolbox\etoolbox.sty
Package: etoolbox 2020/10/05 v2.5k e-TeX tools for LaTeX (JAW)
\etb@tempcnta=\count194
)
(LaCaN/LaCaNThesis/pre_toc.tex
(C:\Users\NChahare\AppData\Roaming\MiKTeX\tex/latex/tocloft\tocloft.sty
Package: tocloft 2017/08/31 v2.3i parameterised ToC, etc., typesetting
Package tocloft Info: The document has chapter divisions on input line 51.
\cftparskip=\skip50
\cftbeforetoctitleskip=\skip51
\cftaftertoctitleskip=\skip52
\cftbeforepartskip=\skip53
\cftpartnumwidth=\skip54
\cftpartindent=\skip55
\cftbeforechapskip=\skip56
\cftchapindent=\skip57
\cftchapnumwidth=\skip58
\cftbeforesecskip=\skip59
\cftsecindent=\skip60
\cftsecnumwidth=\skip61
\cftbeforesubsecskip=\skip62
\cftsubsecindent=\skip63
\cftsubsecnumwidth=\skip64
\cftbeforesubsubsecskip=\skip65
\cftsubsubsecindent=\skip66
\cftsubsubsecnumwidth=\skip67
\cftbeforeparaskip=\skip68
\cftparaindent=\skip69
\cftparanumwidth=\skip70
\cftbeforesubparaskip=\skip71
\cftsubparaindent=\skip72
\cftsubparanumwidth=\skip73
\cftbeforeloftitleskip=\skip74
\cftafterloftitleskip=\skip75
\cftbeforefigskip=\skip76
\cftfigindent=\skip77
\cftfignumwidth=\skip78
\c@lofdepth=\count195
\c@lotdepth=\count196
\cftbeforelottitleskip=\skip79
\cftafterlottitleskip=\skip80
\cftbeforetabskip=\skip81
\cfttabindent=\skip82
\cfttabnumwidth=\skip83
)
(C:\Users\NChahare\AppData\Roaming\MiKTeX\tex/latex/titlesec\titlesec.sty
Package: titlesec 2021/07/05 v2.14 Sectioning titles
\ttl@box=\box51
\beforetitleunit=\skip84
\aftertitleunit=\skip85
\ttl@plus=\dimen141
\ttl@minus=\dimen142
\ttl@toksa=\toks16
\titlewidth=\dimen143
\titlewidthlast=\dimen144
\titlewidthfirst=\dimen145
))
(LaCaN/LaCaNThesis/pre_page.tex
(C:\Users\NChahare\AppData\Roaming\MiKTeX\tex/latex/geometry\geometry.sty
Package: geometry 2020/01/02 v5.9 Page Geometry

(C:\Program Files\MiKTeX\tex/latex/graphics\keyval.sty
Package: keyval 2022/05/29 v1.15 key=value parser (DPC)
\KV@toks@=\toks17
)
(C:\Program Files\MiKTeX\tex/generic/iftex\ifvtex.sty
Package: ifvtex 2019/10/25 v1.7 ifvtex legacy package. Use iftex instead.

(C:\Program Files\MiKTeX\tex/generic/iftex\iftex.sty
Package: iftex 2022/02/03 v1.0f TeX engine tests
))
\Gm@cnth=\count197
\Gm@cntv=\count198
\c@Gm@tempcnt=\count199
\Gm@bindingoffset=\dimen146
\Gm@wd@mp=\dimen147
\Gm@odd@mp=\dimen148
\Gm@even@mp=\dimen149
\Gm@layoutwidth=\dimen150
\Gm@layoutheight=\dimen151
\Gm@layouthoffset=\dimen152
\Gm@layoutvoffset=\dimen153
\Gm@dimlist=\toks18

(C:\Users\NChahare\AppData\Roaming\MiKTeX\tex/latex/geometry\geometry.cfg))
(C:\Users\NChahare\AppData\Roaming\MiKTeX\tex/latex/setspace\setspace.sty
Package: setspace 2022/12/04 v6.7b set line spacing
))
(LaCaN/LaCaNThesis/pre_header.tex
(C:\Users\NChahare\AppData\Roaming\MiKTeX\tex/latex/fancyhdr\fancyhdr.sty
Package: fancyhdr 2022/11/09 v4.1 Extensive control of page headers and footers

\f@nch@headwidth=\skip86
\f@nch@O@elh=\skip87
\f@nch@O@erh=\skip88
\f@nch@O@olh=\skip89
\f@nch@O@orh=\skip90
\f@nch@O@elf=\skip91
\f@nch@O@erf=\skip92
\f@nch@O@olf=\skip93
\f@nch@O@orf=\skip94
))
(LaCaN/LaCaNThesis/pre_font.tex
(C:\Users\NChahare\AppData\Roaming\MiKTeX\tex/latex/enumitem\enumitem.sty
Package: enumitem 2019/06/20 v3.9 Customized lists
\labelindent=\skip95
\enit@outerparindent=\dimen154
\enit@toks=\toks19
\enit@inbox=\box52
\enit@count@id=\count266
\enitdp@description=\count267
)
(C:\Program Files\MiKTeX\tex/latex/amsmath\amsmath.sty
Package: amsmath 2022/04/08 v2.17n AMS math features
\@mathmargin=\skip96

For additional information on amsmath, use the `?' option.
(C:\Program Files\MiKTeX\tex/latex/amsmath\amstext.sty
Package: amstext 2021/08/26 v2.01 AMS text

(C:\Program Files\MiKTeX\tex/latex/amsmath\amsgen.sty
File: amsgen.sty 1999/11/30 v2.0 generic functions
\@emptytoks=\toks20
\ex@=\dimen155
))
(C:\Program Files\MiKTeX\tex/latex/amsmath\amsbsy.sty
Package: amsbsy 1999/11/29 v1.2d Bold Symbols
\pmbraise@=\dimen156
)
(C:\Program Files\MiKTeX\tex/latex/amsmath\amsopn.sty
Package: amsopn 2022/04/08 v2.04 operator names
)
\inf@bad=\count268
LaTeX Info: Redefining \frac on input line 234.
\uproot@=\count269
\leftroot@=\count270
LaTeX Info: Redefining \overline on input line 399.
LaTeX Info: Redefining \colon on input line 410.
\classnum@=\count271
\DOTSCASE@=\count272
LaTeX Info: Redefining \ldots on input line 496.
LaTeX Info: Redefining \dots on input line 499.
LaTeX Info: Redefining \cdots on input line 620.
\Mathstrutbox@=\box53
\strutbox@=\box54
LaTeX Info: Redefining \big on input line 722.
LaTeX Info: Redefining \Big on input line 723.
LaTeX Info: Redefining \bigg on input line 724.
LaTeX Info: Redefining \Bigg on input line 725.
\big@size=\dimen157
LaTeX Font Info:    Redeclaring font encoding OML on input line 743.
LaTeX Font Info:    Redeclaring font encoding OMS on input line 744.
\macc@depth=\count273
LaTeX Info: Redefining \bmod on input line 905.
LaTeX Info: Redefining \pmod on input line 910.
LaTeX Info: Redefining \smash on input line 940.
LaTeX Info: Redefining \relbar on input line 970.
LaTeX Info: Redefining \Relbar on input line 971.
\c@MaxMatrixCols=\count274
\dotsspace@=\muskip16
\c@parentequation=\count275
\dspbrk@lvl=\count276
\tag@help=\toks21
\row@=\count277
\column@=\count278
\maxfields@=\count279
\andhelp@=\toks22
\eqnshift@=\dimen158
\alignsep@=\dimen159
\tagshift@=\dimen160
\tagwidth@=\dimen161
\totwidth@=\dimen162
\lineht@=\dimen163
\@envbody=\toks23
\multlinegap=\skip97
\multlinetaggap=\skip98
\mathdisplay@stack=\toks24
LaTeX Info: Redefining \[ on input line 2953.
LaTeX Info: Redefining \] on input line 2954.
)
(C:\Users\NChahare\AppData\Roaming\MiKTeX\tex/latex/mathtools\mathtools.sty
Package: mathtools 2022/06/29 v1.29 mathematical typesetting tools

(C:\Program Files\MiKTeX\tex/latex/tools\calc.sty
Package: calc 2017/05/25 v4.3 Infix arithmetic (KKT,FJ)
\calc@Acount=\count280
\calc@Bcount=\count281
\calc@Adimen=\dimen164
\calc@Bdimen=\dimen165
\calc@Askip=\skip99
\calc@Bskip=\skip100
LaTeX Info: Redefining \setlength on input line 80.
LaTeX Info: Redefining \addtolength on input line 81.
\calc@Ccount=\count282
\calc@Cskip=\skip101
)
(C:\Users\NChahare\AppData\Roaming\MiKTeX\tex/latex/mathtools\mhsetup.sty
Package: mhsetup 2021/03/18 v1.4 programming setup (MH)
)
\g_MT_multlinerow_int=\count283
\l_MT_multwidth_dim=\dimen166
\origjot=\skip102
\l_MT_shortvdotswithinadjustabove_dim=\dimen167
\l_MT_shortvdotswithinadjustbelow_dim=\dimen168
\l_MT_above_intertext_sep=\dimen169
\l_MT_below_intertext_sep=\dimen170
\l_MT_above_shortintertext_sep=\dimen171
\l_MT_below_shortintertext_sep=\dimen172
\xmathstrut@box=\box55
\xmathstrut@dim=\dimen173
)
(C:\Program Files\MiKTeX\tex/latex/amsfonts\amsfonts.sty
Package: amsfonts 2013/01/14 v3.01 Basic AMSFonts support
\symAMSa=\mathgroup4
\symAMSb=\mathgroup5
LaTeX Font Info:    Redeclaring math symbol \hbar on input line 98.
LaTeX Font Info:    Overwriting math alphabet `\mathfrak' in version `bold'
(Font)                  U/euf/m/n --> U/euf/b/n on input line 106.
)
(C:\Program Files\MiKTeX\tex/latex/amsfonts\amssymb.sty
Package: amssymb 2013/01/14 v3.01 AMS font symbols
)
(C:\Users\NChahare\AppData\Roaming\MiKTeX\tex/latex/amscls\amsthm.sty
Package: amsthm 2020/05/29 v2.20.6
\thm@style=\toks25
\thm@bodyfont=\toks26
\thm@headfont=\toks27
\thm@notefont=\toks28
\thm@headpunct=\toks29
\thm@preskip=\skip103
\thm@postskip=\skip104
\thm@headsep=\skip105
\dth@everypar=\toks30
)
(C:\Users\NChahare\AppData\Roaming\MiKTeX\tex/latex/jknappen\mathrsfs.sty
Package: mathrsfs 1996/01/01 Math RSFS package v1.0 (jk)
\symrsfs=\mathgroup6
)
(C:\Users\NChahare\AppData\Roaming\MiKTeX\tex/latex/siunitx\siunitx.sty
Package: siunitx 2023-01-03 v3.2.0 A comprehensive (SI) units package
\l__siunitx_angle_tmp_dim=\dimen174
\l__siunitx_angle_marker_box=\box56
\l__siunitx_angle_unit_box=\box57
\l__siunitx_compound_count_int=\count284

(C:\Users\NChahare\AppData\Roaming\MiKTeX\tex/latex/translations\translations.s
ty
Package: translations 2022/02/05 v1.12 internationalization of LaTeX2e packages
 (CN)
 (C:\Program Files\MiKTeX\tex/generic/pdftexcmds\pdftexcmds.sty
Package: pdftexcmds 2020-06-27 v0.33 Utility functions of pdfTeX for LuaTeX (HO
)

(C:\Users\NChahare\AppData\Roaming\MiKTeX\tex/generic/infwarerr\infwarerr.sty
Package: infwarerr 2019/12/03 v1.5 Providing info/warning/error messages (HO)
)
(C:\Users\NChahare\AppData\Roaming\MiKTeX\tex/generic/ltxcmds\ltxcmds.sty
Package: ltxcmds 2020-05-10 v1.25 LaTeX kernel commands for general use (HO)
)
Package pdftexcmds Info: \pdf@primitive is available.
Package pdftexcmds Info: \pdf@ifprimitive is available.
Package pdftexcmds Info: \pdfdraftmode found.
))
\l__siunitx_number_exponent_fixed_int=\count285
\l__siunitx_number_min_decimal_int=\count286
\l__siunitx_number_min_integer_int=\count287
\l__siunitx_number_round_precision_int=\count288
\l__siunitx_number_lower_threshold_int=\count289
\l__siunitx_number_upper_threshold_int=\count290
\l__siunitx_number_group_first_int=\count291
\l__siunitx_number_group_size_int=\count292
\l__siunitx_number_group_minimum_int=\count293
\l__siunitx_table_tmp_box=\box58
\l__siunitx_table_tmp_dim=\dimen175
\l__siunitx_table_column_width_dim=\dimen176
\l__siunitx_table_integer_box=\box59
\l__siunitx_table_decimal_box=\box60
\l__siunitx_table_uncert_box=\box61
\l__siunitx_table_before_box=\box62
\l__siunitx_table_after_box=\box63
\l__siunitx_table_before_dim=\dimen177
\l__siunitx_table_carry_dim=\dimen178
\l__siunitx_unit_tmp_int=\count294
\l__siunitx_unit_position_int=\count295
\l__siunitx_unit_total_int=\count296

(C:\Program Files\MiKTeX\tex/latex/tools\array.sty
Package: array 2022/03/10 v2.5f Tabular extension package (FMi)
\col@sep=\dimen179
\ar@mcellbox=\box64
\extrarowheight=\dimen180
\NC@list=\toks31
\extratabsurround=\skip106
\backup@length=\skip107
\ar@cellbox=\box65
))
(C:\Users\NChahare\AppData\Roaming\MiKTeX\tex/latex/was\upgreek.sty
Package: upgreek 2003/02/12 v2.0 (WaS)
Package upgreek Info: Using Euler Roman for upright Greek on input line 31.
\symugrf@m=\mathgroup7
LaTeX Font Info:    Overwriting symbol font `ugrf@m' in version `bold'
(Font)                  U/eur/m/n --> U/eur/b/n on input line 38.
)
(C:\Program Files\MiKTeX\tex/generic/babel\babel.sty
Package: babel 2022/01/23 3.85 The Babel package
\babel@savecnt=\count297
\U@D=\dimen181
\l@unhyphenated=\language79

(C:\Program Files\MiKTeX\tex/generic/babel\txtbabel.def)
\bbl@readstream=\read2
\bbl@dirlevel=\count298

*************************************
* Local config file bblopts.cfg used
*
(C:\Program Files\MiKTeX\tex/latex/arabi\bblopts.cfg
File: bblopts.cfg 2005/09/08 v0.1 add Arabic and Farsi to "declared" options of
 babel
)
(C:\Program Files\MiKTeX\tex/latex/babel-english\english.ldf
Language: english 2017/06/06 v3.3r English support from the babel system
Package babel Info: Hyphen rules for 'canadian' set to \l@english
(babel)             (\language0). Reported on input line 102.
Package babel Info: Hyphen rules for 'australian' set to \l@ukenglish
(babel)             (\language73). Reported on input line 105.
Package babel Info: Hyphen rules for 'newzealand' set to \l@ukenglish
(babel)             (\language73). Reported on input line 108.
))
(C:\Program Files\MiKTeX\tex/generic/babel/locale/en\babel-english.tex
Package babel Info: Importing font and identification data for english
(babel)             from babel-en.ini. Reported on input line 11.
)
(C:\Users\NChahare\AppData\Roaming\MiKTeX\tex/latex/libertine\libertine.sty
Package: libertine 2022/09/12 (Bob Tennent) Supports Libertine and Biolinum fon
ts for all LaTeX engines.

(C:\Program Files\MiKTeX\tex/generic/iftex\ifxetex.sty
Package: ifxetex 2019/10/25 v0.7 ifxetex legacy package. Use iftex instead.
)
(C:\Program Files\MiKTeX\tex/generic/iftex\ifluatex.sty
Package: ifluatex 2019/10/25 v1.5 ifluatex legacy package. Use iftex instead.
)
(C:\Program Files\MiKTeX\tex/latex/xkeyval\xkeyval.sty
Package: xkeyval 2022/06/16 v2.9 package option processing (HA)

(C:\Program Files\MiKTeX\tex/generic/xkeyval\xkeyval.tex
(C:\Program Files\MiKTeX\tex/generic/xkeyval\xkvutils.tex
\XKV@toks=\toks32
\XKV@tempa@toks=\toks33
)
\XKV@depth=\count299
File: xkeyval.tex 2014/12/03 v2.7a key=value parser (HA)
))
(C:\Program Files\MiKTeX\tex/latex/base\textcomp.sty
Package: textcomp 2020/02/02 v2.0n Standard LaTeX package
)
(C:\Program Files\MiKTeX\tex/latex/base\fontenc.sty
Package: fontenc 2021/04/29 v2.0v Standard LaTeX package
)
(C:\Users\NChahare\AppData\Roaming\MiKTeX\tex/latex/fontaxes\fontaxes.sty
Package: fontaxes 2020/07/21 v1.0e Font selection axes
LaTeX Info: Redefining \upshape on input line 29.
LaTeX Info: Redefining \itshape on input line 31.
LaTeX Info: Redefining \slshape on input line 33.
LaTeX Info: Redefining \swshape on input line 35.
LaTeX Info: Redefining \scshape on input line 37.
LaTeX Info: Redefining \sscshape on input line 39.
LaTeX Info: Redefining \ulcshape on input line 41.
LaTeX Info: Redefining \textsw on input line 47.
LaTeX Info: Redefining \textssc on input line 48.
LaTeX Info: Redefining \textulc on input line 49.
)
LaTeX Info: Redefining \oldstylenums on input line 483.

(C:\Users\NChahare\AppData\Roaming\MiKTeX\tex/latex/libertine\LinLibertine_I.te
x))
(C:\Users\NChahare\AppData\Roaming\MiKTeX\tex/latex/libertinust1math\libertinus
t1math.sty
Package: libertinust1math 2022/01/05 v2.0.1---latex support for LibertinusT1Mat
h (msharpe)

amsthm NOT loaded
Now handling font encoding LS1 ...
... no UTF-8 mapping file for font encoding LS1
Now handling font encoding LS2 ...
... no UTF-8 mapping file for font encoding LS2
LaTeX Font Info:    Redeclaring symbol font `letters' on input line 85.
LaTeX Font Info:    Encoding `OML' has changed to `LS1' for symbol font
(Font)              `letters' in the math version `normal' on input line 85.
LaTeX Font Info:    Overwriting symbol font `letters' in version `normal'
(Font)                  OML/cmm/m/it --> LS1/libertinust1math/m/it on input lin
e 85.
LaTeX Font Info:    Encoding `OML' has changed to `LS1' for symbol font
(Font)              `letters' in the math version `bold' on input line 85.
LaTeX Font Info:    Overwriting symbol font `letters' in version `bold'
(Font)                  OML/cmm/b/it --> LS1/libertinust1math/m/it on input lin
e 85.
LaTeX Font Info:    Redeclaring symbol font `operators' on input line 86.
LaTeX Font Info:    Encoding `OT1' has changed to `LS1' for symbol font
(Font)              `operators' in the math version `normal' on input line 86.
LaTeX Font Info:    Overwriting symbol font `operators' in version `normal'
(Font)                  OT1/cmr/m/n --> LS1/libertinust1math/m/n on input line 
86.
LaTeX Font Info:    Encoding `OT1' has changed to `LS1' for symbol font
(Font)              `operators' in the math version `bold' on input line 86.
LaTeX Font Info:    Overwriting symbol font `operators' in version `bold'
(Font)                  OT1/cmr/bx/n --> LS1/libertinust1math/m/n on input line
 86.
\symsymbolsbb=\mathgroup8
LaTeX Font Info:    Redeclaring symbol font `symbols' on input line 88.
LaTeX Font Info:    Encoding `OMS' has changed to `LS2' for symbol font
(Font)              `symbols' in the math version `normal' on input line 88.
LaTeX Font Info:    Overwriting symbol font `symbols' in version `normal'
(Font)                  OMS/cmsy/m/n --> LS2/libertinust1mathsym/m/n on input l
ine 88.
LaTeX Font Info:    Encoding `OMS' has changed to `LS2' for symbol font
(Font)              `symbols' in the math version `bold' on input line 88.
LaTeX Font Info:    Overwriting symbol font `symbols' in version `bold'
(Font)                  OMS/cmsy/b/n --> LS2/libertinust1mathsym/m/n on input l
ine 88.
LaTeX Font Info:    Redeclaring symbol font `largesymbols' on input line 89.
LaTeX Font Info:    Encoding `OMX' has changed to `LS2' for symbol font
(Font)              `largesymbols' in the math version `normal' on input line 8
9.
LaTeX Font Info:    Overwriting symbol font `largesymbols' in version `normal'
(Font)                  OMX/cmex/m/n --> LS2/libertinust1mathex/m/n on input li
ne 89.
LaTeX Font Info:    Encoding `OMX' has changed to `LS2' for symbol font
(Font)              `largesymbols' in the math version `bold' on input line 89.

LaTeX Font Info:    Overwriting symbol font `largesymbols' in version `bold'
(Font)                  OMX/cmex/m/n --> LS2/libertinust1mathex/m/n on input li
ne 89.
LaTeX Font Info:    Redeclaring math alphabet \mathsf on input line 90.
LaTeX Font Info:    Overwriting math alphabet `\mathsf' in version `normal'
(Font)                  OT1/cmss/m/n --> LS1/libertinust1mathsf/m/n on input li
ne 90.
LaTeX Font Info:    Overwriting math alphabet `\mathsf' in version `bold'
(Font)                  OT1/cmss/bx/n --> LS1/libertinust1mathsf/m/n on input l
ine 90.
LaTeX Font Info:    Redeclaring math alphabet \mathsfbf on input line 99.
LaTeX Font Info:    Overwriting math alphabet `\mathsfbf' in version `normal'
(Font)                  LS1/libertinust1mathsf/b/n --> LS1/libertinust1mathsf/b
/n on input line 99.
LaTeX Font Info:    Overwriting math alphabet `\mathsfbf' in version `bold'
(Font)                  LS1/libertinust1mathsf/b/n --> LS1/libertinust1mathsf/b
/n on input line 99.
LaTeX Font Info:    Overwriting symbol font `letters' in version `bold'
(Font)                  LS1/libertinust1math/m/it --> LS1/libertinust1math/b/it
 on input line 101.
LaTeX Font Info:    Overwriting symbol font `operators' in version `bold'
(Font)                  LS1/libertinust1math/m/n --> LS1/libertinust1math/b/n o
n input line 102.
\symbold-operators=\mathgroup9
\symbold-letters=\mathgroup10
LaTeX Font Info:    Redeclaring math alphabet \mathit on input line 105.
LaTeX Font Info:    Redeclaring math alphabet \mathbf on input line 107.
LaTeX Font Info:    Overwriting math alphabet `\mathsf' in version `bold'
(Font)                  LS1/libertinust1mathsf/m/n --> LS1/libertinust1mathsf/b
/n on input line 135.
LaTeX Font Info:    Redeclaring math alphabet \mathcal on input line 147.
LaTeX Font Info:    Overwriting math alphabet `\mathcal' in version `bold'
(Font)                  U/stixcal/m/n --> U/stixcal/b/n on input line 148.
\tx@tA=\toks34
\tx@tB=\toks35
\tx@su=\read3
\tx@sbptoks=\toks36
LaTeX Info: Redefining \checkmark on input line 739.
LaTeX Font Info:    Redeclaring math accent \grave on input line 813.
LaTeX Font Info:    Redeclaring math accent \acute on input line 814.
LaTeX Font Info:    Redeclaring math accent \hat on input line 815.
LaTeX Font Info:    Redeclaring math accent \tilde on input line 816.
LaTeX Font Info:    Redeclaring math accent \bar on input line 817.
LaTeX Font Info:    Redeclaring math accent \breve on input line 818.
LaTeX Font Info:    Redeclaring math accent \dot on input line 819.
LaTeX Font Info:    Redeclaring math accent \ddot on input line 820.
LaTeX Font Info:    Redeclaring math accent \mathring on input line 822.
LaTeX Font Info:    Redeclaring math accent \check on input line 823.
LaTeX Font Info:    Redeclaring math accent \vec on input line 831.
LaTeX Info: Redefining \vdots on input line 1241.
LaTeX Info: Redefining \cdots on input line 1246.
LaTeX Info: Redefining \not on input line 1488.
) (C:\Program Files\MiKTeX\tex/latex/base\fontenc.sty
Package: fontenc 2021/04/29 v2.0v Standard LaTeX package
LaTeX Font Info:    Trying to load font information for T1+LinuxLibertineT-TLF 
on input line 112.

(C:\Users\NChahare\AppData\Roaming\MiKTeX\tex/latex/libertine\t1linuxlibertinet
-tlf.fd
File: T1LinuxLibertineT-TLF.fd 2017/03/20 (autoinst) Font definitions for T1/Li
nuxLibertineT-TLF.
)
LaTeX Font Info:    Font shape `T1/LinuxLibertineT-TLF/m/n' will be
(Font)              scaled to size 10.95pt on input line 112.
)
(C:\Users\NChahare\AppData\Roaming\MiKTeX\tex/latex/microtype\microtype.sty
Package: microtype 2022/06/23 v3.0f Micro-typographical refinements (RS)
\MT@toks=\toks37
\MT@tempbox=\box66
\MT@count=\count300
LaTeX Info: Redefining \noprotrusionifhmode on input line 1045.
LaTeX Info: Redefining \leftprotrusion on input line 1046.
LaTeX Info: Redefining \rightprotrusion on input line 1056.
LaTeX Info: Redefining \textls on input line 1234.
\MT@outer@kern=\dimen182
LaTeX Info: Redefining \textmicrotypecontext on input line 1858.
\MT@listname@count=\count301

(C:\Users\NChahare\AppData\Roaming\MiKTeX\tex/latex/microtype\microtype-pdftex.
def
File: microtype-pdftex.def 2022/06/23 v3.0f Definitions specific to pdftex (RS)

LaTeX Info: Redefining \lsstyle on input line 900.
LaTeX Info: Redefining \lslig on input line 900.
\MT@outer@space=\skip108
)
Package microtype Info: Loading configuration file microtype.cfg.

(C:\Users\NChahare\AppData\Roaming\MiKTeX\tex/latex/microtype\microtype.cfg
File: microtype.cfg 2022/06/23 v3.0f microtype main configuration file (RS)
))
(C:\Program Files\MiKTeX\tex/latex/base\inputenc.sty
Package: inputenc 2021/02/14 v1.3d Input encoding file
\inpenc@prehook=\toks38
\inpenc@posthook=\toks39
))
(LaCaN/LaCaNThesis/pre_figures.tex
(C:\Program Files\MiKTeX\tex/latex/graphics\epsfig.sty
Package: epsfig 2017/06/25 v1.7b (e)psfig emulation (SPQR)

(C:\Program Files\MiKTeX\tex/latex/graphics\graphicx.sty
Package: graphicx 2021/09/16 v1.2d Enhanced LaTeX Graphics (DPC,SPQR)

(C:\Program Files\MiKTeX\tex/latex/graphics\graphics.sty
Package: graphics 2022/03/10 v1.4e Standard LaTeX Graphics (DPC,SPQR)

(C:\Program Files\MiKTeX\tex/latex/graphics\trig.sty
Package: trig 2021/08/11 v1.11 sin cos tan (DPC)
)
(C:\Program Files\MiKTeX\tex/latex/graphics-cfg\graphics.cfg
File: graphics.cfg 2016/06/04 v1.11 sample graphics configuration
)
Package graphics Info: Driver file: pdftex.def on input line 107.

(C:\Program Files\MiKTeX\tex/latex/graphics-def\pdftex.def
File: pdftex.def 2022/09/22 v1.2b Graphics/color driver for pdftex
))
\Gin@req@height=\dimen183
\Gin@req@width=\dimen184
)
\epsfxsize=\dimen185
\epsfysize=\dimen186
)
(C:\Users\NChahare\AppData\Roaming\MiKTeX\tex/latex/caption\caption.sty
Package: caption 2022/03/01 v3.6b Customizing captions (AR)

(C:\Users\NChahare\AppData\Roaming\MiKTeX\tex/latex/caption\caption3.sty
Package: caption3 2022/03/17 v2.3b caption3 kernel (AR)
\caption@tempdima=\dimen187
\captionmargin=\dimen188
\caption@leftmargin=\dimen189
\caption@rightmargin=\dimen190
\caption@width=\dimen191
\caption@indent=\dimen192
\caption@parindent=\dimen193
\caption@hangindent=\dimen194
Package caption Info: Standard document class detected.
)
\c@caption@flags=\count302
\c@continuedfloat=\count303
)
(C:\Users\NChahare\AppData\Roaming\MiKTeX\tex/latex/caption\subcaption.sty
Package: subcaption 2022/01/07 v1.5 Sub-captions (AR)
\c@subfigure=\count304
\c@subtable=\count305
)
(C:\Users\NChahare\AppData\Roaming\MiKTeX\tex/latex/pdfpages\pdfpages.sty
Package: pdfpages 2022/12/19 v0.5x Insert pages of external PDF documents (AM)

(C:\Program Files\MiKTeX\tex/latex/base\ifthen.sty
Package: ifthen 2022/04/13 v1.1d Standard LaTeX ifthen package (DPC)
)
(C:\Users\NChahare\AppData\Roaming\MiKTeX\tex/latex/eso-pic\eso-pic.sty
Package: eso-pic 2020/10/14 v3.0a eso-pic (RN)
\ESO@tempdima=\dimen195
\ESO@tempdimb=\dimen196

(C:\Program Files\MiKTeX\tex/latex/xcolor\xcolor.sty
Package: xcolor 2022/06/12 v2.14 LaTeX color extensions (UK)

(C:\Program Files\MiKTeX\tex/latex/graphics-cfg\color.cfg
File: color.cfg 2016/01/02 v1.6 sample color configuration
)
Package xcolor Info: Driver file: pdftex.def on input line 227.

(C:\Program Files\MiKTeX\tex/latex/graphics\mathcolor.ltx)
Package xcolor Info: Model `cmy' substituted by `cmy0' on input line 1353.
Package xcolor Info: Model `hsb' substituted by `rgb' on input line 1357.
Package xcolor Info: Model `RGB' extended on input line 1369.
Package xcolor Info: Model `HTML' substituted by `rgb' on input line 1371.
Package xcolor Info: Model `Hsb' substituted by `hsb' on input line 1372.
Package xcolor Info: Model `tHsb' substituted by `hsb' on input line 1373.
Package xcolor Info: Model `HSB' substituted by `hsb' on input line 1374.
Package xcolor Info: Model `Gray' substituted by `gray' on input line 1375.
Package xcolor Info: Model `wave' substituted by `hsb' on input line 1376.
))
\AM@pagewidth=\dimen197
\AM@pageheight=\dimen198
\AM@fboxrule=\dimen199

(C:\Users\NChahare\AppData\Roaming\MiKTeX\tex/latex/pdfpages\pppdftex.def
File: pppdftex.def 2022/12/19 v0.5x Pdfpages driver for pdfTeX (AM)
)
\pdfpages@includegraphics@status=\count306
\AM@pagebox=\box67
\AM@global@opts=\toks40
\AM@pagecnt=\count307
\AM@toc@title=\toks41
\AM@lof@heading=\toks42
\c@AM@survey=\count308
\AM@templatesizebox=\box68
)
(C:\Users\NChahare\AppData\Roaming\MiKTeX\tex/latex/wrapfig\wrapfig.sty
\wrapoverhang=\dimen256
\WF@size=\dimen257
\c@WF@wrappedlines=\count309
\WF@box=\box69
\WF@everypar=\toks43
Package: wrapfig 2003/01/31  v 3.6
)
(C:\Users\NChahare\AppData\Roaming\MiKTeX\tex/latex/multirow\multirow.sty
Package: multirow 2021/03/15 v2.8 Span multiple rows of a table
\multirow@colwidth=\skip109
\multirow@cntb=\count310
\multirow@dima=\skip110
\bigstrutjot=\dimen258
)
(C:\Users\NChahare\AppData\Roaming\MiKTeX\tex/latex/placeins\placeins.sty
Package: placeins 2005/04/18  v 2.2
))
(LaCaN/LaCaNThesis/pre_appendix.tex
(C:\Users\NChahare\AppData\Roaming\MiKTeX\tex/latex/appendix\appendix.sty
Package: appendix 2020/02/08 v1.2c extra appendix facilities
\c@@pps=\count311
\c@@ppsavesec=\count312
\c@@ppsaveapp=\count313
))
(LaCaN/LaCaNThesis/pre_colors.tex
(C:\Program Files\MiKTeX\tex/latex/hyperref\hyperref.sty
Package: hyperref 2022-11-13 v7.00u Hypertext links for LaTeX

(C:\Users\NChahare\AppData\Roaming\MiKTeX\tex/latex/kvsetkeys\kvsetkeys.sty
Package: kvsetkeys 2022-10-05 v1.19 Key value parser (HO)
)
(C:\Users\NChahare\AppData\Roaming\MiKTeX\tex/generic/kvdefinekeys\kvdefinekeys
.sty
Package: kvdefinekeys 2019-12-19 v1.6 Define keys (HO)
)
(C:\Users\NChahare\AppData\Roaming\MiKTeX\tex/generic/pdfescape\pdfescape.sty
Package: pdfescape 2019/12/09 v1.15 Implements pdfTeX's escape features (HO)
)
(C:\Users\NChahare\AppData\Roaming\MiKTeX\tex/latex/hycolor\hycolor.sty
Package: hycolor 2020-01-27 v1.10 Color options for hyperref/bookmark (HO)
)
(C:\Users\NChahare\AppData\Roaming\MiKTeX\tex/latex/letltxmacro\letltxmacro.sty
Package: letltxmacro 2019/12/03 v1.6 Let assignment for LaTeX macros (HO)
) (C:\Users\NChahare\AppData\Roaming\MiKTeX\tex/latex/auxhook\auxhook.sty
Package: auxhook 2019-12-17 v1.6 Hooks for auxiliary files (HO)
)
(C:\Program Files\MiKTeX\tex/latex/hyperref\nameref.sty
Package: nameref 2022-05-17 v2.50 Cross-referencing by name of section

(C:\Users\NChahare\AppData\Roaming\MiKTeX\tex/latex/refcount\refcount.sty
Package: refcount 2019/12/15 v3.6 Data extraction from label references (HO)
)
(C:\Users\NChahare\AppData\Roaming\MiKTeX\tex/generic/gettitlestring\gettitlest
ring.sty
Package: gettitlestring 2019/12/15 v1.6 Cleanup title references (HO)

(C:\Users\NChahare\AppData\Roaming\MiKTeX\tex/latex/kvoptions\kvoptions.sty
Package: kvoptions 2022-06-15 v3.15 Key value format for package options (HO)
))
\c@section@level=\count314
)
\@linkdim=\dimen259
\Hy@linkcounter=\count315
\Hy@pagecounter=\count316

(C:\Program Files\MiKTeX\tex/latex/hyperref\pd1enc.def
File: pd1enc.def 2022-11-13 v7.00u Hyperref: PDFDocEncoding definition (HO)
Now handling font encoding PD1 ...
... no UTF-8 mapping file for font encoding PD1
)
(C:\Users\NChahare\AppData\Roaming\MiKTeX\tex/generic/intcalc\intcalc.sty
Package: intcalc 2019/12/15 v1.3 Expandable calculations with integers (HO)
)
(C:\Users\NChahare\AppData\Roaming\MiKTeX\tex/generic/etexcmds\etexcmds.sty
Package: etexcmds 2019/12/15 v1.7 Avoid name clashes with e-TeX commands (HO)
)
\Hy@SavedSpaceFactor=\count317

(C:\Program Files\MiKTeX\tex/latex/hyperref\puenc.def
File: puenc.def 2022-11-13 v7.00u Hyperref: PDF Unicode definition (HO)
Now handling font encoding PU ...
... no UTF-8 mapping file for font encoding PU
)
Package hyperref Info: Option `final' set `true' on input line 4045.
Package hyperref Info: Hyper figures OFF on input line 4162.
Package hyperref Info: Link nesting OFF on input line 4167.
Package hyperref Info: Hyper index ON on input line 4170.
Package hyperref Info: Plain pages OFF on input line 4177.
Package hyperref Info: Backreferencing OFF on input line 4182.
Package hyperref Info: Implicit mode ON; LaTeX internals redefined.
Package hyperref Info: Bookmarks ON on input line 4410.
\c@Hy@tempcnt=\count318

(C:\Program Files\MiKTeX\tex/latex/url\url.sty
\Urlmuskip=\muskip17
Package: url 2013/09/16  ver 3.4  Verb mode for urls, etc.
)
LaTeX Info: Redefining \url on input line 4748.
\XeTeXLinkMargin=\dimen260

(C:\Users\NChahare\AppData\Roaming\MiKTeX\tex/generic/bitset\bitset.sty
Package: bitset 2019/12/09 v1.3 Handle bit-vector datatype (HO)

(C:\Users\NChahare\AppData\Roaming\MiKTeX\tex/generic/bigintcalc\bigintcalc.sty
Package: bigintcalc 2019/12/15 v1.5 Expandable calculations on big integers (HO
)
))
\Fld@menulength=\count319
\Field@Width=\dimen261
\Fld@charsize=\dimen262
Package hyperref Info: Hyper figures OFF on input line 6027.
Package hyperref Info: Link nesting OFF on input line 6032.
Package hyperref Info: Hyper index ON on input line 6035.
Package hyperref Info: backreferencing OFF on input line 6042.
Package hyperref Info: Link coloring OFF on input line 6047.
Package hyperref Info: Link coloring with OCG OFF on input line 6052.
Package hyperref Info: PDF/A mode OFF on input line 6057.
 (C:\Program Files\MiKTeX\tex/latex/base\atbegshi-ltx.sty
Package: atbegshi-ltx 2021/01/10 v1.0c Emulation of the original atbegshi
package with kernel methods
)
\Hy@abspage=\count320
\c@Item=\count321
\c@Hfootnote=\count322
)
Package hyperref Info: Driver (autodetected): hpdftex.

(C:\Program Files\MiKTeX\tex/latex/hyperref\hpdftex.def
File: hpdftex.def 2022-11-13 v7.00u Hyperref driver for pdfTeX

(C:\Program Files\MiKTeX\tex/latex/base\atveryend-ltx.sty
Package: atveryend-ltx 2020/08/19 v1.0a Emulation of the original atveryend pac
kage
with kernel methods
)
\Fld@listcount=\count323
\c@bookmark@seq@number=\count324

(C:\Users\NChahare\AppData\Roaming\MiKTeX\tex/latex/rerunfilecheck\rerunfileche
ck.sty
Package: rerunfilecheck 2022-07-10 v1.10 Rerun checks for auxiliary files (HO)

(C:\Users\NChahare\AppData\Roaming\MiKTeX\tex/generic/uniquecounter\uniquecount
er.sty
Package: uniquecounter 2019/12/15 v1.4 Provide unlimited unique counter (HO)
)
Package uniquecounter Info: New unique counter `rerunfilecheck' on input line 2
85.
)
\Hy@SectionHShift=\skip111
)
Package hyperref Info: Option `colorlinks' set `true' on input line 19.
) (LaCaN/LaCaNThesis/pre_environment.tex
(C:\Users\NChahare\AppData\Roaming\MiKTeX\tex/latex/algorithms\algorithm.sty
Package: algorithm 2009/08/24 v0.1 Document Style `algorithm' - floating enviro
nment

(C:\Users\NChahare\AppData\Roaming\MiKTeX\tex/latex/float\float.sty
Package: float 2001/11/08 v1.3d Float enhancements (AL)
\c@float@type=\count325
\float@exts=\toks44
\float@box=\box70
\@float@everytoks=\toks45
\@floatcapt=\box71
)
\@float@every@algorithm=\toks46
\c@algorithm=\count326
)
\c@remark=\count327

(C:\Users\NChahare\AppData\Roaming\MiKTeX\tex/latex/mdframed\mdframed.sty
Package: mdframed 2013/07/01 1.9b: mdframed

(C:\Program Files\MiKTeX\tex/latex/l3packages/xparse\xparse.sty
(C:\Program Files\MiKTeX\tex/latex/l3kernel\expl3.sty
Package: expl3 2023-02-02 L3 programming layer (loader) 

(C:\Program Files\MiKTeX\tex/latex/l3backend\l3backend-pdftex.def
File: l3backend-pdftex.def 2023-01-16 L3 backend support: PDF output (pdfTeX)
\l__color_backend_stack_int=\count328
\l__pdf_internal_box=\box72
))
Package: xparse 2023-01-16 L3 Experimental document command parser
)
(C:\Users\NChahare\AppData\Roaming\MiKTeX\tex/latex/zref\zref-abspage.sty
Package: zref-abspage 2022-04-07 v2.34 Module abspage for zref (HO)

(C:\Users\NChahare\AppData\Roaming\MiKTeX\tex/latex/zref\zref-base.sty
Package: zref-base 2022-04-07 v2.34 Module base for zref (HO)
Package zref Info: New property list: main on input line 767.
Package zref Info: New property: default on input line 768.
Package zref Info: New property: page on input line 769.
)
\c@abspage=\count329
Package zref Info: New property: abspage on input line 65.
)
(C:\Users\NChahare\AppData\Roaming\MiKTeX\tex/latex/needspace\needspace.sty
Package: needspace 2010/09/12 v1.3d reserve vertical space
)
\mdf@templength=\skip112
\c@mdf@globalstyle@cnt=\count330
\mdf@skipabove@length=\skip113
\mdf@skipbelow@length=\skip114
\mdf@leftmargin@length=\skip115
\mdf@rightmargin@length=\skip116
\mdf@innerleftmargin@length=\skip117
\mdf@innerrightmargin@length=\skip118
\mdf@innertopmargin@length=\skip119
\mdf@innerbottommargin@length=\skip120
\mdf@splittopskip@length=\skip121
\mdf@splitbottomskip@length=\skip122
\mdf@outermargin@length=\skip123
\mdf@innermargin@length=\skip124
\mdf@linewidth@length=\skip125
\mdf@innerlinewidth@length=\skip126
\mdf@middlelinewidth@length=\skip127
\mdf@outerlinewidth@length=\skip128
\mdf@roundcorner@length=\skip129
\mdf@footenotedistance@length=\skip130
\mdf@userdefinedwidth@length=\skip131
\mdf@needspace@length=\skip132
\mdf@frametitleaboveskip@length=\skip133
\mdf@frametitlebelowskip@length=\skip134
\mdf@frametitlerulewidth@length=\skip135
\mdf@frametitleleftmargin@length=\skip136
\mdf@frametitlerightmargin@length=\skip137
\mdf@shadowsize@length=\skip138
\mdf@extratopheight@length=\skip139
\mdf@subtitleabovelinewidth@length=\skip140
\mdf@subtitlebelowlinewidth@length=\skip141
\mdf@subtitleaboveskip@length=\skip142
\mdf@subtitlebelowskip@length=\skip143
\mdf@subtitleinneraboveskip@length=\skip144
\mdf@subtitleinnerbelowskip@length=\skip145
\mdf@subsubtitleabovelinewidth@length=\skip146
\mdf@subsubtitlebelowlinewidth@length=\skip147
\mdf@subsubtitleaboveskip@length=\skip148
\mdf@subsubtitlebelowskip@length=\skip149
\mdf@subsubtitleinneraboveskip@length=\skip150
\mdf@subsubtitleinnerbelowskip@length=\skip151

(C:\Users\NChahare\AppData\Roaming\MiKTeX\tex/latex/mdframed\md-frame-0.mdf
File: md-frame-0.mdf 2013/07/01\ 1.9b: md-frame-0
)
\mdf@frametitlebox=\box73
\mdf@footnotebox=\box74
\mdf@splitbox@one=\box75
\mdf@splitbox@two=\box76
\mdf@splitbox@save=\box77
\mdfsplitboxwidth=\skip152
\mdfsplitboxtotalwidth=\skip153
\mdfsplitboxheight=\skip154
\mdfsplitboxdepth=\skip155
\mdfsplitboxtotalheight=\skip156
\mdfframetitleboxwidth=\skip157
\mdfframetitleboxtotalwidth=\skip158
\mdfframetitleboxheight=\skip159
\mdfframetitleboxdepth=\skip160
\mdfframetitleboxtotalheight=\skip161
\mdffootnoteboxwidth=\skip162
\mdffootnoteboxtotalwidth=\skip163
\mdffootnoteboxheight=\skip164
\mdffootnoteboxdepth=\skip165
\mdffootnoteboxtotalheight=\skip166
\mdftotallinewidth=\skip167
\mdfboundingboxwidth=\skip168
\mdfboundingboxtotalwidth=\skip169
\mdfboundingboxheight=\skip170
\mdfboundingboxdepth=\skip171
\mdfboundingboxtotalheight=\skip172
\mdf@freevspace@length=\skip173
\mdf@horizontalwidthofbox@length=\skip174
\mdf@verticalmarginwhole@length=\skip175
\mdf@horizontalspaceofbox=\skip176
\mdfsubtitleheight=\skip177
\mdfsubsubtitleheight=\skip178
\c@mdfcountframes=\count331

****** mdframed patching \endmdf@trivlist

****** -- success******

\mdf@envdepth=\count332
\c@mdf@env@i=\count333
\c@mdf@env@ii=\count334
\c@mdf@zref@counter=\count335
Package zref Info: New property: mdf@pagevalue on input line 895.
))
(LaCaN/LaCaNThesis/pre_bibliography.tex
(C:\Users\NChahare\AppData\Roaming\MiKTeX\tex/latex/natbib\natbib.sty
Package: natbib 2010/09/13 8.31b (PWD, AO)
\bibhang=\skip179
\bibsep=\skip180
LaTeX Info: Redefining \cite on input line 694.
\c@NAT@ctr=\count336
))
(LaCaN/LaCaNThesis/pre_todo.tex
(C:\Users\NChahare\AppData\Roaming\MiKTeX\tex/latex/xargs\xargs.sty
Package: xargs 2008/03/22 v1.1  extended macro definitions  (mpg)
\xargs@max=\count337
\xargs@toksa=\toks47
\xargs@toksb=\toks48
)
(C:\Users\NChahare\AppData\Roaming\MiKTeX\tex/latex/todonotes\todonotes.sty
Package: todonotes 2023/01/31 v1.1.6 Todonotes source and documentation.
Package: todonotes 2023/01/31

(C:\Program Files\MiKTeX\tex/latex/pgf/frontendlayer\tikz.sty
(C:\Program Files\MiKTeX\tex/latex/pgf/basiclayer\pgf.sty
(C:\Program Files\MiKTeX\tex/latex/pgf/utilities\pgfrcs.sty
(C:\Program Files\MiKTeX\tex/generic/pgf/utilities\pgfutil-common.tex
\pgfutil@everybye=\toks49
\pgfutil@tempdima=\dimen263
\pgfutil@tempdimb=\dimen264
)
(C:\Program Files\MiKTeX\tex/generic/pgf/utilities\pgfutil-latex.def
\pgfutil@abb=\box78
)
(C:\Program Files\MiKTeX\tex/generic/pgf/utilities\pgfrcs.code.tex
(C:\Program Files\MiKTeX\tex/generic/pgf\pgf.revision.tex)
Package: pgfrcs 2023-01-15 v3.1.10 (3.1.10)
))
Package: pgf 2023-01-15 v3.1.10 (3.1.10)

(C:\Program Files\MiKTeX\tex/latex/pgf/basiclayer\pgfcore.sty
(C:\Program Files\MiKTeX\tex/latex/pgf/systemlayer\pgfsys.sty
(C:\Program Files\MiKTeX\tex/generic/pgf/systemlayer\pgfsys.code.tex
Package: pgfsys 2023-01-15 v3.1.10 (3.1.10)

(C:\Program Files\MiKTeX\tex/generic/pgf/utilities\pgfkeys.code.tex
\pgfkeys@pathtoks=\toks50
\pgfkeys@temptoks=\toks51

(C:\Program Files\MiKTeX\tex/generic/pgf/utilities\pgfkeyslibraryfiltered.code.
tex
\pgfkeys@tmptoks=\toks52
))
\pgf@x=\dimen265
\pgf@y=\dimen266
\pgf@xa=\dimen267
\pgf@ya=\dimen268
\pgf@xb=\dimen269
\pgf@yb=\dimen270
\pgf@xc=\dimen271
\pgf@yc=\dimen272
\pgf@xd=\dimen273
\pgf@yd=\dimen274
\w@pgf@writea=\write3
\r@pgf@reada=\read4
\c@pgf@counta=\count338
\c@pgf@countb=\count339
\c@pgf@countc=\count340
\c@pgf@countd=\count341
\t@pgf@toka=\toks53
\t@pgf@tokb=\toks54
\t@pgf@tokc=\toks55
\pgf@sys@id@count=\count342
 (C:\Program Files\MiKTeX\tex/generic/pgf/systemlayer\pgf.cfg
File: pgf.cfg 2023-01-15 v3.1.10 (3.1.10)
)
Driver file for pgf: pgfsys-pdftex.def

(C:\Program Files\MiKTeX\tex/generic/pgf/systemlayer\pgfsys-pdftex.def
File: pgfsys-pdftex.def 2023-01-15 v3.1.10 (3.1.10)

(C:\Program Files\MiKTeX\tex/generic/pgf/systemlayer\pgfsys-common-pdf.def
File: pgfsys-common-pdf.def 2023-01-15 v3.1.10 (3.1.10)
)))
(C:\Program Files\MiKTeX\tex/generic/pgf/systemlayer\pgfsyssoftpath.code.tex
File: pgfsyssoftpath.code.tex 2023-01-15 v3.1.10 (3.1.10)
\pgfsyssoftpath@smallbuffer@items=\count343
\pgfsyssoftpath@bigbuffer@items=\count344
)
(C:\Program Files\MiKTeX\tex/generic/pgf/systemlayer\pgfsysprotocol.code.tex
File: pgfsysprotocol.code.tex 2023-01-15 v3.1.10 (3.1.10)
))
(C:\Program Files\MiKTeX\tex/generic/pgf/basiclayer\pgfcore.code.tex
Package: pgfcore 2023-01-15 v3.1.10 (3.1.10)

(C:\Program Files\MiKTeX\tex/generic/pgf/math\pgfmath.code.tex
(C:\Program Files\MiKTeX\tex/generic/pgf/math\pgfmathutil.code.tex)
(C:\Program Files\MiKTeX\tex/generic/pgf/math\pgfmathparser.code.tex
\pgfmath@dimen=\dimen275
\pgfmath@count=\count345
\pgfmath@box=\box79
\pgfmath@toks=\toks56
\pgfmath@stack@operand=\toks57
\pgfmath@stack@operation=\toks58
)
(C:\Program Files\MiKTeX\tex/generic/pgf/math\pgfmathfunctions.code.tex)
(C:\Program Files\MiKTeX\tex/generic/pgf/math\pgfmathfunctions.basic.code.tex)
(C:\Program Files\MiKTeX\tex/generic/pgf/math\pgfmathfunctions.trigonometric.co
de.tex)
(C:\Program Files\MiKTeX\tex/generic/pgf/math\pgfmathfunctions.random.code.tex)

(C:\Program Files\MiKTeX\tex/generic/pgf/math\pgfmathfunctions.comparison.code.
tex)
(C:\Program Files\MiKTeX\tex/generic/pgf/math\pgfmathfunctions.base.code.tex)
(C:\Program Files\MiKTeX\tex/generic/pgf/math\pgfmathfunctions.round.code.tex)
(C:\Program Files\MiKTeX\tex/generic/pgf/math\pgfmathfunctions.misc.code.tex)
(C:\Program Files\MiKTeX\tex/generic/pgf/math\pgfmathfunctions.integerarithmeti
cs.code.tex) (C:\Program Files\MiKTeX\tex/generic/pgf/math\pgfmathcalc.code.tex
) (C:\Program Files\MiKTeX\tex/generic/pgf/math\pgfmathfloat.code.tex
\c@pgfmathroundto@lastzeros=\count346
))
(C:\Program Files\MiKTeX\tex/generic/pgf/math\pgfint.code.tex)
(C:\Program Files\MiKTeX\tex/generic/pgf/basiclayer\pgfcorepoints.code.tex
File: pgfcorepoints.code.tex 2023-01-15 v3.1.10 (3.1.10)
\pgf@picminx=\dimen276
\pgf@picmaxx=\dimen277
\pgf@picminy=\dimen278
\pgf@picmaxy=\dimen279
\pgf@pathminx=\dimen280
\pgf@pathmaxx=\dimen281
\pgf@pathminy=\dimen282
\pgf@pathmaxy=\dimen283
\pgf@xx=\dimen284
\pgf@xy=\dimen285
\pgf@yx=\dimen286
\pgf@yy=\dimen287
\pgf@zx=\dimen288
\pgf@zy=\dimen289
)
(C:\Program Files\MiKTeX\tex/generic/pgf/basiclayer\pgfcorepathconstruct.code.t
ex
File: pgfcorepathconstruct.code.tex 2023-01-15 v3.1.10 (3.1.10)
\pgf@path@lastx=\dimen290
\pgf@path@lasty=\dimen291
)
(C:\Program Files\MiKTeX\tex/generic/pgf/basiclayer\pgfcorepathusage.code.tex
File: pgfcorepathusage.code.tex 2023-01-15 v3.1.10 (3.1.10)
\pgf@shorten@end@additional=\dimen292
\pgf@shorten@start@additional=\dimen293
)
(C:\Program Files\MiKTeX\tex/generic/pgf/basiclayer\pgfcorescopes.code.tex
File: pgfcorescopes.code.tex 2023-01-15 v3.1.10 (3.1.10)
\pgfpic=\box80
\pgf@hbox=\box81
\pgf@layerbox@main=\box82
\pgf@picture@serial@count=\count347
)
(C:\Program Files\MiKTeX\tex/generic/pgf/basiclayer\pgfcoregraphicstate.code.te
x
File: pgfcoregraphicstate.code.tex 2023-01-15 v3.1.10 (3.1.10)
\pgflinewidth=\dimen294
)
(C:\Program Files\MiKTeX\tex/generic/pgf/basiclayer\pgfcoretransformations.code
.tex
File: pgfcoretransformations.code.tex 2023-01-15 v3.1.10 (3.1.10)
\pgf@pt@x=\dimen295
\pgf@pt@y=\dimen296
\pgf@pt@temp=\dimen297
) (C:\Program Files\MiKTeX\tex/generic/pgf/basiclayer\pgfcorequick.code.tex
File: pgfcorequick.code.tex 2023-01-15 v3.1.10 (3.1.10)
) (C:\Program Files\MiKTeX\tex/generic/pgf/basiclayer\pgfcoreobjects.code.tex
File: pgfcoreobjects.code.tex 2023-01-15 v3.1.10 (3.1.10)
)
(C:\Program Files\MiKTeX\tex/generic/pgf/basiclayer\pgfcorepathprocessing.code.
tex
File: pgfcorepathprocessing.code.tex 2023-01-15 v3.1.10 (3.1.10)
) (C:\Program Files\MiKTeX\tex/generic/pgf/basiclayer\pgfcorearrows.code.tex
File: pgfcorearrows.code.tex 2023-01-15 v3.1.10 (3.1.10)
\pgfarrowsep=\dimen298
) (C:\Program Files\MiKTeX\tex/generic/pgf/basiclayer\pgfcoreshade.code.tex
File: pgfcoreshade.code.tex 2023-01-15 v3.1.10 (3.1.10)
\pgf@max=\dimen299
\pgf@sys@shading@range@num=\count348
\pgf@shadingcount=\count349
)
(C:\Program Files\MiKTeX\tex/generic/pgf/basiclayer\pgfcoreimage.code.tex
File: pgfcoreimage.code.tex 2023-01-15 v3.1.10 (3.1.10)
)
(C:\Program Files\MiKTeX\tex/generic/pgf/basiclayer\pgfcoreexternal.code.tex
File: pgfcoreexternal.code.tex 2023-01-15 v3.1.10 (3.1.10)
\pgfexternal@startupbox=\box83
)
(C:\Program Files\MiKTeX\tex/generic/pgf/basiclayer\pgfcorelayers.code.tex
File: pgfcorelayers.code.tex 2023-01-15 v3.1.10 (3.1.10)
)
(C:\Program Files\MiKTeX\tex/generic/pgf/basiclayer\pgfcoretransparency.code.te
x
File: pgfcoretransparency.code.tex 2023-01-15 v3.1.10 (3.1.10)
) (C:\Program Files\MiKTeX\tex/generic/pgf/basiclayer\pgfcorepatterns.code.tex
File: pgfcorepatterns.code.tex 2023-01-15 v3.1.10 (3.1.10)
) (C:\Program Files\MiKTeX\tex/generic/pgf/basiclayer\pgfcorerdf.code.tex
File: pgfcorerdf.code.tex 2023-01-15 v3.1.10 (3.1.10)
)))
(C:\Program Files\MiKTeX\tex/generic/pgf/modules\pgfmoduleshapes.code.tex
File: pgfmoduleshapes.code.tex 2023-01-15 v3.1.10 (3.1.10)
\pgfnodeparttextbox=\box84
)
(C:\Program Files\MiKTeX\tex/generic/pgf/modules\pgfmoduleplot.code.tex
File: pgfmoduleplot.code.tex 2023-01-15 v3.1.10 (3.1.10)
)
(C:\Program Files\MiKTeX\tex/latex/pgf/compatibility\pgfcomp-version-0-65.sty
Package: pgfcomp-version-0-65 2023-01-15 v3.1.10 (3.1.10)
\pgf@nodesepstart=\dimen300
\pgf@nodesepend=\dimen301
)
(C:\Program Files\MiKTeX\tex/latex/pgf/compatibility\pgfcomp-version-1-18.sty
Package: pgfcomp-version-1-18 2023-01-15 v3.1.10 (3.1.10)
)) (C:\Program Files\MiKTeX\tex/latex/pgf/utilities\pgffor.sty
(C:\Program Files\MiKTeX\tex/latex/pgf/utilities\pgfkeys.sty
(C:\Program Files\MiKTeX\tex/generic/pgf/utilities\pgfkeys.code.tex))
(C:\Program Files\MiKTeX\tex/latex/pgf/math\pgfmath.sty
(C:\Program Files\MiKTeX\tex/generic/pgf/math\pgfmath.code.tex))
(C:\Program Files\MiKTeX\tex/generic/pgf/utilities\pgffor.code.tex
Package: pgffor 2023-01-15 v3.1.10 (3.1.10)
\pgffor@iter=\dimen302
\pgffor@skip=\dimen303
\pgffor@stack=\toks59
\pgffor@toks=\toks60
))
(C:\Program Files\MiKTeX\tex/generic/pgf/frontendlayer/tikz\tikz.code.tex
Package: tikz 2023-01-15 v3.1.10 (3.1.10)

(C:\Program Files\MiKTeX\tex/generic/pgf/libraries\pgflibraryplothandlers.code.
tex
File: pgflibraryplothandlers.code.tex 2023-01-15 v3.1.10 (3.1.10)
\pgf@plot@mark@count=\count350
\pgfplotmarksize=\dimen304
)
\tikz@lastx=\dimen305
\tikz@lasty=\dimen306
\tikz@lastxsaved=\dimen307
\tikz@lastysaved=\dimen308
\tikz@lastmovetox=\dimen309
\tikz@lastmovetoy=\dimen310
\tikzleveldistance=\dimen311
\tikzsiblingdistance=\dimen312
\tikz@figbox=\box85
\tikz@figbox@bg=\box86
\tikz@tempbox=\box87
\tikz@tempbox@bg=\box88
\tikztreelevel=\count351
\tikznumberofchildren=\count352
\tikznumberofcurrentchild=\count353
\tikz@fig@count=\count354
 (C:\Program Files\MiKTeX\tex/generic/pgf/modules\pgfmodulematrix.code.tex
File: pgfmodulematrix.code.tex 2023-01-15 v3.1.10 (3.1.10)
\pgfmatrixcurrentrow=\count355
\pgfmatrixcurrentcolumn=\count356
\pgf@matrix@numberofcolumns=\count357
)
\tikz@expandcount=\count358

(C:\Program Files\MiKTeX\tex/generic/pgf/frontendlayer/tikz/libraries\tikzlibra
rytopaths.code.tex
File: tikzlibrarytopaths.code.tex 2023-01-15 v3.1.10 (3.1.10)
)))
(C:\Program Files\MiKTeX\tex/generic/pgf/frontendlayer/tikz/libraries\tikzlibra
rypositioning.code.tex
File: tikzlibrarypositioning.code.tex 2023-01-15 v3.1.10 (3.1.10)
)
\c@@todonotes@numberoftodonotes=\count359
)) (LaCaN/0000-Preliminary/0000-Commands.tex
\@indexfile=\write4
\openout4 = `main.idx'.


Writing index file main.idx
) (LaCaN/0000-Preliminary/0000-Packages.tex
(C:\Users\NChahare\AppData\Roaming\MiKTeX\tex/latex/cases\cases.sty
Package: cases 2020/03/29 ver 3.2
\numc@numwid=\dimen313
)
(C:\Program Files\MiKTeX\tex/latex/tools\bm.sty
Package: bm 2022/01/05 v1.2f Bold Symbol Support (DPC/FMi)
Package bm Info: No bold for \LS2/libertinust1mathsym/m/n, using \pmb.
Package bm Info: No bold for \LS2/libertinust1mathex/m/n, using \pmb.
Package bm Info: No bold for \U/msa/m/n, using \pmb.
Package bm Info: No bold for \U/msb/m/n, using \pmb.
Package bm Info: No bold for \U/rsfs/m/n, using \pmb.
Package bm Info: No bold for \LS1/libertinust1mathbb/m/n, using \pmb.
Package bm Info: No bold for \LS1/libertinust1math/b/n, using \pmb.
Package bm Info: No bold for \LS1/libertinust1math/b/it, using \pmb.
)
(C:\Users\NChahare\AppData\Roaming\MiKTeX\tex/latex/titling\titling.sty
Package: titling 2009/09/04 v2.1d maketitle typesetting
\thanksmarkwidth=\skip181
\thanksmargin=\skip182
\droptitle=\skip183
)
(C:\Users\NChahare\AppData\Roaming\MiKTeX\tex/latex/titlesec\titletoc.sty
Package: titletoc 2021/07/05 v2.14 TOC entries
\ttl@leftsep=\dimen314
)
(C:\Program Files\MiKTeX\tex/latex/graphics\rotating.sty
Package: rotating 2016/08/11 v2.16d rotated objects in LaTeX
\c@r@tfl@t=\count360
\rotFPtop=\skip184
\rotFPbot=\skip185
\rot@float@box=\box89
\rot@mess@toks=\toks61
)
(C:\Users\NChahare\AppData\Roaming\MiKTeX\tex/latex/lipsum\lipsum.sty
(C:\Program Files\MiKTeX\tex/latex/l3packages/l3keys2e\l3keys2e.sty
Package: l3keys2e 2023-01-16 LaTeX2e option processing using LaTeX3 keys
)
Package: lipsum 2021-09-20 v2.7 150 paragraphs of Lorem Ipsum dummy text
\g__lipsum_par_int=\count361
\l__lipsum_a_int=\count362
\l__lipsum_b_int=\count363

(C:\Users\NChahare\AppData\Roaming\MiKTeX\tex/latex/lipsum\lipsum.ltd.tex))
(C:\Users\NChahare\AppData\Roaming\MiKTeX\tex/latex/easy\easytable.sty
Document Style `easytable' v1.0 <2001/06/13>.
(C:\Users\NChahare\AppData\Roaming\MiKTeX\tex/latex/easy\easy.sty
Document Style `easy' v1.1 <2001/05/31>.
Package: easy 2001/05/31 v1.1
\@easy@level=\count364
\@easy@ncol=\count365
\@easy@nrow=\count366
\@easy@cnt=\count367
\@easy@boxviii=\box90
\@easy@minxviii=\dimen315
\@easy@minyviii=\dimen316
\@easy@maxxviii=\dimen317
\@easy@maxyviii=\dimen318
\@easy@boxvii=\box91
\@easy@minxvii=\dimen319
\@easy@minyvii=\dimen320
\@easy@maxxvii=\dimen321
\@easy@maxyvii=\dimen322
\@easy@boxvi=\box92
\@easy@minxvi=\dimen323
\@easy@minyvi=\dimen324
\@easy@maxxvi=\dimen325
\@easy@maxyvi=\dimen326
\@easy@boxv=\box93
\@easy@minxv=\dimen327
\@easy@minyv=\dimen328
\@easy@maxxv=\dimen329
\@easy@maxyv=\dimen330
\@easy@boxiv=\box94
\@easy@minxiv=\dimen331
\@easy@minyiv=\dimen332
\@easy@maxxiv=\dimen333
\@easy@maxyiv=\dimen334
\@easy@boxiii=\box95
\@easy@minxiii=\dimen335
\@easy@minyiii=\dimen336
\@easy@maxxiii=\dimen337
\@easy@maxyiii=\dimen338
\@easy@boxii=\box96
\@easy@minxii=\dimen339
\@easy@minyii=\dimen340
\@easy@maxxii=\dimen341
\@easy@maxyii=\dimen342
\@easy@boxi=\box97
\@easy@minxi=\dimen343
\@easy@minyi=\dimen344
\@easy@maxxi=\dimen345
\@easy@maxyi=\dimen346
\@easy@hsizexxx=\dimen347
\@easy@vsizexxx=\dimen348
\@easy@hsizexxix=\dimen349
\@easy@vsizexxix=\dimen350
\@easy@hsizexxviii=\dimen351
\@easy@vsizexxviii=\dimen352
\@easy@hsizexxvii=\dimen353
\@easy@vsizexxvii=\dimen354
\@easy@hsizexxvi=\dimen355
\@easy@vsizexxvi=\dimen356
\@easy@hsizexxv=\dimen357
\@easy@vsizexxv=\dimen358
\@easy@hsizexxiv=\dimen359
\@easy@vsizexxiv=\dimen360
\@easy@hsizexxiii=\dimen361
\@easy@vsizexxiii=\dimen362
\@easy@hsizexxii=\dimen363
\@easy@vsizexxii=\dimen364
\@easy@hsizexxi=\dimen365
\@easy@vsizexxi=\dimen366
\@easy@hsizexx=\dimen367
\@easy@vsizexx=\dimen368
\@easy@hsizexix=\dimen369
\@easy@vsizexix=\dimen370
\@easy@hsizexviii=\dimen371
\@easy@vsizexviii=\dimen372
\@easy@hsizexvii=\dimen373
\@easy@vsizexvii=\dimen374
\@easy@hsizexvi=\dimen375
\@easy@vsizexvi=\dimen376
\@easy@hsizexv=\dimen377
\@easy@vsizexv=\dimen378
\@easy@hsizexiv=\dimen379
\@easy@vsizexiv=\dimen380
\@easy@hsizexiii=\dimen381
\@easy@vsizexiii=\dimen382
\@easy@hsizexii=\dimen383
\@easy@vsizexii=\dimen384
\@easy@hsizexi=\dimen385
\@easy@vsizexi=\dimen386
\@easy@hsizex=\dimen387
\@easy@vsizex=\dimen388
\@easy@hsizeix=\dimen389
\@easy@vsizeix=\dimen390
\@easy@hsizeviii=\dimen391
\@easy@vsizeviii=\dimen392
\@easy@hsizevii=\dimen393
\@easy@vsizevii=\dimen394
\@easy@hsizevi=\dimen395
\@easy@vsizevi=\dimen396
\@easy@hsizev=\dimen397
\@easy@vsizev=\dimen398
\@easy@hsizeiv=\dimen399
\@easy@vsizeiv=\dimen400
\@easy@hsizeiii=\dimen401
\@easy@vsizeiii=\dimen402
\@easy@hsizeii=\dimen403
\@easy@vsizeii=\dimen404
\@easy@hsizei=\dimen405
\@easy@vsizei=\dimen406
\@easy@dash@len=\dimen407
\@easy@dash@sep=\dimen408
)
Package: easytable 2001/05/31v1.1
\@tab@size@rule=\dimen409
\@tab@size@dash=\dimen410
) (C:\Users\NChahare\AppData\Roaming\MiKTeX\tex/latex/commath\commath.sty)
(C:\Users\NChahare\AppData\Roaming\MiKTeX\tex/latex/kantlipsum\kantlipsum.sty
Package: kantlipsum 2019/07/23 v0.8 Generate text in Kantian style
\l__kgl_start_int=\count368
\l__kgl_end_int=\count369

Package kantlipsum Info: The package provides paragraphs 1 to 164. Values
(kantlipsum)             outside this range will be ignored.

)
(C:\Users\NChahare\AppData\Roaming\MiKTeX\tex/latex/import\import.sty
Package: import 2020/04/01  v 6.2
)
(C:\Program Files\MiKTeX\tex/latex/base\makeidx.sty
Package: makeidx 2021/10/04 v1.0m Standard LaTeX package
)
(C:\Users\NChahare\AppData\Roaming\MiKTeX\tex/latex/adjustbox\adjustbox.sty
Package: adjustbox 2022/10/17 v1.3a Adjusting TeX boxes (trim, clip, ...)

(C:\Users\NChahare\AppData\Roaming\MiKTeX\tex/latex/adjustbox\adjcalc.sty
Package: adjcalc 2012/05/16 v1.1 Provides advanced setlength with multiple back
-ends (calc, etex, pgfmath)
)
(C:\Users\NChahare\AppData\Roaming\MiKTeX\tex/latex/adjustbox\trimclip.sty
Package: trimclip 2020/08/19 v1.2 Trim and clip general TeX material

(C:\Users\NChahare\AppData\Roaming\MiKTeX\tex/latex/collectbox\collectbox.sty
Package: collectbox 2022/10/17 v0.4c Collect macro arguments as boxes
\collectedbox=\box98
)
\tc@llx=\dimen411
\tc@lly=\dimen412
\tc@urx=\dimen413
\tc@ury=\dimen414
Package trimclip Info: Using driver 'tc-pdftex.def'.

(C:\Users\NChahare\AppData\Roaming\MiKTeX\tex/latex/adjustbox\tc-pdftex.def
File: tc-pdftex.def 2019/01/04 v2.2 Clipping driver for pdftex
))
\adjbox@Width=\dimen415
\adjbox@Height=\dimen416
\adjbox@Depth=\dimen417
\adjbox@Totalheight=\dimen418
\adjbox@pwidth=\dimen419
\adjbox@pheight=\dimen420
\adjbox@pdepth=\dimen421
\adjbox@ptotalheight=\dimen422

(C:\Users\NChahare\AppData\Roaming\MiKTeX\tex/latex/ifoddpage\ifoddpage.sty
Package: ifoddpage 2022/10/18 v1.2 Conditionals for odd/even page detection
\c@checkoddpage=\count370
)
(C:\Users\NChahare\AppData\Roaming\MiKTeX\tex/latex/varwidth\varwidth.sty
Package: varwidth 2009/03/30 ver 0.92;  Variable-width minipages
\@vwid@box=\box99
\sift@deathcycles=\count371
\@vwid@loff=\dimen423
\@vwid@roff=\dimen424
))
(C:\Program Files\MiKTeX\tex/latex/tcolorbox\tcolorbox.sty
Package: tcolorbox 2022/06/24 version 5.1.1 text color boxes

(C:\Program Files\MiKTeX\tex/latex/tools\verbatim.sty
Package: verbatim 2020-07-07 v1.5u LaTeX2e package for verbatim enhancements
\every@verbatim=\toks62
\verbatim@line=\toks63
\verbatim@in@stream=\read5
)
(C:\Program Files\MiKTeX\tex/latex/environ\environ.sty
Package: environ 2014/05/04 v0.3 A new way to define environments

(C:\Program Files\MiKTeX\tex/latex/trimspaces\trimspaces.sty
Package: trimspaces 2009/09/17 v1.1 Trim spaces around a token list
))
\tcb@titlebox=\box100
\tcb@upperbox=\box101
\tcb@lowerbox=\box102
\tcb@phantombox=\box103
\c@tcbbreakpart=\count372
\c@tcblayer=\count373
\c@tcolorbox@number=\count374
\tcb@temp=\box104
\tcb@temp=\box105
\tcb@temp=\box106
\tcb@temp=\box107
)
(C:\Program Files\MiKTeX\tex/latex/tools\dcolumn.sty
Package: dcolumn 2014/10/28 v1.06 decimal alignment package (DPC)
)
(C:\Users\NChahare\AppData\Roaming\MiKTeX\tex/latex/bbding\bbding.sty
Package: bbding 1999/04/15 v1.01 Dingbats symbols
)
(C:\Users\NChahare\AppData\Roaming\MiKTeX\tex/latex/stackengine\stackengine.sty
Package: stackengine 2021/07/22 v4.11\ Stacking text and objects in convenient 
ways

(C:\Users\NChahare\AppData\Roaming\MiKTeX\tex/latex/listofitems\listofitems.sty

(C:\Users\NChahare\AppData\Roaming\MiKTeX\tex/generic/listofitems\listofitems.t
ex
\loi_cnt_foreach_nest=\count375
\loi_nestcnt=\count376
)
Package: listofitems 2019/08/21 v1.63 Grab items in lists using user-specified 
sep char (CT)
)
\c@@stackindex=\count377
\@boxshift=\skip186
\stack@tmplength=\skip187
\temp@stkl=\skip188
\@stackedboxwidth=\skip189
\@addedbox=\box108
\@anchorbox=\box109
\@insetbox=\box110
\se@backgroundbox=\box111
\stackedbox=\box112
\@centerbox=\box113
\c@ROWcellindex@=\count378
) (C:\Users\NChahare\AppData\Roaming\MiKTeX\tex/latex/ulem\ulem.sty
\UL@box=\box114
\UL@hyphenbox=\box115
\UL@skip=\skip190
\UL@hook=\toks64
\UL@height=\dimen425
\UL@pe=\count379
\UL@pixel=\dimen426
\ULC@box=\box116
Package: ulem 2019/11/18
\ULdepth=\dimen427
)
(C:\Program Files\MiKTeX\tex/latex/oberdiek\resizegather.sty
Package: resizegather 2016/05/16 v1.3 Resize overly large equations (HO)
)
(C:\Program Files\MiKTeX\tex/latex/tools\tabularx.sty
Package: tabularx 2020/01/15 v2.11c `tabularx' package (DPC)
\TX@col@width=\dimen428
\TX@old@table=\dimen429
\TX@old@col=\dimen430
\TX@target=\dimen431
\TX@delta=\dimen432
\TX@cols=\count380
\TX@ftn=\toks65
))
(C:\Users\NChahare\AppData\Roaming\MiKTeX\tex/latex/fontawesome\fontawesome.sty
Package: fontawesome 2016/05/15 v4.6.3.1 font awesome icons

(C:\Users\NChahare\AppData\Roaming\MiKTeX\tex/latex/fontawesome\fontawesomesymb
ols-generic.tex)
(C:\Users\NChahare\AppData\Roaming\MiKTeX\tex/latex/fontawesome\fontawesomesymb
ols-pdftex.tex))) (main.aux (LaCaN/0000-Preliminary/0001-Cover.aux)
(LaCaN/0000-Preliminary/0002-TitlePage.aux)
(LaCaN/0000-Preliminary/0003-InitialCite.aux)
(LaCaN/0000-Preliminary/0004-Abstract.aux)
(LaCaN/0000-Preliminary/0006-Contents.aux))
\openout1 = `main.aux'.

LaTeX Font Info:    Checking defaults for OML/cmm/m/it on input line 24.
LaTeX Font Info:    ... okay on input line 24.
LaTeX Font Info:    Checking defaults for OMS/cmsy/m/n on input line 24.
LaTeX Font Info:    ... okay on input line 24.
LaTeX Font Info:    Checking defaults for OT1/cmr/m/n on input line 24.
LaTeX Font Info:    ... okay on input line 24.
LaTeX Font Info:    Checking defaults for T1/cmr/m/n on input line 24.
LaTeX Font Info:    ... okay on input line 24.
LaTeX Font Info:    Checking defaults for TS1/cmr/m/n on input line 24.
LaTeX Font Info:    ... okay on input line 24.
LaTeX Font Info:    Checking defaults for OMX/cmex/m/n on input line 24.
LaTeX Font Info:    ... okay on input line 24.
LaTeX Font Info:    Checking defaults for U/cmr/m/n on input line 24.
LaTeX Font Info:    ... okay on input line 24.
LaTeX Font Info:    Checking defaults for LS1/libertinust1math/m/n on input lin
e 24.
LaTeX Font Info:    Trying to load font information for LS1+libertinust1math on
 input line 24.

(C:\Users\NChahare\AppData\Roaming\MiKTeX\tex/latex/libertinust1math\ls1liberti
nust1math.fd
File: ls1libertinust1math.fd 2016/03/23 Fontinst v1.933 font definitions for LS
1/libertinust1math.
)
LaTeX Font Info:    ... okay on input line 24.
LaTeX Font Info:    Checking defaults for LS2/libertinust1mathsym/m/n on input 
line 24.
LaTeX Font Info:    Trying to load font information for LS2+libertinust1mathsym
 on input line 24.

(C:\Users\NChahare\AppData\Roaming\MiKTeX\tex/latex/libertinust1math\ls2liberti
nust1mathsym.fd
File: ls2libertinust1mathsym.fd 2015/04/17 v1.1.2-latex LibertinusT1Mathsym LS2
 font definitions
)
LaTeX Font Info:    ... okay on input line 24.
LaTeX Font Info:    Checking defaults for PD1/pdf/m/n on input line 24.
LaTeX Font Info:    ... okay on input line 24.
LaTeX Font Info:    Checking defaults for PU/pdf/m/n on input line 24.
LaTeX Font Info:    ... okay on input line 24.

*geometry* driver: auto-detecting
*geometry* detected driver: pdftex
*geometry* verbose mode - [ preamble ] result:
* driver: pdftex
* paper: a4paper
* layout: <same size as paper>
* layoutoffset:(h,v)=(0.0pt,0.0pt)
* modes: twoside 
* h-part:(L,W,R)=(99.58464pt, 412.56497pt, 85.35826pt)
* v-part:(T,H,B)=(142.26378pt, 601.37642pt, 101.40665pt)
* \paperwidth=597.50787pt
* \paperheight=845.04684pt
* \textwidth=412.56497pt
* \textheight=601.37642pt
* \oddsidemargin=27.31465pt
* \evensidemargin=13.08827pt
* \topmargin=18.00513pt
* \headheight=15.0pt
* \headsep=36.98866pt
* \topskip=11.0pt
* \footskip=25.0pt
* \marginparwidth=76.82234pt
* \marginparsep=7.0pt
* \columnsep=10.0pt
* \skip\footins=10.0pt plus 4.0pt minus 2.0pt
* \hoffset=0.0pt
* \voffset=0.0pt
* \mag=1000
* \@twocolumnfalse
* \@twosidetrue
* \@mparswitchtrue
* \@reversemarginfalse
* (1in=72.27pt=25.4mm, 1cm=28.453pt)

LaTeX Info: Command `\dddot' is already robust on input line 24.
LaTeX Info: Command `\ddddot' is already robust on input line 24.

(C:\Users\NChahare\AppData\Roaming\MiKTeX\tex/latex/translations/dicts\translat
ions-basic-dictionary-english.trsl
File: translations-basic-dictionary-english.trsl (english translation file `tra
nslations-basic-dictionary')
)
Package translations Info: loading dictionary `translations-basic-dictionary' f
or `english'. on input line 24.
\c@mv@tabular=\count381
\c@mv@boldtabular=\count382
LaTeX Info: Redefining \microtypecontext on input line 24.
Package microtype Info: Applying patch `item' on input line 24.
Package microtype Info: Applying patch `toc' on input line 24.
Package microtype Info: Applying patch `eqnum' on input line 24.
Package microtype Info: Applying patch `footnote' on input line 24.
Package microtype Info: Generating PDF output.
Package microtype Info: Character protrusion enabled (level 2).
Package microtype Info: Using default protrusion set `alltext'.
Package microtype Info: Automatic font expansion enabled (level 2),
(microtype)             stretch: 20, shrink: 20, step: 1, non-selected.
Package microtype Info: Using default expansion set `alltext-nott'.
LaTeX Info: Redefining \showhyphens on input line 24.
Package microtype Info: No adjustment of tracking.
Package microtype Info: No adjustment of interword spacing.
Package microtype Info: No adjustment of character kerning.
Package microtype Info: Loading generic protrusion settings for font family
(microtype)             `LinuxLibertineT-TLF' (encoding: T1).
(microtype)             For optimal results, create family-specific settings.
(microtype)             See the microtype manual for details.

(C:\Program Files\MiKTeX\tex/context/base/mkii\supp-pdf.mkii
[Loading MPS to PDF converter (version 2006.09.02).]
\scratchcounter=\count383
\scratchdimen=\dimen433
\scratchbox=\box117
\nofMPsegments=\count384
\nofMParguments=\count385
\everyMPshowfont=\toks66
\MPscratchCnt=\count386
\MPscratchDim=\dimen434
\MPnumerator=\count387
\makeMPintoPDFobject=\count388
\everyMPtoPDFconversion=\toks67
) (C:\Program Files\MiKTeX\tex/latex/epstopdf-pkg\epstopdf-base.sty
Package: epstopdf-base 2020-01-24 v2.11 Base part for package epstopdf
Package epstopdf-base Info: Redefining graphics rule for `.eps' on input line 4
85.

(C:\Program Files\MiKTeX\tex/latex/00miktex\epstopdf-sys.cfg
File: epstopdf-sys.cfg 2021/03/18 v2.0 Configuration of epstopdf for MiKTeX
))
Package caption Info: Begin \AtBeginDocument code.
Package caption Info: float package is loaded.
Package caption Info: hyperref package is loaded.
Package caption Info: rotating package is loaded.
Package caption Info: wrapfig package is loaded.
Package caption Info: End \AtBeginDocument code.

(C:\Users\NChahare\AppData\Roaming\MiKTeX\tex/latex/pdflscape\pdflscape.sty
Package: pdflscape 2022-10-27 v0.13 Display of landscape pages in PDF

(C:\Users\NChahare\AppData\Roaming\MiKTeX\tex/latex/pdflscape\pdflscape-nometad
ata.sty
Package: pdflscape-nometadata 2022-10-28 v0.13 Display of landscape pages in PD
F (HO)
 (C:\Program Files\MiKTeX\tex/latex/graphics\lscape.sty
Package: lscape 2020/05/28 v3.02 Landscape Pages (DPC)
)
Package pdflscape Info: Auto-detected driver: pdftex on input line 81.
))
Package hyperref Info: Link coloring ON on input line 24.
 (main.out)
(main.out)
\@outlinefile=\write5
\openout5 = `main.out'.

 (LaCaN/0000-Preliminary/0000-Definitions.tex)
\openout2 = `LaCaN/0000-Preliminary/0001-Cover.aux'.


(LaCaN/0000-Preliminary/0001-Cover.tex)
\openout2 = `LaCaN/0000-Preliminary/0002-TitlePage.aux'.


(LaCaN/0000-Preliminary/0002-TitlePage.tex
<LaCaN/0000-Preliminary/Logo/FME.png, id=214, 458.1918pt x 86.2422pt>
File: LaCaN/0000-Preliminary/Logo/FME.png Graphic file (type png)
<use LaCaN/0000-Preliminary/Logo/FME.png>
Package pdftex.def Info: LaCaN/0000-Preliminary/Logo/FME.png  used on input lin
e 4.
(pdftex.def)             Requested size: 239.08609pt x 45.0pt.
<LaCaN/0000-Preliminary/Logo/FME_q.png, id=216, 86.2422pt x 86.2422pt>
File: LaCaN/0000-Preliminary/Logo/FME_q.png Graphic file (type png)
<use LaCaN/0000-Preliminary/Logo/FME_q.png>
Package pdftex.def Info: LaCaN/0000-Preliminary/Logo/FME_q.png  used on input l
ine 6.
(pdftex.def)             Requested size: 45.00146pt x 45.0pt.
LaTeX Font Info:    Font shape `T1/LinuxLibertineT-TLF/m/n' will be
(Font)              scaled to size 14.4pt on input line 8.
LaTeX Font Info:    Font shape `T1/LinuxLibertineT-TLF/m/sc' will be
(Font)              scaled to size 14.4pt on input line 8.
LaTeX Font Info:    Font shape `T1/LinuxLibertineT-TLF/m/n' will be
(Font)              scaled to size 12.0pt on input line 9.
LaTeX Font Info:    Font shape `T1/LinuxLibertineT-TLF/m/sc' will be
(Font)              scaled to size 12.0pt on input line 9.
LaTeX Font Info:    Font shape `T1/LinuxLibertineT-TLF/m/sc' will be
(Font)              scaled to size 10.95pt on input line 14.
LaTeX Font Info:    Font shape `T1/LinuxLibertineT-TLF/m/sc' will be
(Font)              scaled to size 17.28pt on input line 14.
<LaCaN/0000-Preliminary/Logo/LaCaN.png, id=217, 85.7604pt x 86.2422pt>
File: LaCaN/0000-Preliminary/Logo/LaCaN.png Graphic file (type png)
<use LaCaN/0000-Preliminary/Logo/LaCaN.png>
Package pdftex.def Info: LaCaN/0000-Preliminary/Logo/LaCaN.png  used on input l
ine 25.
(pdftex.def)             Requested size: 44.75006pt x 45.0pt.
LaTeX Font Info:    Font shape `LS1/libertinust1math/m/n' will be
(Font)              scaled to size 10.95pt on input line 25.
LaTeX Font Info:    Font shape `LS1/libertinust1math/m/n' will be
(Font)              scaled to size 8.0pt on input line 25.
LaTeX Font Info:    Font shape `LS1/libertinust1math/m/n' will be
(Font)              scaled to size 6.0pt on input line 25.
LaTeX Font Info:    Font shape `LS1/libertinust1math/m/it' will be
(Font)              scaled to size 10.95pt on input line 25.
LaTeX Font Info:    Font shape `LS1/libertinust1math/m/it' will be
(Font)              scaled to size 8.0pt on input line 25.
LaTeX Font Info:    Font shape `LS1/libertinust1math/m/it' will be
(Font)              scaled to size 6.0pt on input line 25.
LaTeX Font Info:    Font shape `LS2/libertinust1mathsym/m/n' will be
(Font)              scaled to size 10.95pt on input line 25.
LaTeX Font Info:    Font shape `LS2/libertinust1mathsym/m/n' will be
(Font)              scaled to size 8.0pt on input line 25.
LaTeX Font Info:    Font shape `LS2/libertinust1mathsym/m/n' will be
(Font)              scaled to size 6.0pt on input line 25.
LaTeX Font Info:    Trying to load font information for LS2+libertinust1mathex 
on input line 25.

(C:\Users\NChahare\AppData\Roaming\MiKTeX\tex/latex/libertinust1math\ls2liberti
nust1mathex.fd
File: ls2libertinust1mathex.fd 2016/03/15 v1.0.0-latex LibertinusMath extension
s LS2 font definitions
)
LaTeX Font Info:    Font shape `LS2/libertinust1mathex/m/n' will be
(Font)              scaled to size 10.95pt on input line 25.
LaTeX Font Info:    Font shape `LS2/libertinust1mathex/m/n' will be
(Font)              scaled to size 8.0pt on input line 25.
LaTeX Font Info:    Font shape `LS2/libertinust1mathex/m/n' will be
(Font)              scaled to size 6.0pt on input line 25.
LaTeX Font Info:    Trying to load font information for U+msa on input line 25.

 (C:\Program Files\MiKTeX\tex/latex/amsfonts\umsa.fd
File: umsa.fd 2013/01/14 v3.01 AMS symbols A
)
(C:\Users\NChahare\AppData\Roaming\MiKTeX\tex/latex/microtype\mt-msa.cfg
File: mt-msa.cfg 2006/02/04 v1.1 microtype config. file: AMS symbols (a) (RS)
)
LaTeX Font Info:    Trying to load font information for U+msb on input line 25.


(C:\Program Files\MiKTeX\tex/latex/amsfonts\umsb.fd
File: umsb.fd 2013/01/14 v3.01 AMS symbols B
)
(C:\Users\NChahare\AppData\Roaming\MiKTeX\tex/latex/microtype\mt-msb.cfg
File: mt-msb.cfg 2005/06/01 v1.0 microtype config. file: AMS symbols (b) (RS)
)
LaTeX Font Info:    Trying to load font information for U+rsfs on input line 25
.

(C:\Users\NChahare\AppData\Roaming\MiKTeX\tex/latex/jknappen\ursfs.fd
File: ursfs.fd 1998/03/24 rsfs font definition file (jk)
)
(C:\Users\NChahare\AppData\Roaming\MiKTeX\tex/latex/microtype\mt-eur.cfg
File: mt-eur.cfg 2006/07/31 v1.1 microtype config. file: AMS Euler Roman (RS)
)
LaTeX Font Info:    Trying to load font information for LS1+libertinust1mathbb 
on input line 25.

(C:\Users\NChahare\AppData\Roaming\MiKTeX\tex/latex/libertinust1math\ls1liberti
nust1mathbb.fd
File: ls1libertinust1mathbb.fd 2016/08/22 latex LibertinusT1Mathbb LS1 font def
initions
)
LaTeX Font Info:    Font shape `LS1/libertinust1mathbb/m/n' will be
(Font)              scaled to size 10.95pt on input line 25.
LaTeX Font Info:    Font shape `LS1/libertinust1mathbb/m/n' will be
(Font)              scaled to size 8.0pt on input line 25.
LaTeX Font Info:    Font shape `LS1/libertinust1mathbb/m/n' will be
(Font)              scaled to size 6.0pt on input line 25.
LaTeX Font Info:    Font shape `LS1/libertinust1math/b/n' will be
(Font)              scaled to size 10.95pt on input line 25.
LaTeX Font Info:    Font shape `LS1/libertinust1math/b/n' will be
(Font)              scaled to size 8.0pt on input line 25.
LaTeX Font Info:    Font shape `LS1/libertinust1math/b/n' will be
(Font)              scaled to size 6.0pt on input line 25.
LaTeX Font Info:    Font shape `LS1/libertinust1math/b/it' will be
(Font)              scaled to size 10.95pt on input line 25.
LaTeX Font Info:    Font shape `LS1/libertinust1math/b/it' will be
(Font)              scaled to size 8.0pt on input line 25.
LaTeX Font Info:    Font shape `LS1/libertinust1math/b/it' will be
(Font)              scaled to size 6.0pt on input line 25.
 [1






{C:/Users/NChahare/AppData/Local/MiKTeX/fonts/map/pdftex/pdftex.map} <./LaCaN/0
000-Preliminary/Logo/FME.png> <./LaCaN/0000-Preliminary/Logo/FME_q.png> <./LaCa
N/0000-Preliminary/Logo/LaCaN.png>] [2

])
\openout2 = `LaCaN/0000-Preliminary/0003-InitialCite.aux'.


(LaCaN/0000-Preliminary/0003-InitialCite.tex [3



] [4

])
\openout2 = `LaCaN/0000-Preliminary/0004-Abstract.aux'.


(LaCaN/0000-Preliminary/0004-Abstract.tex
LaTeX Font Info:    Font shape `T1/LinuxLibertineT-TLF/m/n' will be
(Font)              scaled to size 9.0pt on input line 7.
LaTeX Font Info:    Font shape `T1/LinuxLibertineT-TLF/m/it' will be
(Font)              scaled to size 9.0pt on input line 8.
 [1





] [2

])
\openout2 = `LaCaN/0000-Preliminary/0006-Contents.aux'.


(LaCaN/0000-Preliminary/0006-Contents.tex
LaTeX Font Info:    Font shape `T1/LinuxLibertineT-TLF/m/n' will be
(Font)              scaled to size 24.88pt on input line 7.
LaTeX Font Info:    Font shape `T1/LinuxLibertineT-TLF/b/n' will be
(Font)              scaled to size 24.88pt on input line 7.
 (main.toc
LaTeX Font Info:    Font shape `T1/LinuxLibertineT-TLF/b/n' will be
(Font)              scaled to size 10.95pt on input line 2.
LaTeX Font Info:    Font shape `T1/LinuxLibertineT-TLF/b/n' will be
(Font)              scaled to size 12.0pt on input line 6.
LaTeX Font Info:    Font shape `LS1/libertinust1math/m/n' will be
(Font)              scaled to size 12.0pt on input line 6.
LaTeX Font Info:    Font shape `LS1/libertinust1math/m/it' will be
(Font)              scaled to size 12.0pt on input line 6.
LaTeX Font Info:    Font shape `LS2/libertinust1mathsym/m/n' will be
(Font)              scaled to size 12.0pt on input line 6.
LaTeX Font Info:    Font shape `LS2/libertinust1mathex/m/n' will be
(Font)              scaled to size 12.0pt on input line 6.
LaTeX Font Info:    Font shape `LS1/libertinust1mathbb/m/n' will be
(Font)              scaled to size 12.0pt on input line 6.
LaTeX Font Info:    Font shape `LS1/libertinust1math/b/n' will be
(Font)              scaled to size 12.0pt on input line 6.
LaTeX Font Info:    Font shape `LS1/libertinust1math/b/it' will be
(Font)              scaled to size 12.0pt on input line 6.
 [3



])
\tf@toc=\write6
\openout6 = `main.toc'.

 [4] (main.lof
LaTeX Font Info:    Font shape `T1/LinuxLibertineT-TLF/m/it' will be
(Font)              scaled to size 10.95pt on input line 4.
 [5

]
[6] [7])
\tf@lof=\write7
\openout7 = `main.lof'.

 [8] (main.lot)
\tf@lot=\write8
\openout8 = `main.lot'.

 [9

] [10

])
LaTeX Font Info:    Font shape `T1/LinuxLibertineT-TLF/m/n' will be
(Font)              scaled to size 20.74pt on input line 41.
LaTeX Font Info:    Font shape `T1/LinuxLibertineT-TLF/b/n' will be
(Font)              scaled to size 20.74pt on input line 41.

pdfTeX warning (ext4): destination with the same identifier (name{page.1}) has 
been already used, duplicate ignored
<to be read again> 
                   \relax 
l.41 	\part{Introduction and motivation}
                                        \label{part_1} [1




]
pdfTeX warning (ext4): destination with the same identifier (name{page.2}) has 
been already used, duplicate ignored
<to be read again> 
                   \relax 
l.41 	\part{Introduction and motivation}
                                        \label{part_1} [2]
pdfTeX warning (ext4): destination with the same identifier (name{page.3}) has 
been already used, duplicate ignored
<to be read again> 
                   \relax 
l.51 ...ithelial Layers}\label{epithelial-layers}}
                                                   [3]
pdfTeX warning (ext4): destination with the same identifier (name{page.4}) has 
been already used, duplicate ignored
<to be read again> 
                   \relax 
l.51 ...ithelial Layers}\label{epithelial-layers}}
                                                   [4

]
Chapter 1.
(LaCaN/chap_1/chapter1.tex
LaTeX Font Info:    Font shape `T1/LinuxLibertineT-TLF/b/n' will be
(Font)              scaled to size 14.4pt on input line 4.
<LaCaN/figure/chap1ruysch.png, id=684, 426.8748pt x 292.81395pt>
File: LaCaN/figure/chap1ruysch.png Graphic file (type png)
<use LaCaN/figure/chap1ruysch.png>
Package pdftex.def Info: LaCaN/figure/chap1ruysch.png  used on input line 8.
(pdftex.def)             Requested size: 288.79422pt x 198.11002pt.
LaTeX Font Info:    Font shape `T1/LinuxLibertineT-TLF/m/n' will be
(Font)              scaled to size 10.0pt on input line 10.
LaTeX Font Info:    Font shape `T1/LinuxLibertineT-TLF/b/n' will be
(Font)              scaled to size 10.0pt on input line 10.
LaTeX Font Info:    Font shape `T1/LinuxLibertineT-TLF/m/n' will be
(Font)              scaled to size 8.0pt on input line 14.
LaTeX Font Info:    Font shape `LS1/libertinust1math/m/n' will be
(Font)              scaled to size 9.0pt on input line 15.
LaTeX Font Info:    Font shape `LS1/libertinust1math/m/n' will be
(Font)              scaled to size 5.0pt on input line 15.
LaTeX Font Info:    Font shape `LS1/libertinust1math/m/it' will be
(Font)              scaled to size 9.0pt on input line 15.
LaTeX Font Info:    Font shape `LS1/libertinust1math/m/it' will be
(Font)              scaled to size 5.0pt on input line 15.
LaTeX Font Info:    Font shape `LS2/libertinust1mathsym/m/n' will be
(Font)              scaled to size 9.0pt on input line 15.
LaTeX Font Info:    Font shape `LS2/libertinust1mathsym/m/n' will be
(Font)              scaled to size 5.0pt on input line 15.
LaTeX Font Info:    Font shape `LS2/libertinust1mathex/m/n' will be
(Font)              scaled to size 9.0pt on input line 15.
LaTeX Font Info:    Font shape `LS2/libertinust1mathex/m/n' will be
(Font)              scaled to size 5.0pt on input line 15.
LaTeX Font Info:    Font shape `LS1/libertinust1mathbb/m/n' will be
(Font)              scaled to size 9.0pt on input line 15.
LaTeX Font Info:    Font shape `LS1/libertinust1mathbb/m/n' will be
(Font)              scaled to size 5.0pt on input line 15.
LaTeX Font Info:    Font shape `LS1/libertinust1math/b/n' will be
(Font)              scaled to size 9.0pt on input line 15.
LaTeX Font Info:    Font shape `LS1/libertinust1math/b/n' will be
(Font)              scaled to size 5.0pt on input line 15.
LaTeX Font Info:    Font shape `LS1/libertinust1math/b/it' will be
(Font)              scaled to size 9.0pt on input line 15.
LaTeX Font Info:    Font shape `LS1/libertinust1math/b/it' will be
(Font)              scaled to size 5.0pt on input line 15.
LaTeX Font Info:    Font shape `T1/LinuxLibertineT-TLF/m/n' will be
(Font)              scaled to size 6.0pt on input line 15.
 [5 <./LaCaN/figure/chap1ruysch.png>]
LaTeX Font Info:    Font shape `T1/LinuxLibertineT-TLF/m/it' will be
(Font)              scaled to size 10.0pt on input line 21.
<LaCaN/figure/chap1polarity.png, id=711, 170.91855pt x 196.45395pt>
File: LaCaN/figure/chap1polarity.png Graphic file (type png)
<use LaCaN/figure/chap1polarity.png>
Package pdftex.def Info: LaCaN/figure/chap1polarity.png  used on input line 23.

(pdftex.def)             Requested size: 113.81102pt x 130.8171pt.
 [6 <./LaCaN/figure/chap1polarity.png>]
<LaCaN/figure/chap1_filaments.png, id=747, 382.7901pt x 161.76434pt>
File: LaCaN/figure/chap1_filaments.png Graphic file (type png)
<use LaCaN/figure/chap1_filaments.png>
Package pdftex.def Info: LaCaN/figure/chap1_filaments.png  used on input line 4
4.
(pdftex.def)             Requested size: 412.56497pt x 174.3499pt.
<LaCaN/figure/chap1_cellforces.png, id=764, 544.55444pt x 123.94305pt>
File: LaCaN/figure/chap1_cellforces.png Graphic file (type png)
<use LaCaN/figure/chap1_cellforces.png>
Package pdftex.def Info: LaCaN/figure/chap1_cellforces.png  used on input line 
52.
(pdftex.def)             Requested size: 412.56497pt x 93.90454pt.
 [7 <./LaCaN/figure/chap1_filaments.png>]
<LaCaN/figure/chap1_cell-matrix.png, id=796, 416.9979pt x 122.25674pt>
File: LaCaN/figure/chap1_cell-matrix.png Graphic file (type png)
<use LaCaN/figure/chap1_cell-matrix.png>
Package pdftex.def Info: LaCaN/figure/chap1_cell-matrix.png  used on input line
 72.
(pdftex.def)             Requested size: 412.56497pt x 120.96365pt.
 [8 <./LaCaN/figure/chap1_cellforces.png>] [9 <./LaCaN/figure/chap1_cell-matrix
.png>] [10]
<LaCaN/figure/chap1_forms.png, id=876, 487.0998pt x 114.1866pt>
File: LaCaN/figure/chap1_forms.png Graphic file (type png)
<use LaCaN/figure/chap1_forms.png>
Package pdftex.def Info: LaCaN/figure/chap1_forms.png  used on input line 103.
(pdftex.def)             Requested size: 309.42372pt x 72.53555pt.
)
[11 <./LaCaN/figure/chap1_forms.png>] [12

]
Chapter 2.
(LaCaN/chap_2/chapter2.tex [13]
<LaCaN/figure/chap2shah.png, id=936, 565.99455pt x 287.8755pt>
File: LaCaN/figure/chap2shah.png Graphic file (type png)
<use LaCaN/figure/chap2shah.png>
Package pdftex.def Info: LaCaN/figure/chap2shah.png  used on input line 29.
(pdftex.def)             Requested size: 412.56497pt x 209.84427pt.


LaTeX Warning: `!h' float specifier changed to `!ht'.

[14]
<LaCaN/figure/chap2darcy.png, id=968, 321.96284pt x 182.96355pt>
File: LaCaN/figure/chap2darcy.png Graphic file (type png)
<use LaCaN/figure/chap2darcy.png>
Package pdftex.def Info: LaCaN/figure/chap2darcy.png  used on input line 44.
(pdftex.def)             Requested size: 350.68274pt x 199.29788pt.
 [15 <./LaCaN/figure/chap2shah.png>] [16 <./LaCaN/figure/chap2darcy.png>]
[17]
<LaCaN/figure/chap2mechnobiology.png, id=1096, 544.31355pt x 520.94624pt>
File: LaCaN/figure/chap2mechnobiology.png Graphic file (type png)
<use LaCaN/figure/chap2mechnobiology.png>
Package pdftex.def Info: LaCaN/figure/chap2mechnobiology.png  used on input lin
e 77.
(pdftex.def)             Requested size: 412.56497pt x 394.874pt.


LaTeX Warning: `!h' float specifier changed to `!ht'.

[18] [19 <./LaCaN/figure/chap2mechnobiology.png>] [20] [21]) [22]
Chapter 3.
(LaCaN/chap_3/chapter3.tex
<LaCaN/figure/chap3actinmyosin.png, id=1284, 534.0753pt x 332.442pt>
File: LaCaN/figure/chap3actinmyosin.png Graphic file (type png)
<use LaCaN/figure/chap3actinmyosin.png>
Package pdftex.def Info: LaCaN/figure/chap3actinmyosin.png  used on input line 
11.
(pdftex.def)             Requested size: 412.56497pt x 256.80797pt.
 [23

]
<LaCaN/figure/chap3actinstructures.png, id=1302, 548.89066pt x 371.58826pt>
File: LaCaN/figure/chap3actinstructures.png Graphic file (type png)
<use LaCaN/figure/chap3actinstructures.png>
Package pdftex.def Info: LaCaN/figure/chap3actinstructures.png  used on input l
ine 28.
(pdftex.def)             Requested size: 412.56497pt x 279.30286pt.
 [24 <./LaCaN/figure/chap3actinmyosin.png>]
[25 <./LaCaN/figure/chap3actinstructures.png>]
<LaCaN/figure/chap3realactin.png, id=1336, 597.55244pt x 299.6796pt>
File: LaCaN/figure/chap3realactin.png Graphic file (type png)
<use LaCaN/figure/chap3realactin.png>
Package pdftex.def Info: LaCaN/figure/chap3realactin.png  used on input line 51
.
(pdftex.def)             Requested size: 412.56497pt x 206.91174pt.
LaTeX Font Info:    Font shape `LS1/libertinust1math/m/n' will be
(Font)              scaled to size 10.0pt on input line 53.
LaTeX Font Info:    Font shape `LS1/libertinust1math/m/n' will be
(Font)              scaled to size 7.0pt on input line 53.
LaTeX Font Info:    Font shape `LS1/libertinust1math/m/it' will be
(Font)              scaled to size 10.0pt on input line 53.
LaTeX Font Info:    Font shape `LS1/libertinust1math/m/it' will be
(Font)              scaled to size 7.0pt on input line 53.
LaTeX Font Info:    Font shape `LS2/libertinust1mathsym/m/n' will be
(Font)              scaled to size 10.0pt on input line 53.
LaTeX Font Info:    Font shape `LS2/libertinust1mathsym/m/n' will be
(Font)              scaled to size 7.0pt on input line 53.
LaTeX Font Info:    Font shape `LS2/libertinust1mathex/m/n' will be
(Font)              scaled to size 10.0pt on input line 53.
LaTeX Font Info:    Font shape `LS2/libertinust1mathex/m/n' will be
(Font)              scaled to size 7.0pt on input line 53.
LaTeX Font Info:    Font shape `LS1/libertinust1mathbb/m/n' will be
(Font)              scaled to size 10.0pt on input line 53.
LaTeX Font Info:    Font shape `LS1/libertinust1mathbb/m/n' will be
(Font)              scaled to size 7.0pt on input line 53.
LaTeX Font Info:    Font shape `LS1/libertinust1math/b/n' will be
(Font)              scaled to size 10.0pt on input line 53.
LaTeX Font Info:    Font shape `LS1/libertinust1math/b/n' will be
(Font)              scaled to size 7.0pt on input line 53.
LaTeX Font Info:    Font shape `LS1/libertinust1math/b/it' will be
(Font)              scaled to size 10.0pt on input line 53.
LaTeX Font Info:    Font shape `LS1/libertinust1math/b/it' will be
(Font)              scaled to size 7.0pt on input line 53.
 [26]
<LaCaN/figure/chap3actinsuper.png, id=1414, 560.5743pt x 267.1581pt>
File: LaCaN/figure/chap3actinsuper.png Graphic file (type png)
<use LaCaN/figure/chap3actinsuper.png>
Package pdftex.def Info: LaCaN/figure/chap3actinsuper.png  used on input line 6
5.
(pdftex.def)             Requested size: 412.56497pt x 196.62177pt.
 [27 <./LaCaN/figure/chap3realactin.png>] [28 <./LaCaN/figure/chap3actinsuper.p
ng>]
<LaCaN/figure/chap3timeactin.png, id=1439, 503.11964pt x 386.76495pt>
File: LaCaN/figure/chap3timeactin.png Graphic file (type png)
<use LaCaN/figure/chap3timeactin.png>
Package pdftex.def Info: LaCaN/figure/chap3timeactin.png  used on input line 84
.
(pdftex.def)             Requested size: 412.56497pt x 317.16702pt.
 [29 <./LaCaN/figure/chap3timeactin.png>]
<LaCaN/figure/chap3darcy.png, id=1470, 521.3076pt x 128.03835pt>
File: LaCaN/figure/chap3darcy.png Graphic file (type png)
<use LaCaN/figure/chap3darcy.png>
Package pdftex.def Info: LaCaN/figure/chap3darcy.png  used on input line 109.
(pdftex.def)             Requested size: 412.56497pt x 101.33478pt.
 [30 <./LaCaN/figure/chap3darcy.png>]
<LaCaN/figure/chap3vertex.png, id=1492, 174.8934pt x 196.8153pt>
File: LaCaN/figure/chap3vertex.png Graphic file (type png)
<use LaCaN/figure/chap3vertex.png>
Package pdftex.def Info: LaCaN/figure/chap3vertex.png  used on input line 123.
(pdftex.def)             Requested size: 156.49014pt x 176.10506pt.

Underfull \hbox (badness 10000) in paragraph at lines 123--124

 []

[31 <./LaCaN/figure/chap3vertex.png>] [32]
<LaCaN/figure/chap3elastic.png, id=1560, 395.67825pt x 121.05225pt>
File: LaCaN/figure/chap3elastic.png Graphic file (type png)
<use LaCaN/figure/chap3elastic.png>
Package pdftex.def Info: LaCaN/figure/chap3elastic.png  used on input line 149.

(pdftex.def)             Requested size: 350.68274pt x 107.291pt.
 [33 <./LaCaN/figure/chap3elastic.png>] [34]
<LaCaN/figure/chap3nematic.png, id=1584, 486.49754pt x 138.0357pt>
File: LaCaN/figure/chap3nematic.png Graphic file (type png)
<use LaCaN/figure/chap3nematic.png>
Package pdftex.def Info: LaCaN/figure/chap3nematic.png  used on input line 176.

(pdftex.def)             Requested size: 412.56497pt x 117.06339pt.
 [35 <./LaCaN/figure/chap3nematic.png>]
<LaCaN/figure/chap3activesurface.png, id=1613, 244.5135pt x 204.0423pt>
File: LaCaN/figure/chap3activesurface.png Graphic file (type png)
<use LaCaN/figure/chap3activesurface.png>
Package pdftex.def Info: LaCaN/figure/chap3activesurface.png  used on input lin
e 190.
(pdftex.def)             Requested size: 199.16928pt x 166.21048pt.

Underfull \hbox (badness 10000) in paragraph at lines 190--191

 []

) [36 <./LaCaN/figure/chap3activesurface.png>]
Chapter 4.
(LaCaN/chap_4/chapter4.tex
<LaCaN/figure/chap4building.png, id=1628, 504.4446pt x 241.98405pt>
File: LaCaN/figure/chap4building.png Graphic file (type png)
<use LaCaN/figure/chap4building.png>
Package pdftex.def Info: LaCaN/figure/chap4building.png  used on input line 13.

(pdftex.def)             Requested size: 412.56497pt x 197.91125pt.
 [37

] [38 <./LaCaN/figure/chap4building.png>]
<LaCaN/figure/chap4scaffold.png, id=1668, 518.6577pt x 279.56445pt>
File: LaCaN/figure/chap4scaffold.png Graphic file (type png)
<use LaCaN/figure/chap4scaffold.png>
Package pdftex.def Info: LaCaN/figure/chap4scaffold.png  used on input line 49.

(pdftex.def)             Requested size: 412.56497pt x 222.37637pt.

[39] [40 <./LaCaN/figure/chap4scaffold.png>]
<LaCaN/figure/chap4biochem.png, id=1734, 582.85754pt x 307.26794pt>
File: LaCaN/figure/chap4biochem.png Graphic file (type png)
<use LaCaN/figure/chap4biochem.png>
Package pdftex.def Info: LaCaN/figure/chap4biochem.png  used on input line 68.
(pdftex.def)             Requested size: 412.56497pt x 217.49599pt.
<LaCaN/figure/chap4rayleigh.png, id=1755, 558.76755pt x 144.90135pt>
File: LaCaN/figure/chap4rayleigh.png Graphic file (type png)
<use LaCaN/figure/chap4rayleigh.png>
Package pdftex.def Info: LaCaN/figure/chap4rayleigh.png  used on input line 78.

(pdftex.def)             Requested size: 412.56497pt x 106.98872pt.
 [41 <./LaCaN/figure/chap4biochem.png>] [42 <./LaCaN/figure/chap4rayleigh.png>]
<LaCaN/figure/chap4instabilites.png, id=1806, 577.79865pt x 361.1091pt>
File: LaCaN/figure/chap4instabilites.png Graphic file (type png)
<use LaCaN/figure/chap4instabilites.png>
Package pdftex.def Info: LaCaN/figure/chap4instabilites.png  used on input line
 97.
(pdftex.def)             Requested size: 330.05322pt x 206.27513pt.
 [43 <./LaCaN/figure/chap4instabilites.png>]
<LaCaN/figure/chap4buckling.png, id=1835, 586.3506pt x 297.63194pt>
File: LaCaN/figure/chap4buckling.png Graphic file (type png)
<use LaCaN/figure/chap4buckling.png>
Package pdftex.def Info: LaCaN/figure/chap4buckling.png  used on input line 117
.
(pdftex.def)             Requested size: 412.56497pt x 209.41727pt.
 [44]
<LaCaN/figure/chap4hydraulics.png, id=1888, 521.18715pt x 423.5022pt>
File: LaCaN/figure/chap4hydraulics.png Graphic file (type png)
<use LaCaN/figure/chap4hydraulics.png>
Package pdftex.def Info: LaCaN/figure/chap4hydraulics.png  used on input line 1
35.
(pdftex.def)             Requested size: 412.56497pt x 335.2545pt.
 [45 <./LaCaN/figure/chap4buckling.png>] [46 <./LaCaN/figure/chap4hydraulics.pn
g>]
<LaCaN/figure/chap4domes.png, id=1950, 559.8516pt x 521.7894pt>
File: LaCaN/figure/chap4domes.png Graphic file (type png)
<use LaCaN/figure/chap4domes.png>
Package pdftex.def Info: LaCaN/figure/chap4domes.png  used on input line 154.
(pdftex.def)             Requested size: 412.56497pt x 384.51778pt.
 [47] [48 <./LaCaN/figure/chap4domes.png>]
<LaCaN/figure/chap4pressure.png, id=2008, 543.2295pt x 221.50755pt>
File: LaCaN/figure/chap4pressure.png Graphic file (type png)
<use LaCaN/figure/chap4pressure.png>
Package pdftex.def Info: LaCaN/figure/chap4pressure.png  used on input line 171
.
(pdftex.def)             Requested size: 412.56497pt x 168.22919pt.
 [49 <./LaCaN/figure/chap4pressure.png>]) [50] [51

] [52]
Appendix A.
(LaCaN/append_A/append_A.tex [53

] [54] [55] [56]) [57] [58

] (main.bbl [59

]
[60] [61] [62] [63]
Underfull \hbox (badness 1038) in paragraph at lines 1139--1145
[]\T1/LinuxLibertineT-TLF/m/n/10.95 (+20) C. Hal-ley. Pub-lic Dis-sec-tion Was 
a Grue-some Spec-ta-cle. https://daily.jstor.org/public-
 []

[64] [65]
LaTeX Font Info:    Trying to load font information for TS1+LinuxLibertineT-TLF
 on input line 1379.

(C:\Users\NChahare\AppData\Roaming\MiKTeX\tex/latex/libertine\ts1linuxlibertine
t-tlf.fd
File: TS1LinuxLibertineT-TLF.fd 2017/03/20 (autoinst) Font definitions for TS1/
LinuxLibertineT-TLF.
)
LaTeX Font Info:    Font shape `TS1/LinuxLibertineT-TLF/m/n' will be
(Font)              scaled to size 10.95pt on input line 1379.
Package microtype Info: Loading generic protrusion settings for font family
(microtype)             `LinuxLibertineT-TLF' (encoding: TS1).
(microtype)             For optimal results, create family-specific settings.
(microtype)             See the microtype manual for details.
 [66] [67] [68] [69] [70] [71] [72] [73] [74] [75]) [76] (main.aux
(LaCaN/0000-Preliminary/0001-Cover.aux)
(LaCaN/0000-Preliminary/0002-TitlePage.aux)
(LaCaN/0000-Preliminary/0003-InitialCite.aux)
(LaCaN/0000-Preliminary/0004-Abstract.aux)
(LaCaN/0000-Preliminary/0006-Contents.aux))
Package rerunfilecheck Info: File `main.out' has not changed.
(rerunfilecheck)             Checksum: 438256041E37442E6B4F48EB7D3F0CA5;9299.
 ) 
Here is how much of TeX's memory you used:
 44672 strings out of 476374
 896100 string characters out of 5798660
 1880340 words of memory out of 5000000
 63066 multiletter control sequences out of 15000+600000
 720219 words of font info for 582 fonts, out of 8000000 for 9000
 1141 hyphenation exceptions out of 8191
 119i,12n,134p,1656b,1530s stack positions out of 10000i,1000n,20000p,200000b,200000s
{C:/Users/NChahare/AppData/Roaming/MiKTeX/fonts/enc/dvips/libertine/lbtn_naoo
yc.enc}{C:/Users/NChahare/AppData/Roaming/MiKTeX/fonts/enc/dvips/libertinust1ma
th/libusEX.enc}{C:/Users/NChahare/AppData/Roaming/MiKTeX/fonts/enc/dvips/libert
inust1math/libusMI.enc}{C:/Users/NChahare/AppData/Roaming/MiKTeX/fonts/enc/dvip
s/libertinust1math/libusMR.enc}{C:/Users/NChahare/AppData/Roaming/MiKTeX/fonts/
enc/dvips/libertine/lbtn_nh77jq.enc}{C:/Users/NChahare/AppData/Roaming/MiKTeX/f
onts/enc/dvips/libertine/lbtn_7grukw.enc}{C:/Users/NChahare/AppData/Roaming/MiK
TeX/fonts/enc/dvips/libertine/lbtn_76gpa5.enc}{C:/Users/NChahare/AppData/Roamin
g/MiKTeX/fonts/enc/dvips/libertine/lbtn_ncsllp.enc}<C:/Users/NChahare/AppData/R
oaming/MiKTeX/fonts/type1/public/libertinust1math/LibertinusT1Math.pfb><C:/User
s/NChahare/AppData/Roaming/MiKTeX/fonts/type1/public/libertine/LinLibertineT.pf
b><C:/Users/NChahare/AppData/Roaming/MiKTeX/fonts/type1/public/libertine/LinLib
ertineTB.pfb><C:/Users/NChahare/AppData/Roaming/MiKTeX/fonts/type1/public/liber
tine/LinLibertineTI.pfb>
Output written on main.pdf (90 pages, 97580466 bytes).
PDF statistics:
 2581 PDF objects out of 2984 (max. 8388607)
 428 named destinations out of 1000 (max. 500000)
 88648 words of extra memory for PDF output out of 89155 (max. 10000000)

